<?xml version="1.0" encoding="UTF-8"?>
<testsuite xmlns:xsi="http://www.w3.org/2001/XMLSchema-instance" xsi:noNamespaceSchemaLocation="https://maven.apache.org/surefire/maven-surefire-plugin/xsd/surefire-test-report.xsd" name="karate.ApiTest" time="6.898" tests="1" errors="0" skipped="0" failures="1">
  <properties>
    <property name="java.specification.version" value="17"/>
    <property name="sun.cpu.isalist" value="amd64"/>
    <property name="sun.jnu.encoding" value="Cp1252"/>
    <property name="java.class.path" value="C:\w\git\www\_groot\mat-api\src\test\java\functional-tests\target\test-classes;C:\w\git\www\_groot\mat-api\src\test\java\functional-tests\target\classes;C:\Users\thoma\.m2\repository\com\intuit\karate\karate-junit5\1.1.0\karate-junit5-1.1.0.jar;C:\Users\thoma\.m2\repository\com\intuit\karate\karate-core\1.1.0\karate-core-1.1.0.jar;C:\Users\thoma\.m2\repository\org\graalvm\js\js-scriptengine\21.2.0\js-scriptengine-21.2.0.jar;C:\Users\thoma\.m2\repository\org\graalvm\sdk\graal-sdk\21.2.0\graal-sdk-21.2.0.jar;C:\Users\thoma\.m2\repository\org\graalvm\js\js\21.2.0\js-21.2.0.jar;C:\Users\thoma\.m2\repository\org\graalvm\regex\regex\21.2.0\regex-21.2.0.jar;C:\Users\thoma\.m2\repository\org\graalvm\truffle\truffle-api\21.2.0\truffle-api-21.2.0.jar;C:\Users\thoma\.m2\repository\com\ibm\icu\icu4j\69.1\icu4j-69.1.jar;C:\Users\thoma\.m2\repository\ch\qos\logback\logback-classic\1.2.3\logback-classic-1.2.3.jar;C:\Users\thoma\.m2\repository\ch\qos\logback\logback-core\1.2.3\logback-core-1.2.3.jar;C:\Users\thoma\.m2\repository\org\slf4j\jcl-over-slf4j\1.7.25\jcl-over-slf4j-1.7.25.jar;C:\Users\thoma\.m2\repository\com\jayway\jsonpath\json-path\2.6.0\json-path-2.6.0.jar;C:\Users\thoma\.m2\repository\net\minidev\json-smart\2.4.7\json-smart-2.4.7.jar;C:\Users\thoma\.m2\repository\net\minidev\accessors-smart\2.4.7\accessors-smart-2.4.7.jar;C:\Users\thoma\.m2\repository\org\ow2\asm\asm\9.1\asm-9.1.jar;C:\Users\thoma\.m2\repository\info\cukes\cucumber-java\1.2.5\cucumber-java-1.2.5.jar;C:\Users\thoma\.m2\repository\info\cukes\cucumber-core\1.2.5\cucumber-core-1.2.5.jar;C:\Users\thoma\.m2\repository\org\yaml\snakeyaml\1.29\snakeyaml-1.29.jar;C:\Users\thoma\.m2\repository\de\siegmar\fastcsv\2.0.0\fastcsv-2.0.0.jar;C:\Users\thoma\.m2\repository\info\picocli\picocli\4.6.1\picocli-4.6.1.jar;C:\Users\thoma\.m2\repository\org\junit\jupiter\junit-jupiter-api\5.7.2\junit-jupiter-api-5.7.2.jar;C:\Users\thoma\.m2\repository\org\apiguardian\apiguardian-api\1.1.0\apiguardian-api-1.1.0.jar;C:\Users\thoma\.m2\repository\org\opentest4j\opentest4j\1.2.0\opentest4j-1.2.0.jar;C:\Users\thoma\.m2\repository\org\junit\platform\junit-platform-commons\1.7.2\junit-platform-commons-1.7.2.jar;C:\Users\thoma\.m2\repository\org\junit\jupiter\junit-jupiter-engine\5.7.2\junit-jupiter-engine-5.7.2.jar;C:\Users\thoma\.m2\repository\org\junit\platform\junit-platform-engine\1.7.2\junit-platform-engine-1.7.2.jar;C:\Users\thoma\.m2\repository\com\github\javafaker\javafaker\1.0.2\javafaker-1.0.2.jar;C:\Users\thoma\.m2\repository\org\apache\commons\commons-lang3\3.5\commons-lang3-3.5.jar;C:\Users\thoma\.m2\repository\org\yaml\snakeyaml\1.23\snakeyaml-1.23-android.jar;C:\Users\thoma\.m2\repository\com\github\mifmif\generex\1.0.2\generex-1.0.2.jar;C:\Users\thoma\.m2\repository\dk\brics\automaton\automaton\1.11-8\automaton-1.11-8.jar;C:\Users\thoma\.m2\repository\net\masterthought\cucumber-reporting\5.4.0\cucumber-reporting-5.4.0.jar;C:\Users\thoma\.m2\repository\com\fasterxml\jackson\datatype\jackson-datatype-jsr310\2.10.1\jackson-datatype-jsr310-2.10.1.jar;C:\Users\thoma\.m2\repository\org\apache\velocity\velocity-engine-core\2.1\velocity-engine-core-2.1.jar;C:\Users\thoma\.m2\repository\commons-collections\commons-collections\3.2.2\commons-collections-3.2.2.jar;C:\Users\thoma\.m2\repository\joda-time\joda-time\2.10.5\joda-time-2.10.5.jar;C:\Users\thoma\.m2\repository\commons-io\commons-io\2.6\commons-io-2.6.jar;C:\Users\thoma\.m2\repository\org\codehaus\plexus\plexus-utils\3.3.0\plexus-utils-3.3.0.jar;C:\Users\thoma\.m2\repository\org\jsoup\jsoup\1.12.1\jsoup-1.12.1.jar;C:\Users\thoma\.m2\repository\com\googlecode\owasp-java-html-sanitizer\owasp-java-html-sanitizer\20191001.1\owasp-java-html-sanitizer-20191001.1.jar;C:\Users\thoma\.m2\repository\commons-configuration\commons-configuration\1.10\commons-configuration-1.10.jar;C:\Users\thoma\.m2\repository\commons-lang\commons-lang\2.6\commons-lang-2.6.jar;C:\Users\thoma\.m2\repository\commons-logging\commons-logging\1.1.1\commons-logging-1.1.1.jar;C:\Users\thoma\.m2\repository\org\mock-server\mockserver-netty\5.11.1\mockserver-netty-5.11.1.jar;C:\Users\thoma\.m2\repository\org\mock-server\mockserver-client-java\5.11.1\mockserver-client-java-5.11.1.jar;C:\Users\thoma\.m2\repository\org\mock-server\mockserver-core\5.11.1\mockserver-core-5.11.1.jar;C:\Users\thoma\.m2\repository\com\lmax\disruptor\3.4.2\disruptor-3.4.2.jar;C:\Users\thoma\.m2\repository\javax\servlet\javax.servlet-api\4.0.1\javax.servlet-api-4.0.1.jar;C:\Users\thoma\.m2\repository\io\netty\netty-codec-socks\4.1.50.Final\netty-codec-socks-4.1.50.Final.jar;C:\Users\thoma\.m2\repository\io\netty\netty-handler-proxy\4.1.50.Final\netty-handler-proxy-4.1.50.Final.jar;C:\Users\thoma\.m2\repository\com\jcraft\jzlib\1.1.3\jzlib-1.1.3.jar;C:\Users\thoma\.m2\repository\com\fasterxml\uuid\java-uuid-generator\4.0\java-uuid-generator-4.0.jar;C:\Users\thoma\.m2\repository\org\apache\velocity\velocity-engine-scripting\2.2\velocity-engine-scripting-2.2.jar;C:\Users\thoma\.m2\repository\net\javacrumbs\json-unit\json-unit-core\2.14.0\json-unit-core-2.14.0.jar;C:\Users\thoma\.m2\repository\org\hamcrest\hamcrest-core\2.1\hamcrest-core-2.1.jar;C:\Users\thoma\.m2\repository\org\hamcrest\hamcrest\2.1\hamcrest-2.1.jar;C:\Users\thoma\.m2\repository\com\github\java-json-tools\json-schema-validator\2.2.14\json-schema-validator-2.2.14.jar;C:\Users\thoma\.m2\repository\com\github\java-json-tools\jackson-coreutils-equivalence\1.0\jackson-coreutils-equivalence-1.0.jar;C:\Users\thoma\.m2\repository\com\github\java-json-tools\jackson-coreutils\2.0\jackson-coreutils-2.0.jar;C:\Users\thoma\.m2\repository\com\github\java-json-tools\msg-simple\1.2\msg-simple-1.2.jar;C:\Users\thoma\.m2\repository\com\github\java-json-tools\btf\1.3\btf-1.3.jar;C:\Users\thoma\.m2\repository\com\github\java-json-tools\json-schema-core\1.2.14\json-schema-core-1.2.14.jar;C:\Users\thoma\.m2\repository\com\github\java-json-tools\uri-template\0.10\uri-template-0.10.jar;C:\Users\thoma\.m2\repository\org\mozilla\rhino\1.7.7.2\rhino-1.7.7.2.jar;C:\Users\thoma\.m2\repository\com\sun\mail\mailapi\1.6.2\mailapi-1.6.2.jar;C:\Users\thoma\.m2\repository\com\googlecode\libphonenumber\libphonenumber\8.11.1\libphonenumber-8.11.1.jar;C:\Users\thoma\.m2\repository\net\sf\jopt-simple\jopt-simple\5.0.4\jopt-simple-5.0.4.jar;C:\Users\thoma\.m2\repository\io\swagger\parser\v3\swagger-parser\2.0.20\swagger-parser-2.0.20.jar;C:\Users\thoma\.m2\repository\io\swagger\parser\v3\swagger-parser-v2-converter\2.0.20\swagger-parser-v2-converter-2.0.20.jar;C:\Users\thoma\.m2\repository\io\swagger\swagger-core\1.6.1\swagger-core-1.6.1.jar;C:\Users\thoma\.m2\repository\io\swagger\swagger-models\1.6.1\swagger-models-1.6.1.jar;C:\Users\thoma\.m2\repository\io\swagger\swagger-annotations\1.6.1\swagger-annotations-1.6.1.jar;C:\Users\thoma\.m2\repository\javax\validation\validation-api\1.1.0.Final\validation-api-1.1.0.Final.jar;C:\Users\thoma\.m2\repository\io\swagger\swagger-parser\1.0.51\swagger-parser-1.0.51.jar;C:\Users\thoma\.m2\repository\io\swagger\swagger-compat-spec-parser\1.0.51\swagger-compat-spec-parser-1.0.51.jar;C:\Users\thoma\.m2\repository\org\apache\httpcomponents\httpclient\4.5.2\httpclient-4.5.2.jar;C:\Users\thoma\.m2\repository\org\apache\httpcomponents\httpcore\4.4.4\httpcore-4.4.4.jar;C:\Users\thoma\.m2\repository\io\swagger\core\v3\swagger-models\2.1.2\swagger-models-2.1.2.jar;C:\Users\thoma\.m2\repository\io\swagger\parser\v3\swagger-parser-core\2.0.20\swagger-parser-core-2.0.20.jar;C:\Users\thoma\.m2\repository\io\swagger\parser\v3\swagger-parser-v3\2.0.20\swagger-parser-v3-2.0.20.jar;C:\Users\thoma\.m2\repository\io\swagger\core\v3\swagger-core\2.1.2\swagger-core-2.1.2.jar;C:\Users\thoma\.m2\repository\jakarta\xml\bind\jakarta.xml.bind-api\2.3.2\jakarta.xml.bind-api-2.3.2.jar;C:\Users\thoma\.m2\repository\jakarta\activation\jakarta.activation-api\1.2.1\jakarta.activation-api-1.2.1.jar;C:\Users\thoma\.m2\repository\io\swagger\core\v3\swagger-annotations\2.1.2\swagger-annotations-2.1.2.jar;C:\Users\thoma\.m2\repository\jakarta\validation\jakarta.validation-api\2.0.2\jakarta.validation-api-2.0.2.jar;C:\Users\thoma\.m2\repository\com\fasterxml\jackson\dataformat\jackson-dataformat-yaml\2.10.2\jackson-dataformat-yaml-2.10.2.jar;C:\Users\thoma\.m2\repository\org\slf4j\slf4j-ext\1.7.30\slf4j-ext-1.7.30.jar;C:\Users\thoma\.m2\repository\javax\xml\bind\jaxb-api\2.4.0-b180830.0359\jaxb-api-2.4.0-b180830.0359.jar;C:\Users\thoma\.m2\repository\javax\activation\javax.activation-api\1.2.0\javax.activation-api-1.2.0.jar;C:\Users\thoma\.m2\repository\org\xmlunit\xmlunit-core\2.7.0\xmlunit-core-2.7.0.jar;C:\Users\thoma\.m2\repository\org\xmlunit\xmlunit-placeholders\2.7.0\xmlunit-placeholders-2.7.0.jar;C:\Users\thoma\.m2\repository\org\apache\commons\commons-text\1.8\commons-text-1.8.jar;C:\Users\thoma\.m2\repository\commons-codec\commons-codec\1.14\commons-codec-1.14.jar;C:\Users\thoma\.m2\repository\io\netty\netty-buffer\4.1.50.Final\netty-buffer-4.1.50.Final.jar;C:\Users\thoma\.m2\repository\io\netty\netty-codec\4.1.50.Final\netty-codec-4.1.50.Final.jar;C:\Users\thoma\.m2\repository\io\netty\netty-codec-http\4.1.50.Final\netty-codec-http-4.1.50.Final.jar;C:\Users\thoma\.m2\repository\io\netty\netty-common\4.1.50.Final\netty-common-4.1.50.Final.jar;C:\Users\thoma\.m2\repository\io\netty\netty-handler\4.1.50.Final\netty-handler-4.1.50.Final.jar;C:\Users\thoma\.m2\repository\io\netty\netty-resolver\4.1.50.Final\netty-resolver-4.1.50.Final.jar;C:\Users\thoma\.m2\repository\io\netty\netty-transport\4.1.50.Final\netty-transport-4.1.50.Final.jar;C:\Users\thoma\.m2\repository\com\google\guava\guava\28.2-android\guava-28.2-android.jar;C:\Users\thoma\.m2\repository\com\google\guava\failureaccess\1.0.1\failureaccess-1.0.1.jar;C:\Users\thoma\.m2\repository\com\google\guava\listenablefuture\9999.0-empty-to-avoid-conflict-with-guava\listenablefuture-9999.0-empty-to-avoid-conflict-with-guava.jar;C:\Users\thoma\.m2\repository\com\google\code\findbugs\jsr305\3.0.2\jsr305-3.0.2.jar;C:\Users\thoma\.m2\repository\org\checkerframework\checker-compat-qual\2.5.5\checker-compat-qual-2.5.5.jar;C:\Users\thoma\.m2\repository\com\google\errorprone\error_prone_annotations\2.3.4\error_prone_annotations-2.3.4.jar;C:\Users\thoma\.m2\repository\com\google\j2objc\j2objc-annotations\1.3\j2objc-annotations-1.3.jar;C:\Users\thoma\.m2\repository\com\intuit\karate\karate-gatling\1.1.0\karate-gatling-1.1.0.jar;C:\Users\thoma\.m2\repository\io\gatling\highcharts\gatling-charts-highcharts\3.6.0\gatling-charts-highcharts-3.6.0.jar;C:\Users\thoma\.m2\repository\org\scala-lang\scala-library\2.13.6\scala-library-2.13.6.jar;C:\Users\thoma\.m2\repository\io\gatling\gatling-app\3.6.0\gatling-app-3.6.0.jar;C:\Users\thoma\.m2\repository\io\gatling\gatling-core\3.6.0\gatling-core-3.6.0.jar;C:\Users\thoma\.m2\repository\io\gatling\gatling-commons\3.6.0\gatling-commons-3.6.0.jar;C:\Users\thoma\.m2\repository\io\gatling\gatling-commons-shared\3.6.0\gatling-commons-shared-3.6.0.jar;C:\Users\thoma\.m2\repository\org\scala-lang\scala-reflect\2.13.6\scala-reflect-2.13.6.jar;C:\Users\thoma\.m2\repository\io\suzaku\boopickle_2.13\1.3.3\boopickle_2.13-1.3.3.jar;C:\Users\thoma\.m2\repository\io\gatling\gatling-commons-shared-unstable\3.6.0\gatling-commons-shared-unstable-3.6.0.jar;C:\Users\thoma\.m2\repository\org\typelevel\spire-macros_2.13\0.17.0\spire-macros_2.13-0.17.0.jar;C:\Users\thoma\.m2\repository\com\typesafe\scala-logging\scala-logging_2.13\3.9.3\scala-logging_2.13-3.9.3.jar;C:\Users\thoma\.m2\repository\io\gatling\gatling-jsonpath\3.6.0\gatling-jsonpath-3.6.0.jar;C:\Users\thoma\.m2\repository\com\typesafe\akka\akka-slf4j_2.13\2.6.14\akka-slf4j_2.13-2.6.14.jar;C:\Users\thoma\.m2\repository\org\simpleflatmapper\lightning-csv\8.2.3\lightning-csv-8.2.3.jar;C:\Users\thoma\.m2\repository\org\simpleflatmapper\sfm-util\8.2.3\sfm-util-8.2.3.jar;C:\Users\thoma\.m2\repository\com\github\ben-manes\caffeine\caffeine\2.9.1\caffeine-2.9.1.jar;C:\Users\thoma\.m2\repository\org\checkerframework\checker-qual\3.10.0\checker-qual-3.10.0.jar;C:\Users\thoma\.m2\repository\io\pebbletemplates\pebble\3.1.5\pebble-3.1.5.jar;C:\Users\thoma\.m2\repository\org\unbescape\unbescape\1.1.6.RELEASE\unbescape-1.1.6.RELEASE.jar;C:\Users\thoma\.m2\repository\org\scala-lang\modules\scala-parser-combinators_2.13\2.0.0\scala-parser-combinators_2.13-2.0.0.jar;C:\Users\thoma\.m2\repository\com\github\scopt\scopt_2.13\3.7.1\scopt_2.13-3.7.1.jar;C:\Users\thoma\.m2\repository\com\softwaremill\quicklens\quicklens_2.13\1.7.2\quicklens_2.13-1.7.2.jar;C:\Users\thoma\.m2\repository\net\sf\saxon\Saxon-HE\10.5\Saxon-HE-10.5.jar;C:\Users\thoma\.m2\repository\org\jodd\jodd-lagarto\6.0.5\jodd-lagarto-6.0.5.jar;C:\Users\thoma\.m2\repository\org\jodd\jodd-util\6.0.1\jodd-util-6.0.1.jar;C:\Users\thoma\.m2\repository\io\burt\jmespath-jackson\0.5.0\jmespath-jackson-0.5.0.jar;C:\Users\thoma\.m2\repository\io\burt\jmespath-core\0.5.0\jmespath-core-0.5.0.jar;C:\Users\thoma\.m2\repository\io\gatling\gatling-http\3.6.0\gatling-http-3.6.0.jar;C:\Users\thoma\.m2\repository\io\gatling\gatling-http-client\3.6.0\gatling-http-client-3.6.0.jar;C:\Users\thoma\.m2\repository\io\gatling\gatling-netty-util\3.6.0\gatling-netty-util-3.6.0.jar;C:\Users\thoma\.m2\repository\io\netty\netty-resolver-dns\4.1.64.Final\netty-resolver-dns-4.1.64.Final.jar;C:\Users\thoma\.m2\repository\io\netty\netty-codec-dns\4.1.64.Final\netty-codec-dns-4.1.64.Final.jar;C:\Users\thoma\.m2\repository\io\netty\netty-transport-native-epoll\4.1.64.Final\netty-transport-native-epoll-4.1.64.Final-linux-x86_64.jar;C:\Users\thoma\.m2\repository\io\netty\netty-transport-native-unix-common\4.1.64.Final\netty-transport-native-unix-common-4.1.64.Final.jar;C:\Users\thoma\.m2\repository\io\netty\netty-codec-http2\4.1.64.Final\netty-codec-http2-4.1.64.Final.jar;C:\Users\thoma\.m2\repository\io\netty\netty-tcnative-boringssl-static\2.0.39.Final\netty-tcnative-boringssl-static-2.0.39.Final.jar;C:\Users\thoma\.m2\repository\com\aayushatharva\brotli4j\brotli4j\1.4.2\brotli4j-1.4.2.jar;C:\Users\thoma\.m2\repository\com\aayushatharva\brotli4j\native-linux-x86_64\1.4.2\native-linux-x86_64-1.4.2.jar;C:\Users\thoma\.m2\repository\com\aayushatharva\brotli4j\native-linux-aarch64\1.4.2\native-linux-aarch64-1.4.2.jar;C:\Users\thoma\.m2\repository\com\aayushatharva\brotli4j\native-osx-x86_64\1.4.2\native-osx-x86_64-1.4.2.jar;C:\Users\thoma\.m2\repository\com\aayushatharva\brotli4j\native-windows-x86_64\1.4.2\native-windows-x86_64-1.4.2.jar;C:\Users\thoma\.m2\repository\io\gatling\gatling-jms\3.6.0\gatling-jms-3.6.0.jar;C:\Users\thoma\.m2\repository\javax\jms\javax.jms-api\2.0.1\javax.jms-api-2.0.1.jar;C:\Users\thoma\.m2\repository\com\eatthepath\fast-uuid\0.1\fast-uuid-0.1.jar;C:\Users\thoma\.m2\repository\io\gatling\gatling-jdbc\3.6.0\gatling-jdbc-3.6.0.jar;C:\Users\thoma\.m2\repository\io\gatling\gatling-redis\3.6.0\gatling-redis-3.6.0.jar;C:\Users\thoma\.m2\repository\net\debasishg\redisclient_2.13\3.30\redisclient_2.13-3.30.jar;C:\Users\thoma\.m2\repository\org\apache\commons\commons-pool2\2.8.0\commons-pool2-2.8.0.jar;C:\Users\thoma\.m2\repository\io\gatling\gatling-graphite\3.6.0\gatling-graphite-3.6.0.jar;C:\Users\thoma\.m2\repository\org\hdrhistogram\HdrHistogram\2.1.12\HdrHistogram-2.1.12.jar;C:\Users\thoma\.m2\repository\io\gatling\gatling-charts\3.6.0\gatling-charts-3.6.0.jar;C:\Users\thoma\.m2\repository\com\tdunning\t-digest\3.1\t-digest-3.1.jar;C:\Users\thoma\.m2\repository\io\gatling\gatling-recorder\3.6.0\gatling-recorder-3.6.0.jar;C:\Users\thoma\.m2\repository\org\scala-lang\modules\scala-swing_2.13\3.0.0\scala-swing_2.13-3.0.0.jar;C:\Users\thoma\.m2\repository\org\bouncycastle\bcpkix-jdk15on\1.68\bcpkix-jdk15on-1.68.jar;C:\Users\thoma\.m2\repository\org\bouncycastle\bcprov-jdk15on\1.68\bcprov-jdk15on-1.68.jar;C:\Users\thoma\.m2\repository\com\typesafe\akka\akka-actor_2.13\2.6.14\akka-actor_2.13-2.6.14.jar;C:\Users\thoma\.m2\repository\com\typesafe\config\1.4.0\config-1.4.0.jar;C:\Users\thoma\.m2\repository\org\scala-lang\modules\scala-java8-compat_2.13\0.9.0\scala-java8-compat_2.13-0.9.0.jar;C:\Users\thoma\.m2\repository\com\fasterxml\jackson\core\jackson-databind\2.8.8\jackson-databind-2.8.8.jar;C:\Users\thoma\.m2\repository\com\fasterxml\jackson\core\jackson-annotations\2.8.0\jackson-annotations-2.8.0.jar;C:\Users\thoma\.m2\repository\com\fasterxml\jackson\core\jackson-core\2.8.8\jackson-core-2.8.8.jar;C:\Users\thoma\.m2\repository\org\slf4j\slf4j-api\1.7.25\slf4j-api-1.7.25.jar;C:\Users\thoma\.m2\repository\org\mongodb\mongo-java-driver\3.6.3\mongo-java-driver-3.6.3.jar;C:\Users\thoma\.m2\repository\com\microsoft\sqlserver\mssql-jdbc\8.4.1.jre11\mssql-jdbc-8.4.1.jre11.jar;"/>
    <property name="java.vm.vendor" value="Oracle Corporation"/>
    <property name="sun.arch.data.model" value="64"/>
    <property name="user.variant" value=""/>
    <property name="java.vendor.url" value="https://java.oracle.com/"/>
    <property name="user.timezone" value="America/New_York"/>
    <property name="os.name" value="Windows 11"/>
    <property name="java.vm.specification.version" value="17"/>
    <property name="sun.java.launcher" value="SUN_STANDARD"/>
    <property name="user.country" value="US"/>
    <property name="sun.boot.library.path" value="C:\Program Files\Java\jdk-17\bin"/>
    <property name="sun.java.command" value="C:\Users\thoma\AppData\Local\Temp\surefire15554852502252546040\surefirebooter10606946828120572000.jar C:\Users\thoma\AppData\Local\Temp\surefire15554852502252546040 2023-12-08T21-14-51_057-jvmRun1 surefire6994123368029570334tmp surefire_018332101919337715049tmp"/>
    <property name="jdk.debug" value="release"/>
    <property name="surefire.test.class.path" value="C:\w\git\www\_groot\mat-api\src\test\java\functional-tests\target\test-classes;C:\w\git\www\_groot\mat-api\src\test\java\functional-tests\target\classes;C:\Users\thoma\.m2\repository\com\intuit\karate\karate-junit5\1.1.0\karate-junit5-1.1.0.jar;C:\Users\thoma\.m2\repository\com\intuit\karate\karate-core\1.1.0\karate-core-1.1.0.jar;C:\Users\thoma\.m2\repository\org\graalvm\js\js-scriptengine\21.2.0\js-scriptengine-21.2.0.jar;C:\Users\thoma\.m2\repository\org\graalvm\sdk\graal-sdk\21.2.0\graal-sdk-21.2.0.jar;C:\Users\thoma\.m2\repository\org\graalvm\js\js\21.2.0\js-21.2.0.jar;C:\Users\thoma\.m2\repository\org\graalvm\regex\regex\21.2.0\regex-21.2.0.jar;C:\Users\thoma\.m2\repository\org\graalvm\truffle\truffle-api\21.2.0\truffle-api-21.2.0.jar;C:\Users\thoma\.m2\repository\com\ibm\icu\icu4j\69.1\icu4j-69.1.jar;C:\Users\thoma\.m2\repository\ch\qos\logback\logback-classic\1.2.3\logback-classic-1.2.3.jar;C:\Users\thoma\.m2\repository\ch\qos\logback\logback-core\1.2.3\logback-core-1.2.3.jar;C:\Users\thoma\.m2\repository\org\slf4j\jcl-over-slf4j\1.7.25\jcl-over-slf4j-1.7.25.jar;C:\Users\thoma\.m2\repository\com\jayway\jsonpath\json-path\2.6.0\json-path-2.6.0.jar;C:\Users\thoma\.m2\repository\net\minidev\json-smart\2.4.7\json-smart-2.4.7.jar;C:\Users\thoma\.m2\repository\net\minidev\accessors-smart\2.4.7\accessors-smart-2.4.7.jar;C:\Users\thoma\.m2\repository\org\ow2\asm\asm\9.1\asm-9.1.jar;C:\Users\thoma\.m2\repository\info\cukes\cucumber-java\1.2.5\cucumber-java-1.2.5.jar;C:\Users\thoma\.m2\repository\info\cukes\cucumber-core\1.2.5\cucumber-core-1.2.5.jar;C:\Users\thoma\.m2\repository\org\yaml\snakeyaml\1.29\snakeyaml-1.29.jar;C:\Users\thoma\.m2\repository\de\siegmar\fastcsv\2.0.0\fastcsv-2.0.0.jar;C:\Users\thoma\.m2\repository\info\picocli\picocli\4.6.1\picocli-4.6.1.jar;C:\Users\thoma\.m2\repository\org\junit\jupiter\junit-jupiter-api\5.7.2\junit-jupiter-api-5.7.2.jar;C:\Users\thoma\.m2\repository\org\apiguardian\apiguardian-api\1.1.0\apiguardian-api-1.1.0.jar;C:\Users\thoma\.m2\repository\org\opentest4j\opentest4j\1.2.0\opentest4j-1.2.0.jar;C:\Users\thoma\.m2\repository\org\junit\platform\junit-platform-commons\1.7.2\junit-platform-commons-1.7.2.jar;C:\Users\thoma\.m2\repository\org\junit\jupiter\junit-jupiter-engine\5.7.2\junit-jupiter-engine-5.7.2.jar;C:\Users\thoma\.m2\repository\org\junit\platform\junit-platform-engine\1.7.2\junit-platform-engine-1.7.2.jar;C:\Users\thoma\.m2\repository\com\github\javafaker\javafaker\1.0.2\javafaker-1.0.2.jar;C:\Users\thoma\.m2\repository\org\apache\commons\commons-lang3\3.5\commons-lang3-3.5.jar;C:\Users\thoma\.m2\repository\org\yaml\snakeyaml\1.23\snakeyaml-1.23-android.jar;C:\Users\thoma\.m2\repository\com\github\mifmif\generex\1.0.2\generex-1.0.2.jar;C:\Users\thoma\.m2\repository\dk\brics\automaton\automaton\1.11-8\automaton-1.11-8.jar;C:\Users\thoma\.m2\repository\net\masterthought\cucumber-reporting\5.4.0\cucumber-reporting-5.4.0.jar;C:\Users\thoma\.m2\repository\com\fasterxml\jackson\datatype\jackson-datatype-jsr310\2.10.1\jackson-datatype-jsr310-2.10.1.jar;C:\Users\thoma\.m2\repository\org\apache\velocity\velocity-engine-core\2.1\velocity-engine-core-2.1.jar;C:\Users\thoma\.m2\repository\commons-collections\commons-collections\3.2.2\commons-collections-3.2.2.jar;C:\Users\thoma\.m2\repository\joda-time\joda-time\2.10.5\joda-time-2.10.5.jar;C:\Users\thoma\.m2\repository\commons-io\commons-io\2.6\commons-io-2.6.jar;C:\Users\thoma\.m2\repository\org\codehaus\plexus\plexus-utils\3.3.0\plexus-utils-3.3.0.jar;C:\Users\thoma\.m2\repository\org\jsoup\jsoup\1.12.1\jsoup-1.12.1.jar;C:\Users\thoma\.m2\repository\com\googlecode\owasp-java-html-sanitizer\owasp-java-html-sanitizer\20191001.1\owasp-java-html-sanitizer-20191001.1.jar;C:\Users\thoma\.m2\repository\commons-configuration\commons-configuration\1.10\commons-configuration-1.10.jar;C:\Users\thoma\.m2\repository\commons-lang\commons-lang\2.6\commons-lang-2.6.jar;C:\Users\thoma\.m2\repository\commons-logging\commons-logging\1.1.1\commons-logging-1.1.1.jar;C:\Users\thoma\.m2\repository\org\mock-server\mockserver-netty\5.11.1\mockserver-netty-5.11.1.jar;C:\Users\thoma\.m2\repository\org\mock-server\mockserver-client-java\5.11.1\mockserver-client-java-5.11.1.jar;C:\Users\thoma\.m2\repository\org\mock-server\mockserver-core\5.11.1\mockserver-core-5.11.1.jar;C:\Users\thoma\.m2\repository\com\lmax\disruptor\3.4.2\disruptor-3.4.2.jar;C:\Users\thoma\.m2\repository\javax\servlet\javax.servlet-api\4.0.1\javax.servlet-api-4.0.1.jar;C:\Users\thoma\.m2\repository\io\netty\netty-codec-socks\4.1.50.Final\netty-codec-socks-4.1.50.Final.jar;C:\Users\thoma\.m2\repository\io\netty\netty-handler-proxy\4.1.50.Final\netty-handler-proxy-4.1.50.Final.jar;C:\Users\thoma\.m2\repository\com\jcraft\jzlib\1.1.3\jzlib-1.1.3.jar;C:\Users\thoma\.m2\repository\com\fasterxml\uuid\java-uuid-generator\4.0\java-uuid-generator-4.0.jar;C:\Users\thoma\.m2\repository\org\apache\velocity\velocity-engine-scripting\2.2\velocity-engine-scripting-2.2.jar;C:\Users\thoma\.m2\repository\net\javacrumbs\json-unit\json-unit-core\2.14.0\json-unit-core-2.14.0.jar;C:\Users\thoma\.m2\repository\org\hamcrest\hamcrest-core\2.1\hamcrest-core-2.1.jar;C:\Users\thoma\.m2\repository\org\hamcrest\hamcrest\2.1\hamcrest-2.1.jar;C:\Users\thoma\.m2\repository\com\github\java-json-tools\json-schema-validator\2.2.14\json-schema-validator-2.2.14.jar;C:\Users\thoma\.m2\repository\com\github\java-json-tools\jackson-coreutils-equivalence\1.0\jackson-coreutils-equivalence-1.0.jar;C:\Users\thoma\.m2\repository\com\github\java-json-tools\jackson-coreutils\2.0\jackson-coreutils-2.0.jar;C:\Users\thoma\.m2\repository\com\github\java-json-tools\msg-simple\1.2\msg-simple-1.2.jar;C:\Users\thoma\.m2\repository\com\github\java-json-tools\btf\1.3\btf-1.3.jar;C:\Users\thoma\.m2\repository\com\github\java-json-tools\json-schema-core\1.2.14\json-schema-core-1.2.14.jar;C:\Users\thoma\.m2\repository\com\github\java-json-tools\uri-template\0.10\uri-template-0.10.jar;C:\Users\thoma\.m2\repository\org\mozilla\rhino\1.7.7.2\rhino-1.7.7.2.jar;C:\Users\thoma\.m2\repository\com\sun\mail\mailapi\1.6.2\mailapi-1.6.2.jar;C:\Users\thoma\.m2\repository\com\googlecode\libphonenumber\libphonenumber\8.11.1\libphonenumber-8.11.1.jar;C:\Users\thoma\.m2\repository\net\sf\jopt-simple\jopt-simple\5.0.4\jopt-simple-5.0.4.jar;C:\Users\thoma\.m2\repository\io\swagger\parser\v3\swagger-parser\2.0.20\swagger-parser-2.0.20.jar;C:\Users\thoma\.m2\repository\io\swagger\parser\v3\swagger-parser-v2-converter\2.0.20\swagger-parser-v2-converter-2.0.20.jar;C:\Users\thoma\.m2\repository\io\swagger\swagger-core\1.6.1\swagger-core-1.6.1.jar;C:\Users\thoma\.m2\repository\io\swagger\swagger-models\1.6.1\swagger-models-1.6.1.jar;C:\Users\thoma\.m2\repository\io\swagger\swagger-annotations\1.6.1\swagger-annotations-1.6.1.jar;C:\Users\thoma\.m2\repository\javax\validation\validation-api\1.1.0.Final\validation-api-1.1.0.Final.jar;C:\Users\thoma\.m2\repository\io\swagger\swagger-parser\1.0.51\swagger-parser-1.0.51.jar;C:\Users\thoma\.m2\repository\io\swagger\swagger-compat-spec-parser\1.0.51\swagger-compat-spec-parser-1.0.51.jar;C:\Users\thoma\.m2\repository\org\apache\httpcomponents\httpclient\4.5.2\httpclient-4.5.2.jar;C:\Users\thoma\.m2\repository\org\apache\httpcomponents\httpcore\4.4.4\httpcore-4.4.4.jar;C:\Users\thoma\.m2\repository\io\swagger\core\v3\swagger-models\2.1.2\swagger-models-2.1.2.jar;C:\Users\thoma\.m2\repository\io\swagger\parser\v3\swagger-parser-core\2.0.20\swagger-parser-core-2.0.20.jar;C:\Users\thoma\.m2\repository\io\swagger\parser\v3\swagger-parser-v3\2.0.20\swagger-parser-v3-2.0.20.jar;C:\Users\thoma\.m2\repository\io\swagger\core\v3\swagger-core\2.1.2\swagger-core-2.1.2.jar;C:\Users\thoma\.m2\repository\jakarta\xml\bind\jakarta.xml.bind-api\2.3.2\jakarta.xml.bind-api-2.3.2.jar;C:\Users\thoma\.m2\repository\jakarta\activation\jakarta.activation-api\1.2.1\jakarta.activation-api-1.2.1.jar;C:\Users\thoma\.m2\repository\io\swagger\core\v3\swagger-annotations\2.1.2\swagger-annotations-2.1.2.jar;C:\Users\thoma\.m2\repository\jakarta\validation\jakarta.validation-api\2.0.2\jakarta.validation-api-2.0.2.jar;C:\Users\thoma\.m2\repository\com\fasterxml\jackson\dataformat\jackson-dataformat-yaml\2.10.2\jackson-dataformat-yaml-2.10.2.jar;C:\Users\thoma\.m2\repository\org\slf4j\slf4j-ext\1.7.30\slf4j-ext-1.7.30.jar;C:\Users\thoma\.m2\repository\javax\xml\bind\jaxb-api\2.4.0-b180830.0359\jaxb-api-2.4.0-b180830.0359.jar;C:\Users\thoma\.m2\repository\javax\activation\javax.activation-api\1.2.0\javax.activation-api-1.2.0.jar;C:\Users\thoma\.m2\repository\org\xmlunit\xmlunit-core\2.7.0\xmlunit-core-2.7.0.jar;C:\Users\thoma\.m2\repository\org\xmlunit\xmlunit-placeholders\2.7.0\xmlunit-placeholders-2.7.0.jar;C:\Users\thoma\.m2\repository\org\apache\commons\commons-text\1.8\commons-text-1.8.jar;C:\Users\thoma\.m2\repository\commons-codec\commons-codec\1.14\commons-codec-1.14.jar;C:\Users\thoma\.m2\repository\io\netty\netty-buffer\4.1.50.Final\netty-buffer-4.1.50.Final.jar;C:\Users\thoma\.m2\repository\io\netty\netty-codec\4.1.50.Final\netty-codec-4.1.50.Final.jar;C:\Users\thoma\.m2\repository\io\netty\netty-codec-http\4.1.50.Final\netty-codec-http-4.1.50.Final.jar;C:\Users\thoma\.m2\repository\io\netty\netty-common\4.1.50.Final\netty-common-4.1.50.Final.jar;C:\Users\thoma\.m2\repository\io\netty\netty-handler\4.1.50.Final\netty-handler-4.1.50.Final.jar;C:\Users\thoma\.m2\repository\io\netty\netty-resolver\4.1.50.Final\netty-resolver-4.1.50.Final.jar;C:\Users\thoma\.m2\repository\io\netty\netty-transport\4.1.50.Final\netty-transport-4.1.50.Final.jar;C:\Users\thoma\.m2\repository\com\google\guava\guava\28.2-android\guava-28.2-android.jar;C:\Users\thoma\.m2\repository\com\google\guava\failureaccess\1.0.1\failureaccess-1.0.1.jar;C:\Users\thoma\.m2\repository\com\google\guava\listenablefuture\9999.0-empty-to-avoid-conflict-with-guava\listenablefuture-9999.0-empty-to-avoid-conflict-with-guava.jar;C:\Users\thoma\.m2\repository\com\google\code\findbugs\jsr305\3.0.2\jsr305-3.0.2.jar;C:\Users\thoma\.m2\repository\org\checkerframework\checker-compat-qual\2.5.5\checker-compat-qual-2.5.5.jar;C:\Users\thoma\.m2\repository\com\google\errorprone\error_prone_annotations\2.3.4\error_prone_annotations-2.3.4.jar;C:\Users\thoma\.m2\repository\com\google\j2objc\j2objc-annotations\1.3\j2objc-annotations-1.3.jar;C:\Users\thoma\.m2\repository\com\intuit\karate\karate-gatling\1.1.0\karate-gatling-1.1.0.jar;C:\Users\thoma\.m2\repository\io\gatling\highcharts\gatling-charts-highcharts\3.6.0\gatling-charts-highcharts-3.6.0.jar;C:\Users\thoma\.m2\repository\org\scala-lang\scala-library\2.13.6\scala-library-2.13.6.jar;C:\Users\thoma\.m2\repository\io\gatling\gatling-app\3.6.0\gatling-app-3.6.0.jar;C:\Users\thoma\.m2\repository\io\gatling\gatling-core\3.6.0\gatling-core-3.6.0.jar;C:\Users\thoma\.m2\repository\io\gatling\gatling-commons\3.6.0\gatling-commons-3.6.0.jar;C:\Users\thoma\.m2\repository\io\gatling\gatling-commons-shared\3.6.0\gatling-commons-shared-3.6.0.jar;C:\Users\thoma\.m2\repository\org\scala-lang\scala-reflect\2.13.6\scala-reflect-2.13.6.jar;C:\Users\thoma\.m2\repository\io\suzaku\boopickle_2.13\1.3.3\boopickle_2.13-1.3.3.jar;C:\Users\thoma\.m2\repository\io\gatling\gatling-commons-shared-unstable\3.6.0\gatling-commons-shared-unstable-3.6.0.jar;C:\Users\thoma\.m2\repository\org\typelevel\spire-macros_2.13\0.17.0\spire-macros_2.13-0.17.0.jar;C:\Users\thoma\.m2\repository\com\typesafe\scala-logging\scala-logging_2.13\3.9.3\scala-logging_2.13-3.9.3.jar;C:\Users\thoma\.m2\repository\io\gatling\gatling-jsonpath\3.6.0\gatling-jsonpath-3.6.0.jar;C:\Users\thoma\.m2\repository\com\typesafe\akka\akka-slf4j_2.13\2.6.14\akka-slf4j_2.13-2.6.14.jar;C:\Users\thoma\.m2\repository\org\simpleflatmapper\lightning-csv\8.2.3\lightning-csv-8.2.3.jar;C:\Users\thoma\.m2\repository\org\simpleflatmapper\sfm-util\8.2.3\sfm-util-8.2.3.jar;C:\Users\thoma\.m2\repository\com\github\ben-manes\caffeine\caffeine\2.9.1\caffeine-2.9.1.jar;C:\Users\thoma\.m2\repository\org\checkerframework\checker-qual\3.10.0\checker-qual-3.10.0.jar;C:\Users\thoma\.m2\repository\io\pebbletemplates\pebble\3.1.5\pebble-3.1.5.jar;C:\Users\thoma\.m2\repository\org\unbescape\unbescape\1.1.6.RELEASE\unbescape-1.1.6.RELEASE.jar;C:\Users\thoma\.m2\repository\org\scala-lang\modules\scala-parser-combinators_2.13\2.0.0\scala-parser-combinators_2.13-2.0.0.jar;C:\Users\thoma\.m2\repository\com\github\scopt\scopt_2.13\3.7.1\scopt_2.13-3.7.1.jar;C:\Users\thoma\.m2\repository\com\softwaremill\quicklens\quicklens_2.13\1.7.2\quicklens_2.13-1.7.2.jar;C:\Users\thoma\.m2\repository\net\sf\saxon\Saxon-HE\10.5\Saxon-HE-10.5.jar;C:\Users\thoma\.m2\repository\org\jodd\jodd-lagarto\6.0.5\jodd-lagarto-6.0.5.jar;C:\Users\thoma\.m2\repository\org\jodd\jodd-util\6.0.1\jodd-util-6.0.1.jar;C:\Users\thoma\.m2\repository\io\burt\jmespath-jackson\0.5.0\jmespath-jackson-0.5.0.jar;C:\Users\thoma\.m2\repository\io\burt\jmespath-core\0.5.0\jmespath-core-0.5.0.jar;C:\Users\thoma\.m2\repository\io\gatling\gatling-http\3.6.0\gatling-http-3.6.0.jar;C:\Users\thoma\.m2\repository\io\gatling\gatling-http-client\3.6.0\gatling-http-client-3.6.0.jar;C:\Users\thoma\.m2\repository\io\gatling\gatling-netty-util\3.6.0\gatling-netty-util-3.6.0.jar;C:\Users\thoma\.m2\repository\io\netty\netty-resolver-dns\4.1.64.Final\netty-resolver-dns-4.1.64.Final.jar;C:\Users\thoma\.m2\repository\io\netty\netty-codec-dns\4.1.64.Final\netty-codec-dns-4.1.64.Final.jar;C:\Users\thoma\.m2\repository\io\netty\netty-transport-native-epoll\4.1.64.Final\netty-transport-native-epoll-4.1.64.Final-linux-x86_64.jar;C:\Users\thoma\.m2\repository\io\netty\netty-transport-native-unix-common\4.1.64.Final\netty-transport-native-unix-common-4.1.64.Final.jar;C:\Users\thoma\.m2\repository\io\netty\netty-codec-http2\4.1.64.Final\netty-codec-http2-4.1.64.Final.jar;C:\Users\thoma\.m2\repository\io\netty\netty-tcnative-boringssl-static\2.0.39.Final\netty-tcnative-boringssl-static-2.0.39.Final.jar;C:\Users\thoma\.m2\repository\com\aayushatharva\brotli4j\brotli4j\1.4.2\brotli4j-1.4.2.jar;C:\Users\thoma\.m2\repository\com\aayushatharva\brotli4j\native-linux-x86_64\1.4.2\native-linux-x86_64-1.4.2.jar;C:\Users\thoma\.m2\repository\com\aayushatharva\brotli4j\native-linux-aarch64\1.4.2\native-linux-aarch64-1.4.2.jar;C:\Users\thoma\.m2\repository\com\aayushatharva\brotli4j\native-osx-x86_64\1.4.2\native-osx-x86_64-1.4.2.jar;C:\Users\thoma\.m2\repository\com\aayushatharva\brotli4j\native-windows-x86_64\1.4.2\native-windows-x86_64-1.4.2.jar;C:\Users\thoma\.m2\repository\io\gatling\gatling-jms\3.6.0\gatling-jms-3.6.0.jar;C:\Users\thoma\.m2\repository\javax\jms\javax.jms-api\2.0.1\javax.jms-api-2.0.1.jar;C:\Users\thoma\.m2\repository\com\eatthepath\fast-uuid\0.1\fast-uuid-0.1.jar;C:\Users\thoma\.m2\repository\io\gatling\gatling-jdbc\3.6.0\gatling-jdbc-3.6.0.jar;C:\Users\thoma\.m2\repository\io\gatling\gatling-redis\3.6.0\gatling-redis-3.6.0.jar;C:\Users\thoma\.m2\repository\net\debasishg\redisclient_2.13\3.30\redisclient_2.13-3.30.jar;C:\Users\thoma\.m2\repository\org\apache\commons\commons-pool2\2.8.0\commons-pool2-2.8.0.jar;C:\Users\thoma\.m2\repository\io\gatling\gatling-graphite\3.6.0\gatling-graphite-3.6.0.jar;C:\Users\thoma\.m2\repository\org\hdrhistogram\HdrHistogram\2.1.12\HdrHistogram-2.1.12.jar;C:\Users\thoma\.m2\repository\io\gatling\gatling-charts\3.6.0\gatling-charts-3.6.0.jar;C:\Users\thoma\.m2\repository\com\tdunning\t-digest\3.1\t-digest-3.1.jar;C:\Users\thoma\.m2\repository\io\gatling\gatling-recorder\3.6.0\gatling-recorder-3.6.0.jar;C:\Users\thoma\.m2\repository\org\scala-lang\modules\scala-swing_2.13\3.0.0\scala-swing_2.13-3.0.0.jar;C:\Users\thoma\.m2\repository\org\bouncycastle\bcpkix-jdk15on\1.68\bcpkix-jdk15on-1.68.jar;C:\Users\thoma\.m2\repository\org\bouncycastle\bcprov-jdk15on\1.68\bcprov-jdk15on-1.68.jar;C:\Users\thoma\.m2\repository\com\typesafe\akka\akka-actor_2.13\2.6.14\akka-actor_2.13-2.6.14.jar;C:\Users\thoma\.m2\repository\com\typesafe\config\1.4.0\config-1.4.0.jar;C:\Users\thoma\.m2\repository\org\scala-lang\modules\scala-java8-compat_2.13\0.9.0\scala-java8-compat_2.13-0.9.0.jar;C:\Users\thoma\.m2\repository\com\fasterxml\jackson\core\jackson-databind\2.8.8\jackson-databind-2.8.8.jar;C:\Users\thoma\.m2\repository\com\fasterxml\jackson\core\jackson-annotations\2.8.0\jackson-annotations-2.8.0.jar;C:\Users\thoma\.m2\repository\com\fasterxml\jackson\core\jackson-core\2.8.8\jackson-core-2.8.8.jar;C:\Users\thoma\.m2\repository\org\slf4j\slf4j-api\1.7.25\slf4j-api-1.7.25.jar;C:\Users\thoma\.m2\repository\org\mongodb\mongo-java-driver\3.6.3\mongo-java-driver-3.6.3.jar;C:\Users\thoma\.m2\repository\com\microsoft\sqlserver\mssql-jdbc\8.4.1.jre11\mssql-jdbc-8.4.1.jre11.jar;"/>
    <property name="sun.cpu.endian" value="little"/>
    <property name="user.home" value="C:\Users\thoma"/>
    <property name="user.language" value="en"/>
    <property name="java.specification.vendor" value="Oracle Corporation"/>
    <property name="java.version.date" value="2023-10-17"/>
    <property name="java.home" value="C:\Program Files\Java\jdk-17"/>
    <property name="file.separator" value="\"/>
    <property name="basedir" value="C:\w\git\www\_groot\mat-api\src\test\java\functional-tests"/>
    <property name="java.vm.compressedOopsMode" value="Zero based"/>
    <property name="line.separator" value="&#10;"/>
    <property name="java.vm.specification.vendor" value="Oracle Corporation"/>
    <property name="java.specification.name" value="Java Platform API Specification"/>
    <property name="surefire.real.class.path" value="C:\Users\thoma\AppData\Local\Temp\surefire15554852502252546040\surefirebooter10606946828120572000.jar"/>
    <property name="user.script" value=""/>
    <property name="sun.management.compiler" value="HotSpot 64-Bit Tiered Compilers"/>
    <property name="java.runtime.version" value="17.0.9+11-LTS-201"/>
    <property name="user.name" value="thoma"/>
    <property name="path.separator" value=";"/>
    <property name="os.version" value="10.0"/>
    <property name="java.runtime.name" value="Java(TM) SE Runtime Environment"/>
    <property name="file.encoding" value="UTF-8"/>
    <property name="java.vm.name" value="Java HotSpot(TM) 64-Bit Server VM"/>
    <property name="localRepository" value="C:\Users\thoma\.m2\repository"/>
    <property name="java.vendor.url.bug" value="https://bugreport.java.com/bugreport/"/>
    <property name="java.io.tmpdir" value="C:\Users\thoma\AppData\Local\Temp\"/>
    <property name="java.version" value="17.0.9"/>
    <property name="user.dir" value="C:\w\git\www\_groot\mat-api\src\test\java\functional-tests"/>
    <property name="os.arch" value="amd64"/>
    <property name="java.vm.specification.name" value="Java Virtual Machine Specification"/>
    <property name="sun.os.patch.level" value=""/>
    <property name="native.encoding" value="Cp1252"/>
    <property name="java.library.path" value="C:\Program Files\Java\jdk-17\bin;C:\WINDOWS\Sun\Java\bin;C:\WINDOWS\system32;C:\WINDOWS;C:\Users\thoma\bin;C:\Program Files\Git\mingw64\bin;C:\Program Files\Git\usr\local\bin;C:\Program Files\Git\usr\bin;C:\Program Files\Git\usr\bin;C:\Program Files\Git\mingw64\bin;C:\Program Files\Git\usr\bin;C:\Users\thoma\bin;C:\Program Files\Common Files\Oracle\Java\javapath;C:\Python312\Scripts;C:\Python312;C:\Program Files (x86)\Common Files\Oracle\Java\javapath;C:\Program Files\Java\jdk-17\bin;C:\WINDOWS\system32;C:\WINDOWS;C:\WINDOWS\System32\Wbem;C:\WINDOWS\System32\WindowsPowerShell\v1.0;C:\WINDOWS\System32\OpenSSH;C:\Program Files (x86)\WinMerge;C:\Program Files\Amazon\AWSCLIV2;C:\Program Files\apache-maven-3.8.1\bin;C:\Program Files\MySQL\MySQL Server 8.0\bin;C:\Program Files\MongoDB\Server\6.0\bin;C:\Program Files\Apache Software Foundation\apache-artemis-2.26.0\bin;C:\ProgramData\chocolatey\bin;C:\Users\thoma\gradle-7.6\bin;C:\Program Files\Microsoft SQL Server\150\Tools\Binn;C:\Program Files\Microsoft SQL Server\Client SDK\ODBC\170\Tools\Binn;C:\Program Files\dotnet;%APPDATA%\Python\Scripts;C:\Program Files (x86)\Microsoft SQL Server\160\Tools\Binn;C:\Program Files\Microsoft SQL Server\160\Tools\Binn;C:\Program Files\Microsoft SQL Server\160\DTS\Binn;C:\Program Files (x86)\Microsoft SQL Server\160\DTS\Binn;C:\Program Files\Git\cmd;C:\Program Files\nodejs;C:\Users\thoma\AppData\Local\Programs\Python\Python311\Scripts;C:\Users\thoma\AppData\Local\Programs\Python\Python311;C:\Users\thoma\AppData\Local\Microsoft\WindowsApps;C:\Program Files\heroku\bin;C:\Users\thoma\AppData\Local\Programs\Microsoft VS Code\bin;C:\Program Files\JetBrains\IntelliJ IDEA Community Edition 2022.1\bin;C:\Users\thoma\AppData\Roaming\nvm;C:\Program Files\nodejs;C:\Program Files (x86)\GitHub CLI;C:\Users\thoma\AppData\Local\atom\bin;C:\Program Files\JetBrains\PyCharm Community Edition 2018.3.5\bin;C:\Users\thoma\AppData\Local\Microsoft\WindowsApps;C:\Program Files\JetBrains\IntelliJ IDEA Community Edition 2022.3.1\bin;C:\Users\thoma\gradle-7.6\bin;C:\Users\thoma\.dotnet\tools;C:\Program Files\JetBrains\IntelliJ IDEA 2022.3.3\bin;C:\Program Files\Azure Data Studio\bin;C:\Users\thoma\OneDrive\Documents\IDM Computer Solutions\UltraEdit;C:\Program Files\JetBrains\DataGrip 2023.1.2\bin;C:\Users\thoma\AppData\Roaming\npm;C:\Program Files\Git\usr\bin\vendor_perl;C:\Program Files\Git\usr\bin\core_perl;."/>
    <property name="java.vm.info" value="mixed mode, sharing"/>
    <property name="java.vendor" value="Oracle Corporation"/>
    <property name="java.vm.version" value="17.0.9+11-LTS-201"/>
    <property name="sun.io.unicode.encoding" value="UnicodeLittle"/>
    <property name="java.class.version" value="61.0"/>
  </properties>
  <testcase name="testParallel" classname="karate.ApiTest" time="6.894">
    <failure message="status code was: 400, expected: 200, response time in milliseconds: 14, url: http://localhost:8080/api/users/null, response: &#10;{&quot;type&quot;:&quot;about:blank&quot;,&quot;title&quot;:&quot;Bad Request&quot;,&quot;status&quot;:400,&quot;detail&quot;:&quot;Failed to convert &apos;null&apos; with value: &apos;null&apos;&quot;,&quot;instance&quot;:&quot;/api/users/null&quot;}&#10;classpath:karate/users/users.feature:64&#10;match failed: CONTAINS&#10;  $ | actual does not contain expected | all key-values did not match, expected has un-matched keys - [password, roles] (MAP:MAP)&#10;  {&quot;userId&quot;:212,&quot;username&quot;:&quot;user14@gmail.com&quot;,&quot;password&quot;:&quot;$2a$10$lCq.Iea1zFOt7lFMB1eoQuqQr6tihZB78SnEee1oSfrt107TSge0m&quot;,&quot;lastName&quot;:&quot;Maestas&quot;,&quot;firstName&quot;:&quot;Tom2&quot;,&quot;userType&quot;:3,&quot;phone&quot;:&quot;5055087707&quot;,&quot;email&quot;:&quot;Tom2@gmail.com&quot;,&quot;cusUrl&quot;:&quot;https://doggywood-veterinary.s3.amazonaws.com/assets/Animals/random_a2.jpg&quot;,&quot;photoPath&quot;:&quot;photoPath&quot;,&quot;isActive&quot;:0,&quot;contactType&quot;:1,&quot;roles&quot;:[{&quot;id&quot;:2,&quot;name&quot;:&quot;ROLE_ADMIN&quot;}]}&#10;  {&quot;username&quot;:&quot;user14@gmail.com&quot;,&quot;password&quot;:&quot;$2a$10$j/BATcerSAuRXltl7ee5feXlpmHTJgtaAAhNB.eRxuFz2qjuyv5w6&quot;,&quot;lastName&quot;:&quot;Maestas&quot;,&quot;firstName&quot;:&quot;Tom2&quot;,&quot;userType&quot;:3,&quot;phone&quot;:&quot;5055087707&quot;,&quot;email&quot;:&quot;Tom2@gmail.com&quot;,&quot;cusUrl&quot;:&quot;https://doggywood-veterinary.s3.amazonaws.com/assets/Animals/random_a2.jpg&quot;,&quot;photoPath&quot;:&quot;photoPath&quot;,&quot;isActive&quot;:0,&quot;contactType&quot;:1,&quot;roles&quot;:[{&quot;id&quot;:1,&quot;name&quot;:&quot;ROLE_USER&quot;}]}&#10;&#10;    $.roles | not equal | array match failed at index 0 (LIST:LIST)&#10;    [{&quot;id&quot;:2,&quot;name&quot;:&quot;ROLE_ADMIN&quot;}]&#10;    [{&quot;id&quot;:1,&quot;name&quot;:&quot;ROLE_USER&quot;}]&#10;&#10;      $.roles[0] | not equal | match failed for name: &apos;id&apos; (MAP:MAP)&#10;      {&quot;id&quot;:2,&quot;name&quot;:&quot;ROLE_ADMIN&quot;}&#10;      {&quot;id&quot;:1,&quot;name&quot;:&quot;ROLE_USER&quot;}&#10;&#10;        $.roles[0].id | not equal (NUMBER:NUMBER)&#10;        2&#10;        1&#10;&#10;          $.password | not equal (STRING:STRING)&#10;          &apos;$2a$10$lCq.Iea1zFOt7lFMB1eoQuqQr6tihZB78SnEee1oSfrt107TSge0m&apos;&#10;          &apos;$2a$10$j/BATcerSAuRXltl7ee5feXlpmHTJgtaAAhNB.eRxuFz2qjuyv5w6&apos;&#10;&#10;classpath:karate/users/users.feature:134 ==&gt; expected: &lt;0&gt; but was: &lt;2&gt;" type="org.opentest4j.AssertionFailedError"><![CDATA[org.opentest4j.AssertionFailedError: 
status code was: 400, expected: 200, response time in milliseconds: 14, url: http://localhost:8080/api/users/null, response: 
{"type":"about:blank","title":"Bad Request","status":400,"detail":"Failed to convert 'null' with value: 'null'","instance":"/api/users/null"}
classpath:karate/users/users.feature:64
match failed: CONTAINS
  $ | actual does not contain expected | all key-values did not match, expected has un-matched keys - [password, roles] (MAP:MAP)
  {"userId":212,"username":"user14@gmail.com","password":"$2a$10$lCq.Iea1zFOt7lFMB1eoQuqQr6tihZB78SnEee1oSfrt107TSge0m","lastName":"Maestas","firstName":"Tom2","userType":3,"phone":"5055087707","email":"Tom2@gmail.com","cusUrl":"https://doggywood-veterinary.s3.amazonaws.com/assets/Animals/random_a2.jpg","photoPath":"photoPath","isActive":0,"contactType":1,"roles":[{"id":2,"name":"ROLE_ADMIN"}]}
  {"username":"user14@gmail.com","password":"$2a$10$j/BATcerSAuRXltl7ee5feXlpmHTJgtaAAhNB.eRxuFz2qjuyv5w6","lastName":"Maestas","firstName":"Tom2","userType":3,"phone":"5055087707","email":"Tom2@gmail.com","cusUrl":"https://doggywood-veterinary.s3.amazonaws.com/assets/Animals/random_a2.jpg","photoPath":"photoPath","isActive":0,"contactType":1,"roles":[{"id":1,"name":"ROLE_USER"}]}

    $.roles | not equal | array match failed at index 0 (LIST:LIST)
    [{"id":2,"name":"ROLE_ADMIN"}]
    [{"id":1,"name":"ROLE_USER"}]

      $.roles[0] | not equal | match failed for name: 'id' (MAP:MAP)
      {"id":2,"name":"ROLE_ADMIN"}
      {"id":1,"name":"ROLE_USER"}

        $.roles[0].id | not equal (NUMBER:NUMBER)
        2
        1

          $.password | not equal (STRING:STRING)
          '$2a$10$lCq.Iea1zFOt7lFMB1eoQuqQr6tihZB78SnEee1oSfrt107TSge0m'
          '$2a$10$j/BATcerSAuRXltl7ee5feXlpmHTJgtaAAhNB.eRxuFz2qjuyv5w6'

classpath:karate/users/users.feature:134 ==> expected: <0> but was: <2>
	at karate.ApiTest.testParallel(ApiTest.java:17)
]]></failure>
    <system-out><![CDATA[21:14:53.641 [main] DEBUG com.intuit.karate - request:
1 > GET http://localhost:8080/api/addresses
1 > Host: localhost:8080
1 > Connection: Keep-Alive
1 > User-Agent: Apache-HttpClient/4.5.13 (Java/17.0.9)
1 > Accept-Encoding: gzip,deflate


21:14:54.499 [main] DEBUG com.intuit.karate - response time in milliseconds: 854
1 < 200
1 < Vary: Origin
1 < Vary: Access-Control-Request-Method
1 < Vary: Access-Control-Request-Headers
1 < X-Content-Type-Options: nosniff
1 < X-XSS-Protection: 0
1 < Cache-Control: no-cache, no-store, max-age=0, must-revalidate
1 < Pragma: no-cache
1 < Expires: 0
1 < X-Frame-Options: SAMEORIGIN
1 < Content-Type: application/json
1 < Transfer-Encoding: chunked
1 < Date: Sat, 09 Dec 2023 02:14:54 GMT
1 < Keep-Alive: timeout=60
1 < Connection: keep-alive
[{"id":1,"description":"description","email":"Tom1@gmail.com","address":"0x900bE021E38B8d08435A03c05657C8cFA837cAeF","chain":"ropstein","iconUrl":"ICON_URL","blockExplorerUrl":"BLOCK_EXPLORER_URL","user":null,"chainId":101,"nftAddressDto":null},{"id":2,"description":"description","email":"Tom2@gmail.com","address":"0x399EEc3B8e889a2E0853dd254f09C4535061693A","chain":"polygon","iconUrl":"ICON_URL","blockExplorerUrl":"BLOCK_EXPLORER_URL","user":null,"chainId":151,"nftAddressDto":null},{"id":3,"description":"description","email":"Tom3@gmail.com","address":"0x399EEc3B8e889a2E0853dd254f09C4535061693A","chain":"ethereum","iconUrl":"ICON_URL","blockExplorerUrl":"BLOCK_EXPLORER_URL","user":null,"chainId":201,"nftAddressDto":null},{"id":4,"description":"description","email":"Tom4@gmail.com","address":"0x399EEc3B8e889a2E0853dd254f09C4535061693A","chain":"polygon","iconUrl":"ICON_URL","blockExplorerUrl":"BLOCK_EXPLORER_URL","user":null,"chainId":251,"nftAddressDto":null},{"id":5,"description":"description","email":"Tom5@gmail.com","address":"0x399EEc3B8e889a2E0853dd254f09C4535061693A","chain":"polygon","iconUrl":"ICON_URL","blockExplorerUrl":"BLOCK_EXPLORER_URL","user":null,"chainId":301,"nftAddressDto":null},{"id":6,"description":"description","email":"Tom6@gmail.com","address":"0x399EEc3B8e889a2E0853dd254f09C4535061693A","chain":"ropstein","iconUrl":"ICON_URL","blockExplorerUrl":"BLOCK_EXPLORER_URL","user":null,"chainId":351,"nftAddressDto":null},{"id":7,"description":"description","email":"Tom7@gmail.com","address":"0x900bE021E38B8d08435A03c05657C8cFA837cAeF","chain":"ethereum","iconUrl":"ICON_URL","blockExplorerUrl":"BLOCK_EXPLORER_URL","user":null,"chainId":401,"nftAddressDto":null},{"id":8,"description":"description","email":"Tom8@gmail.com","address":"0x900bE021E38B8d08435A03c05657C8cFA837cAeF","chain":"ethereum","iconUrl":"ICON_URL","blockExplorerUrl":"BLOCK_EXPLORER_URL","user":null,"chainId":451,"nftAddressDto":null},{"id":9,"description":"description","email":"thomas.maestas@hotmail.com","address":"0x900bE021E38B8d08435A03c05657C8cFA837cAeF","chain":"polygon","iconUrl":"ICON_URL","blockExplorerUrl":"BLOCK_EXPLORER_URL","user":null,"chainId":501,"nftAddressDto":null},{"id":10,"description":"description","email":"thomasm1.maestas@gmail.com","address":"0x399EEc3B8e889a2E0853dd254f09C4535061693A","chain":"goerli","iconUrl":"ICON_URL","blockExplorerUrl":"BLOCK_EXPLORER_URL","user":null,"chainId":551,"nftAddressDto":null}]
21:14:54.585 [main] INFO  com.intuit.karate - [print] null 
21:14:54.596 [main] DEBUG com.intuit.karate - request:
1 > GET http://localhost:8080/api/addresses/10002
1 > Host: localhost:8080
1 > Connection: Keep-Alive
1 > User-Agent: Apache-HttpClient/4.5.13 (Java/17.0.9)
1 > Accept-Encoding: gzip,deflate


21:14:54.668 [main] DEBUG com.intuit.karate - response time in milliseconds: 71
1 < 200
1 < Vary: Origin
1 < Vary: Access-Control-Request-Method
1 < Vary: Access-Control-Request-Headers
1 < X-Content-Type-Options: nosniff
1 < X-XSS-Protection: 0
1 < Cache-Control: no-cache, no-store, max-age=0, must-revalidate
1 < Pragma: no-cache
1 < Expires: 0
1 < X-Frame-Options: SAMEORIGIN
1 < Content-Length: 0
1 < Date: Sat, 09 Dec 2023 02:14:54 GMT
1 < Keep-Alive: timeout=60
1 < Connection: keep-alive

21:14:54.672 [main] INFO  com.intuit.karate - [print] null 
21:14:54.677 [main] DEBUG com.intuit.karate - request:
1 > GET http://localhost:8080/api/chains
1 > Host: localhost:8080
1 > Connection: Keep-Alive
1 > User-Agent: Apache-HttpClient/4.5.13 (Java/17.0.9)
1 > Accept-Encoding: gzip,deflate


21:14:54.790 [main] DEBUG com.intuit.karate - response time in milliseconds: 113
1 < 200
1 < Vary: Origin
1 < Vary: Access-Control-Request-Method
1 < Vary: Access-Control-Request-Headers
1 < X-Content-Type-Options: nosniff
1 < X-XSS-Protection: 0
1 < Cache-Control: no-cache, no-store, max-age=0, must-revalidate
1 < Pragma: no-cache
1 < Expires: 0
1 < X-Frame-Options: SAMEORIGIN
1 < Content-Type: application/json
1 < Transfer-Encoding: chunked
1 < Date: Sat, 09 Dec 2023 02:14:54 GMT
1 < Keep-Alive: timeout=60
1 < Connection: keep-alive
[{"chainId":11501,"name":"polygon","symbol":"MATIC_2","description":"matic  Chain","longDescription":"NFT - 0x1","iconUrl":"https://s3.amazonaws.com/tmm.net/img/polygon.jpg","category":"Mainnet","chainListIcon":null,"rpcUrl":"https://api.matic.network/ext/bc/C/rpc","id":2402,"blockExplorerUrl":null},{"chainId":11551,"name":"avalanche","symbol":"avax","description":"avalanche C-Chain","longDescription":"NFT - 0x1","iconUrl":"https://s3.amazonaws.com/tmm.net/img/avax.png","category":"Mainnet","chainListIcon":null,"rpcUrl":"https://api.avax.network/ext/bc/C/rpc","id":3,"blockExplorerUrl":null},{"chainId":11601,"name":"pulsechain","symbol":"pls","description":"pulsechain Mainnet","longDescription":"NFT   0x1","iconUrl":"https://s3.amazonaws.com/tmm.net/img/pulsechain.png","category":"Mainnet","chainListIcon":"https://friends-of-groot-society.s3.amazonaws.com/assets/android-chrome-384x384.png","rpcUrl":"https://rpc.pulsechain.io","id":4,"blockExplorerUrl":null},{"chainId":11651,"name":"solana","symbol":"sol","description":"solana Mainnet","longDescription":"NFT - 0x1","iconUrl":"https://s3.amazonaws.com/tmm.net/img/solana.jpg","category":"Mainnet","chainListIcon":"https://friends-of-groot-society.s3.amazonaws.com/assets/android-chrome-384x384.png","rpcUrl":"https://api.mainnet-beta.solana.com","id":3,"blockExplorerUrl":null},{"chainId":11701,"name":"polygon","symbol":"matic","description":"polygon Mainnet","longDescription":"NFT - 0x1","iconUrl":"https://s3.amazonaws.com/tmm.net/img/polygon.jpg","category":"Mainnet","chainListIcon":null,"rpcUrl":" https://rpc-mainnet.maticvigil.com/","id":3,"blockExplorerUrl":null},{"chainId":11751,"name":"pulsechain","symbol":"TPLS","description":"pulsechain Mainnet","longDescription":"NFT - 0x1","iconUrl":"https://s3.amazonaws.com/tmm.net/img/pulsechain.png","category":"Mainnet","chainListIcon":null,"rpcUrl":"https://rpc.testnet.pulsechain.com","id":240,"blockExplorerUrl":null},{"chainId":11801,"name":"ethereum","symbol":"ETH23","description":"ethereum Mainnet 23","longDescription":"NFT  0x1","iconUrl":"https://s3.amazonaws.com/tmm.net/img/ether.png","category":"ethereum","chainListIcon":null,"rpcUrl":"ETH RPC23","id":3,"blockExplorerUrl":null},{"chainId":11851,"name":"pulsechain","symbol":"pls","description":"pulsechain Mainnet","longDescription":"NFT - 0x1","iconUrl":"https://s3.amazonaws.com/tmm.net/img/pulsechain.png","category":"Mainnet","chainListIcon":"https://friends-of-groot-society.s3.amazonaws.com/assets/android-chrome-384x384.png","rpcUrl":"https://rpc.pulsechain.io","id":4,"blockExplorerUrl":null},{"chainId":11901,"name":"pulsechain","symbol":"pls","description":"pulsechain Mainnet","longDescription":"NFT - 0x1","iconUrl":"https://s3.amazonaws.com/tmm.net/img/pulsechain.png","category":"Mainnet","chainListIcon":"https://friends-of-groot-society.s3.amazonaws.com/assets/android-chrome-384x384.png","rpcUrl":"https://rpc.pulsechain.io","id":434,"blockExplorerUrl":null},{"chainId":11951,"name":"pulsechain7","symbol":"pls","description":"pulsechain Mainnet","longDescription":"NFT - 0x1","iconUrl":"https://s3.amazonaws.com/tmm.net/img/pulsechain.png","category":"Mainnet","chainListIcon":"https://friends-of-groot-society.s3.amazonaws.com/assets/android-chrome-384x384.png","rpcUrl":"https://rpc.pulsechain.io","id":23,"blockExplorerUrl":null}]
21:14:54.793 [main] INFO  com.intuit.karate - [print] null 
21:14:54.804 [main] DEBUG com.intuit.karate - request:
1 > GET http://localhost:8080/api/chains/11501
1 > Host: localhost:8080
1 > Connection: Keep-Alive
1 > User-Agent: Apache-HttpClient/4.5.13 (Java/17.0.9)
1 > Accept-Encoding: gzip,deflate


21:14:54.915 [main] DEBUG com.intuit.karate - response time in milliseconds: 111
1 < 200
1 < Vary: Origin
1 < Vary: Access-Control-Request-Method
1 < Vary: Access-Control-Request-Headers
1 < X-Content-Type-Options: nosniff
1 < X-XSS-Protection: 0
1 < Cache-Control: no-cache, no-store, max-age=0, must-revalidate
1 < Pragma: no-cache
1 < Expires: 0
1 < X-Frame-Options: SAMEORIGIN
1 < Content-Type: application/json
1 < Transfer-Encoding: chunked
1 < Date: Sat, 09 Dec 2023 02:14:54 GMT
1 < Keep-Alive: timeout=60
1 < Connection: keep-alive
{"chainId":11501,"name":"polygon","symbol":"MATIC_2","description":"matic  Chain","longDescription":"NFT - 0x1","iconUrl":"https://s3.amazonaws.com/tmm.net/img/polygon.jpg","category":"Mainnet","chainListIcon":null,"rpcUrl":"https://api.matic.network/ext/bc/C/rpc","id":2402,"blockExplorerUrl":null}
21:14:54.918 [main] INFO  com.intuit.karate - [print] null 
21:14:54.926 [main] DEBUG com.intuit.karate - request:
1 > GET http://localhost:8080/api/users
1 > Host: localhost:8080
1 > Connection: Keep-Alive
1 > User-Agent: Apache-HttpClient/4.5.13 (Java/17.0.9)
1 > Accept-Encoding: gzip,deflate


21:14:55.281 [main] DEBUG com.intuit.karate - response time in milliseconds: 355
1 < 200
1 < Vary: Origin
1 < Vary: Access-Control-Request-Method
1 < Vary: Access-Control-Request-Headers
1 < X-Content-Type-Options: nosniff
1 < X-XSS-Protection: 0
1 < Cache-Control: no-cache, no-store, max-age=0, must-revalidate
1 < Pragma: no-cache
1 < Expires: 0
1 < X-Frame-Options: SAMEORIGIN
1 < Content-Type: application/json
1 < Transfer-Encoding: chunked
1 < Date: Sat, 09 Dec 2023 02:14:54 GMT
1 < Keep-Alive: timeout=60
1 < Connection: keep-alive
[{"userId":211,"username":"Tom1@gmail.com","password":"$2a$10$I7m.Qj.5UwBlL2uiVQqyI.pyNbVFMpeD/H81OvFxV5BRiz8FHcShy","lastName":"Smith","firstName":"Tom1","userType":3,"phone":"5055087707","email":"Tom1@gmail.com","cusUrl":"https://doggywood-veterinary.s3.amazonaws.com/assets/Animals/random_a1.jpg","photoPath":"photoPath","isActive":0,"contactType":1,"roles":[{"id":2,"name":"ROLE_ADMIN"}]},{"userId":212,"username":"user31@gmail.com","password":"$2a$10$lCq.Iea1zFOt7lFMB1eoQuqQr6tihZB78SnEee1oSfrt107TSge0m","lastName":"Maestas","firstName":"Tom2","userType":3,"phone":"5055087707","email":"Tom2@gmail.com","cusUrl":"https://doggywood-veterinary.s3.amazonaws.com/assets/Animals/random_a2.jpg","photoPath":"photoPath","isActive":0,"contactType":1,"roles":[{"id":2,"name":"ROLE_ADMIN"}]},{"userId":213,"username":"Tom3@gmail.com","password":"$2a$10$lCq.Iea1zFOt7lFMB1eoQuqQr6tihZB78SnEee1oSfrt107TSge0m","lastName":"Smith","firstName":"Tom3","userType":3,"phone":"5055087707","email":"Tom3@gmail.com","cusUrl":"https://doggywood-veterinary.s3.amazonaws.com/assets/Animals/random_a3.jpg","photoPath":"photoPath","isActive":0,"contactType":1,"roles":[{"id":2,"name":"ROLE_ADMIN"}]},{"userId":214,"username":"Tom4@gmail.com","password":"$2a$10$lCq.Iea1zFOt7lFMB1eoQuqQr6tihZB78SnEee1oSfrt107TSge0m","lastName":"Smith","firstName":"Tom4","userType":0,"phone":"5055087707","email":"Tom4@gmail.com","cusUrl":"https://doggywood-veterinary.s3.amazonaws.com/assets/Animals/random_a4.jpg","photoPath":"photoPath","isActive":0,"contactType":0,"roles":[{"id":2,"name":"ROLE_ADMIN"}]},{"userId":215,"username":"Tom5@gmail.com","password":"$2a$10$lCq.Iea1zFOt7lFMB1eoQuqQr6tihZB78SnEee1oSfrt107TSge0m","lastName":"Smith","firstName":"Tom5","userType":3,"phone":"5055087707","email":"Tom5@gmail.com","cusUrl":"https://doggywood-veterinary.s3.amazonaws.com/assets/Animals/random_a6.jpg","photoPath":"photoPath","isActive":0,"contactType":1,"roles":[{"id":1,"name":"ROLE_USER"}]},{"userId":216,"username":"tom7@gmail.com","password":"$2a$10$lCq.Iea1zFOt7lFMB1eoQuqQr6tihZB78SnEee1oSfrt107TSge0m","lastName":"maestas","firstName":"tom7","userType":4,"phone":"999-999-9999","email":"tom7@gmail.com","cusUrl":"https://doggywood-veterinary.s3.amazonaws.com/assets/Animals/random_a8.jpg","photoPath":"photoPath","isActive":0,"contactType":1,"roles":[{"id":1,"name":"ROLE_USER"}]},{"userId":217,"username":"Tom8@gmail.com","password":"$2a$10$lCq.Iea1zFOt7lFMB1eoQuqQr6tihZB78SnEee1oSfrt107TSge0m","lastName":"Smith","firstName":"Tom8","userType":3,"phone":"5055087707","email":"Tom8@gmail.com","cusUrl":"https://doggywood-veterinary.s3.amazonaws.com/assets/Animals/random_a8.jpg","photoPath":"photoPath","isActive":0,"contactType":1,"roles":[{"id":1,"name":"ROLE_USER"}]},{"userId":218,"username":"thomas.maestas@hotmail.com","password":"$2a$10$I7m.Qj.5UwBlL2uiVQqyI.pyNbVFMpeD/H81OvFxV5BRiz8FHcShy","lastName":"Maestas","firstName":"thomas","userType":0,"phone":"5055087707","email":"thomas.maestas@hotmail.com","cusUrl":"https://doggywood-veterinary.s3.amazonaws.com/assets/Animals/random_a8.jpg","photoPath":"photoPath","isActive":0,"contactType":0,"roles":[{"id":1,"name":"ROLE_USER"}]},{"userId":219,"username":"thomasm1.maestas@gmail.com","password":"$2a$10$I7m.Qj.5UwBlL2uiVQqyI.pyNbVFMpeD/H81OvFxV5BRiz8FHcShy","lastName":"Maestas","firstName":"thomasm1","userType":3,"phone":"5055087707","email":"thomasm1.maestas@gmail.com","cusUrl":"https://doggywood-veterinary.s3.amazonaws.com/assets/Animals/random_a8.jpg","photoPath":"photoPath","isActive":0,"contactType":1,"roles":[{"id":1,"name":"ROLE_USER"}]}]
21:14:55.283 [main] INFO  com.intuit.karate - [print] null 
21:14:55.289 [main] DEBUG com.intuit.karate - request:
1 > GET http://localhost:8080/api/users/211
1 > Host: localhost:8080
1 > Connection: Keep-Alive
1 > User-Agent: Apache-HttpClient/4.5.13 (Java/17.0.9)
1 > Accept-Encoding: gzip,deflate


21:14:55.340 [main] DEBUG com.intuit.karate - response time in milliseconds: 50
1 < 200
1 < Vary: Origin
1 < Vary: Access-Control-Request-Method
1 < Vary: Access-Control-Request-Headers
1 < X-Content-Type-Options: nosniff
1 < X-XSS-Protection: 0
1 < Cache-Control: no-cache, no-store, max-age=0, must-revalidate
1 < Pragma: no-cache
1 < Expires: 0
1 < X-Frame-Options: SAMEORIGIN
1 < Content-Type: application/json
1 < Transfer-Encoding: chunked
1 < Date: Sat, 09 Dec 2023 02:14:54 GMT
1 < Keep-Alive: timeout=60
1 < Connection: keep-alive
{"userId":211,"username":"Tom1@gmail.com","password":"$2a$10$I7m.Qj.5UwBlL2uiVQqyI.pyNbVFMpeD/H81OvFxV5BRiz8FHcShy","lastName":"Smith","firstName":"Tom1","userType":3,"phone":"5055087707","email":"Tom1@gmail.com","cusUrl":"https://doggywood-veterinary.s3.amazonaws.com/assets/Animals/random_a1.jpg","photoPath":"photoPath","isActive":0,"contactType":1,"roles":[{"id":2,"name":"ROLE_ADMIN"}]}
21:14:55.342 [main] INFO  com.intuit.karate - [print] null 
21:14:55.347 [main] DEBUG com.intuit.karate - request:
1 > GET http://localhost:8080/api/nfts
1 > Host: localhost:8080
1 > Connection: Keep-Alive
1 > User-Agent: Apache-HttpClient/4.5.13 (Java/17.0.9)
1 > Accept-Encoding: gzip,deflate


21:14:55.475 [main] DEBUG com.intuit.karate - response time in milliseconds: 128
1 < 200
1 < Vary: Origin
1 < Vary: Access-Control-Request-Method
1 < Vary: Access-Control-Request-Headers
1 < X-Content-Type-Options: nosniff
1 < X-XSS-Protection: 0
1 < Cache-Control: no-cache, no-store, max-age=0, must-revalidate
1 < Pragma: no-cache
1 < Expires: 0
1 < X-Frame-Options: SAMEORIGIN
1 < Content-Length: 0
1 < Date: Sat, 09 Dec 2023 02:14:54 GMT
1 < Keep-Alive: timeout=60
1 < Connection: keep-alive

21:14:55.477 [main] INFO  com.intuit.karate - [print] null 
21:14:55.481 [main] DEBUG com.intuit.karate - request:
1 > GET http://localhost:8080/api/nfts/4002
1 > Host: localhost:8080
1 > Connection: Keep-Alive
1 > User-Agent: Apache-HttpClient/4.5.13 (Java/17.0.9)
1 > Accept-Encoding: gzip,deflate


21:14:55.573 [main] DEBUG com.intuit.karate - response time in milliseconds: 91
1 < 200
1 < Vary: Origin
1 < Vary: Access-Control-Request-Method
1 < Vary: Access-Control-Request-Headers
1 < X-Content-Type-Options: nosniff
1 < X-XSS-Protection: 0
1 < Cache-Control: no-cache, no-store, max-age=0, must-revalidate
1 < Pragma: no-cache
1 < Expires: 0
1 < X-Frame-Options: SAMEORIGIN
1 < Content-Length: 0
1 < Date: Sat, 09 Dec 2023 02:14:55 GMT
1 < Keep-Alive: timeout=60
1 < Connection: keep-alive

21:14:55.575 [main] INFO  com.intuit.karate - [print] null 
---------------------------------------------------------
feature: classpath:karate/apiTest.feature
scenarios:  8 | passed:  8 | failed:  0 | time: 2.1754
---------------------------------------------------------

21:14:56.286 [main] INFO  com.intuit.karate.Suite - <<pass>> feature 1 of 9 (0 remaining) classpath:karate/apiTest.feature
21:14:56.292 [main] DEBUG com.intuit.karate - request:
1 > GET http://localhost:8080/api/addresses/10001
1 > Host: localhost:8080
1 > Connection: Keep-Alive
1 > User-Agent: Apache-HttpClient/4.5.13 (Java/17.0.9)
1 > Accept-Encoding: gzip,deflate


21:14:56.379 [main] DEBUG com.intuit.karate - response time in milliseconds: 87
1 < 200
1 < Vary: Origin
1 < Vary: Access-Control-Request-Method
1 < Vary: Access-Control-Request-Headers
1 < X-Content-Type-Options: nosniff
1 < X-XSS-Protection: 0
1 < Cache-Control: no-cache, no-store, max-age=0, must-revalidate
1 < Pragma: no-cache
1 < Expires: 0
1 < X-Frame-Options: SAMEORIGIN
1 < Content-Length: 0
1 < Date: Sat, 09 Dec 2023 02:14:55 GMT
1 < Keep-Alive: timeout=60
1 < Connection: keep-alive

21:14:56.382 [main] INFO  com.intuit.karate - [print] null 
21:14:56.386 [main] DEBUG com.intuit.karate - request:
1 > GET http://localhost:8080/api/addresses
1 > Host: localhost:8080
1 > Connection: Keep-Alive
1 > User-Agent: Apache-HttpClient/4.5.13 (Java/17.0.9)
1 > Accept-Encoding: gzip,deflate


21:14:56.739 [main] DEBUG com.intuit.karate - response time in milliseconds: 353
1 < 200
1 < Vary: Origin
1 < Vary: Access-Control-Request-Method
1 < Vary: Access-Control-Request-Headers
1 < X-Content-Type-Options: nosniff
1 < X-XSS-Protection: 0
1 < Cache-Control: no-cache, no-store, max-age=0, must-revalidate
1 < Pragma: no-cache
1 < Expires: 0
1 < X-Frame-Options: SAMEORIGIN
1 < Content-Type: application/json
1 < Transfer-Encoding: chunked
1 < Date: Sat, 09 Dec 2023 02:14:56 GMT
1 < Keep-Alive: timeout=60
1 < Connection: keep-alive
[{"id":1,"description":"description","email":"Tom1@gmail.com","address":"0x900bE021E38B8d08435A03c05657C8cFA837cAeF","chain":"ropstein","iconUrl":"ICON_URL","blockExplorerUrl":"BLOCK_EXPLORER_URL","user":null,"chainId":101,"nftAddressDto":null},{"id":2,"description":"description","email":"Tom2@gmail.com","address":"0x399EEc3B8e889a2E0853dd254f09C4535061693A","chain":"polygon","iconUrl":"ICON_URL","blockExplorerUrl":"BLOCK_EXPLORER_URL","user":null,"chainId":151,"nftAddressDto":null},{"id":3,"description":"description","email":"Tom3@gmail.com","address":"0x399EEc3B8e889a2E0853dd254f09C4535061693A","chain":"ethereum","iconUrl":"ICON_URL","blockExplorerUrl":"BLOCK_EXPLORER_URL","user":null,"chainId":201,"nftAddressDto":null},{"id":4,"description":"description","email":"Tom4@gmail.com","address":"0x399EEc3B8e889a2E0853dd254f09C4535061693A","chain":"polygon","iconUrl":"ICON_URL","blockExplorerUrl":"BLOCK_EXPLORER_URL","user":null,"chainId":251,"nftAddressDto":null},{"id":5,"description":"description","email":"Tom5@gmail.com","address":"0x399EEc3B8e889a2E0853dd254f09C4535061693A","chain":"polygon","iconUrl":"ICON_URL","blockExplorerUrl":"BLOCK_EXPLORER_URL","user":null,"chainId":301,"nftAddressDto":null},{"id":6,"description":"description","email":"Tom6@gmail.com","address":"0x399EEc3B8e889a2E0853dd254f09C4535061693A","chain":"ropstein","iconUrl":"ICON_URL","blockExplorerUrl":"BLOCK_EXPLORER_URL","user":null,"chainId":351,"nftAddressDto":null},{"id":7,"description":"description","email":"Tom7@gmail.com","address":"0x900bE021E38B8d08435A03c05657C8cFA837cAeF","chain":"ethereum","iconUrl":"ICON_URL","blockExplorerUrl":"BLOCK_EXPLORER_URL","user":null,"chainId":401,"nftAddressDto":null},{"id":8,"description":"description","email":"Tom8@gmail.com","address":"0x900bE021E38B8d08435A03c05657C8cFA837cAeF","chain":"ethereum","iconUrl":"ICON_URL","blockExplorerUrl":"BLOCK_EXPLORER_URL","user":null,"chainId":451,"nftAddressDto":null},{"id":9,"description":"description","email":"thomas.maestas@hotmail.com","address":"0x900bE021E38B8d08435A03c05657C8cFA837cAeF","chain":"polygon","iconUrl":"ICON_URL","blockExplorerUrl":"BLOCK_EXPLORER_URL","user":null,"chainId":501,"nftAddressDto":null},{"id":10,"description":"description","email":"thomasm1.maestas@gmail.com","address":"0x399EEc3B8e889a2E0853dd254f09C4535061693A","chain":"goerli","iconUrl":"ICON_URL","blockExplorerUrl":"BLOCK_EXPLORER_URL","user":null,"chainId":551,"nftAddressDto":null}]
21:14:56.740 [main] INFO  com.intuit.karate - [print] null 
---------------------------------------------------------
feature: classpath:karate/addresses/addresses.feature
scenarios:  2 | passed:  2 | failed:  0 | time: 0.4472
---------------------------------------------------------

21:14:56.784 [main] INFO  com.intuit.karate.Suite - <<pass>> feature 2 of 9 (0 remaining) classpath:karate/addresses/addresses.feature
21:14:56.789 [main] DEBUG com.intuit.karate - request:
1 > GET http://localhost:8080/api/chains
1 > Host: localhost:8080
1 > Connection: Keep-Alive
1 > User-Agent: Apache-HttpClient/4.5.13 (Java/17.0.9)
1 > Accept-Encoding: gzip,deflate


21:14:56.880 [main] DEBUG com.intuit.karate - response time in milliseconds: 91
1 < 200
1 < Vary: Origin
1 < Vary: Access-Control-Request-Method
1 < Vary: Access-Control-Request-Headers
1 < X-Content-Type-Options: nosniff
1 < X-XSS-Protection: 0
1 < Cache-Control: no-cache, no-store, max-age=0, must-revalidate
1 < Pragma: no-cache
1 < Expires: 0
1 < X-Frame-Options: SAMEORIGIN
1 < Content-Type: application/json
1 < Transfer-Encoding: chunked
1 < Date: Sat, 09 Dec 2023 02:14:56 GMT
1 < Keep-Alive: timeout=60
1 < Connection: keep-alive
[{"chainId":11501,"name":"polygon","symbol":"MATIC_2","description":"matic  Chain","longDescription":"NFT - 0x1","iconUrl":"https://s3.amazonaws.com/tmm.net/img/polygon.jpg","category":"Mainnet","chainListIcon":null,"rpcUrl":"https://api.matic.network/ext/bc/C/rpc","id":2402,"blockExplorerUrl":null},{"chainId":11551,"name":"avalanche","symbol":"avax","description":"avalanche C-Chain","longDescription":"NFT - 0x1","iconUrl":"https://s3.amazonaws.com/tmm.net/img/avax.png","category":"Mainnet","chainListIcon":null,"rpcUrl":"https://api.avax.network/ext/bc/C/rpc","id":3,"blockExplorerUrl":null},{"chainId":11601,"name":"pulsechain","symbol":"pls","description":"pulsechain Mainnet","longDescription":"NFT   0x1","iconUrl":"https://s3.amazonaws.com/tmm.net/img/pulsechain.png","category":"Mainnet","chainListIcon":"https://friends-of-groot-society.s3.amazonaws.com/assets/android-chrome-384x384.png","rpcUrl":"https://rpc.pulsechain.io","id":4,"blockExplorerUrl":null},{"chainId":11651,"name":"solana","symbol":"sol","description":"solana Mainnet","longDescription":"NFT - 0x1","iconUrl":"https://s3.amazonaws.com/tmm.net/img/solana.jpg","category":"Mainnet","chainListIcon":"https://friends-of-groot-society.s3.amazonaws.com/assets/android-chrome-384x384.png","rpcUrl":"https://api.mainnet-beta.solana.com","id":3,"blockExplorerUrl":null},{"chainId":11701,"name":"polygon","symbol":"matic","description":"polygon Mainnet","longDescription":"NFT - 0x1","iconUrl":"https://s3.amazonaws.com/tmm.net/img/polygon.jpg","category":"Mainnet","chainListIcon":null,"rpcUrl":" https://rpc-mainnet.maticvigil.com/","id":3,"blockExplorerUrl":null},{"chainId":11751,"name":"pulsechain","symbol":"TPLS","description":"pulsechain Mainnet","longDescription":"NFT - 0x1","iconUrl":"https://s3.amazonaws.com/tmm.net/img/pulsechain.png","category":"Mainnet","chainListIcon":null,"rpcUrl":"https://rpc.testnet.pulsechain.com","id":240,"blockExplorerUrl":null},{"chainId":11801,"name":"ethereum","symbol":"ETH23","description":"ethereum Mainnet 23","longDescription":"NFT  0x1","iconUrl":"https://s3.amazonaws.com/tmm.net/img/ether.png","category":"ethereum","chainListIcon":null,"rpcUrl":"ETH RPC23","id":3,"blockExplorerUrl":null},{"chainId":11851,"name":"pulsechain","symbol":"pls","description":"pulsechain Mainnet","longDescription":"NFT - 0x1","iconUrl":"https://s3.amazonaws.com/tmm.net/img/pulsechain.png","category":"Mainnet","chainListIcon":"https://friends-of-groot-society.s3.amazonaws.com/assets/android-chrome-384x384.png","rpcUrl":"https://rpc.pulsechain.io","id":4,"blockExplorerUrl":null},{"chainId":11901,"name":"pulsechain","symbol":"pls","description":"pulsechain Mainnet","longDescription":"NFT - 0x1","iconUrl":"https://s3.amazonaws.com/tmm.net/img/pulsechain.png","category":"Mainnet","chainListIcon":"https://friends-of-groot-society.s3.amazonaws.com/assets/android-chrome-384x384.png","rpcUrl":"https://rpc.pulsechain.io","id":434,"blockExplorerUrl":null},{"chainId":11951,"name":"pulsechain7","symbol":"pls","description":"pulsechain Mainnet","longDescription":"NFT - 0x1","iconUrl":"https://s3.amazonaws.com/tmm.net/img/pulsechain.png","category":"Mainnet","chainListIcon":"https://friends-of-groot-society.s3.amazonaws.com/assets/android-chrome-384x384.png","rpcUrl":"https://rpc.pulsechain.io","id":23,"blockExplorerUrl":null}]
21:14:56.882 [main] INFO  com.intuit.karate - [print] null 
21:14:56.887 [main] DEBUG com.intuit.karate - request:
1 > GET http://localhost:8080/api/chains/11501
1 > Host: localhost:8080
1 > Connection: Keep-Alive
1 > User-Agent: Apache-HttpClient/4.5.13 (Java/17.0.9)
1 > Accept-Encoding: gzip,deflate


21:14:56.975 [main] DEBUG com.intuit.karate - response time in milliseconds: 88
1 < 200
1 < Vary: Origin
1 < Vary: Access-Control-Request-Method
1 < Vary: Access-Control-Request-Headers
1 < X-Content-Type-Options: nosniff
1 < X-XSS-Protection: 0
1 < Cache-Control: no-cache, no-store, max-age=0, must-revalidate
1 < Pragma: no-cache
1 < Expires: 0
1 < X-Frame-Options: SAMEORIGIN
1 < Content-Type: application/json
1 < Transfer-Encoding: chunked
1 < Date: Sat, 09 Dec 2023 02:14:56 GMT
1 < Keep-Alive: timeout=60
1 < Connection: keep-alive
{"chainId":11501,"name":"polygon","symbol":"MATIC_2","description":"matic  Chain","longDescription":"NFT - 0x1","iconUrl":"https://s3.amazonaws.com/tmm.net/img/polygon.jpg","category":"Mainnet","chainListIcon":null,"rpcUrl":"https://api.matic.network/ext/bc/C/rpc","id":2402,"blockExplorerUrl":null}
21:14:56.977 [main] INFO  com.intuit.karate - [print] null 
---------------------------------------------------------
feature: classpath:karate/chains/chains.feature
scenarios:  2 | passed:  2 | failed:  0 | time: 0.1862
---------------------------------------------------------

21:14:57.014 [main] INFO  com.intuit.karate.Suite - <<pass>> feature 3 of 9 (0 remaining) classpath:karate/chains/chains.feature
21:14:57.022 [main] DEBUG com.intuit.karate - request:
1 > GET http://localhost:8080/actuator/health
1 > Host: localhost:8080
1 > Connection: Keep-Alive
1 > User-Agent: Apache-HttpClient/4.5.13 (Java/17.0.9)
1 > Accept-Encoding: gzip,deflate


21:14:57.085 [main] DEBUG com.intuit.karate - response time in milliseconds: 63
1 < 200
1 < X-Content-Type-Options: nosniff
1 < X-XSS-Protection: 0
1 < Cache-Control: no-cache, no-store, max-age=0, must-revalidate
1 < Pragma: no-cache
1 < Expires: 0
1 < X-Frame-Options: SAMEORIGIN
1 < Content-Type: application/vnd.spring-boot.actuator.v3+json
1 < Transfer-Encoding: chunked
1 < Date: Sat, 09 Dec 2023 02:14:56 GMT
1 < Keep-Alive: timeout=60
1 < Connection: keep-alive
{"status":"UP","components":{"db":{"status":"UP","details":{"database":"Oracle","validationQuery":"isValid()"}},"diskSpace":{"status":"UP","details":{"total":510981537792,"free":58801606656,"threshold":10485760,"path":"C:\\w\\git\\www\\_groot\\mat-api\\.","exists":true}},"ping":{"status":"UP"}}}
21:14:57.087 [main] INFO  com.intuit.karate - [print] null 
21:14:57.091 [main] DEBUG com.intuit.karate - request:
1 > GET http://localhost:8080/actuator/info
1 > Host: localhost:8080
1 > Connection: Keep-Alive
1 > User-Agent: Apache-HttpClient/4.5.13 (Java/17.0.9)
1 > Accept-Encoding: gzip,deflate


21:14:57.101 [main] DEBUG com.intuit.karate - response time in milliseconds: 9
1 < 200
1 < X-Content-Type-Options: nosniff
1 < X-XSS-Protection: 0
1 < Cache-Control: no-cache, no-store, max-age=0, must-revalidate
1 < Pragma: no-cache
1 < Expires: 0
1 < X-Frame-Options: SAMEORIGIN
1 < Content-Type: application/vnd.spring-boot.actuator.v3+json
1 < Transfer-Encoding: chunked
1 < Date: Sat, 09 Dec 2023 02:14:56 GMT
1 < Keep-Alive: timeout=60
1 < Connection: keep-alive
{"app":{"name":"friendsofgroot","description":"MaPL NFT WALLET REST API","version":"3.3.3"}}
21:14:57.102 [main] INFO  com.intuit.karate - [print] null 
21:14:57.107 [main] DEBUG com.intuit.karate - request:
1 > GET http://localhost:8080/actuator/env
1 > Host: localhost:8080
1 > Connection: Keep-Alive
1 > User-Agent: Apache-HttpClient/4.5.13 (Java/17.0.9)
1 > Accept-Encoding: gzip,deflate


21:14:57.126 [main] DEBUG com.intuit.karate - response time in milliseconds: 19
1 < 200
1 < X-Content-Type-Options: nosniff
1 < X-XSS-Protection: 0
1 < Cache-Control: no-cache, no-store, max-age=0, must-revalidate
1 < Pragma: no-cache
1 < Expires: 0
1 < X-Frame-Options: SAMEORIGIN
1 < Content-Type: application/vnd.spring-boot.actuator.v3+json
1 < Transfer-Encoding: chunked
1 < Date: Sat, 09 Dec 2023 02:14:56 GMT
1 < Keep-Alive: timeout=60
1 < Connection: keep-alive
{"activeProfiles":["prod"],"propertySources":[{"name":"server.ports","properties":{"local.server.port":{"value":"******"}}},{"name":"servletContextInitParams","properties":{}},{"name":"systemProperties","properties":{"java.specification.version":{"value":"******"},"sun.cpu.isalist":{"value":"******"},"sun.jnu.encoding":{"value":"******"},"java.class.path":{"value":"******"},"java.vm.vendor":{"value":"******"},"sun.arch.data.model":{"value":"******"},"user.variant":{"value":"******"},"java.vendor.url":{"value":"******"},"catalina.useNaming":{"value":"******"},"user.timezone":{"value":"******"},"org.jboss.logging.provider":{"value":"******"},"java.vm.specification.version":{"value":"******"},"os.name":{"value":"******"},"sun.java.launcher":{"value":"******"},"user.country":{"value":"******"},"sun.boot.library.path":{"value":"******"},"sun.java.command":{"value":"******"},"jdk.debug":{"value":"******"},"sun.cpu.endian":{"value":"******"},"user.home":{"value":"******"},"user.language":{"value":"******"},"java.specification.vendor":{"value":"******"},"java.version.date":{"value":"******"},"java.home":{"value":"******"},"file.separator":{"value":"******"},"java.vm.compressedOopsMode":{"value":"******"},"line.separator":{"value":"******"},"java.vm.specification.vendor":{"value":"******"},"java.specification.name":{"value":"******"},"FILE_LOG_CHARSET":{"value":"******"},"java.awt.headless":{"value":"******"},"user.script":{"value":"******"},"java.protocol.handler.pkgs":{"value":"******"},"sun.management.compiler":{"value":"******"},"java.runtime.version":{"value":"******"},"user.name":{"value":"******"},"path.separator":{"value":"******"},"os.version":{"value":"******"},"java.runtime.name":{"value":"******"},"file.encoding":{"value":"******"},"java.vm.name":{"value":"******"},"java.vendor.url.bug":{"value":"******"},"java.io.tmpdir":{"value":"******"},"catalina.home":{"value":"******"},"com.zaxxer.hikari.pool_number":{"value":"******"},"java.version":{"value":"******"},"user.dir":{"value":"******"},"os.arch":{"value":"******"},"java.vm.specification.name":{"value":"******"},"PID":{"value":"******"},"sun.os.patch.level":{"value":"******"},"CONSOLE_LOG_CHARSET":{"value":"******"},"catalina.base":{"value":"******"},"native.encoding":{"value":"******"},"java.library.path":{"value":"******"},"java.vm.info":{"value":"******"},"java.vendor":{"value":"******"},"java.vm.version":{"value":"******"},"sun.io.unicode.encoding":{"value":"******"},"java.class.version":{"value":"******"}}},{"name":"systemEnvironment","properties":{"PATH":{"value":"******","origin":"System Environment Property \"PATH\""},"PKG_CONFIG_PATH":{"value":"******","origin":"System Environment Property \"PKG_CONFIG_PATH\""},"CONFIG_SITE":{"value":"******","origin":"System Environment Property \"CONFIG_SITE\""},"SESSIONNAME":{"value":"******","origin":"System Environment Property \"SESSIONNAME\""},"ALLUSERSPROFILE":{"value":"******","origin":"System Environment Property \"ALLUSERSPROFILE\""},"ORIGINAL_TEMP":{"value":"******","origin":"System Environment Property \"ORIGINAL_TEMP\""},"PROGRAMFILES":{"value":"******","origin":"System Environment Property \"PROGRAMFILES\""},"SSH_AGENT_PID":{"value":"******","origin":"System Environment Property \"SSH_AGENT_PID\""},"USERNAME":{"value":"******","origin":"System Environment Property \"USERNAME\""},"PWD":{"value":"******","origin":"System Environment Property \"PWD\""},"TERM_PROGRAM_VERSION":{"value":"******","origin":"System Environment Property \"TERM_PROGRAM_VERSION\""},"FIREBASE_API":{"value":"******","origin":"System Environment Property \"FIREBASE_API\""},"ProgramFiles(x86)":{"value":"******","origin":"System Environment Property \"ProgramFiles(x86)\""},"FPS_BROWSER_USER_PROFILE_STRING":{"value":"******","origin":"System Environment Property \"FPS_BROWSER_USER_PROFILE_STRING\""},"PATHEXT":{"value":"******","origin":"System Environment Property \"PATHEXT\""},"DriverData":{"value":"******","origin":"System Environment Property \"DriverData\""},"IntelliJ IDEA Community Edition":{"value":"******","origin":"System Environment Property \"IntelliJ IDEA Community Edition\""},"PYTHONHOME":{"value":"******","origin":"System Environment Property \"PYTHONHOME\""},"ORIGINAL_TMP":{"value":"******","origin":"System Environment Property \"ORIGINAL_TMP\""},"PyCharm Community Edition":{"value":"******","origin":"System Environment Property \"PyCharm Community Edition\""},"HOMEPATH":{"value":"******","origin":"System Environment Property \"HOMEPATH\""},"PROCESSOR_IDENTIFIER":{"value":"******","origin":"System Environment Property \"PROCESSOR_IDENTIFIER\""},"PUBLIC":{"value":"******","origin":"System Environment Property \"PUBLIC\""},"VS160COMCOMNTOOLS":{"value":"******","origin":"System Environment Property \"VS160COMCOMNTOOLS\""},"LC_CTYPE":{"value":"******","origin":"System Environment Property \"LC_CTYPE\""},"=::":{"value":"******","origin":"System Environment Property \"=::\""},"EXEPATH":{"value":"******","origin":"System Environment Property \"EXEPATH\""},"SHLVL":{"value":"******","origin":"System Environment Property \"SHLVL\""},"ZES_ENABLE_SYSMAN":{"value":"******","origin":"System Environment Property \"ZES_ENABLE_SYSMAN\""},"OPENSSL_CONF":{"value":"******","origin":"System Environment Property \"OPENSSL_CONF\""},"ORIGINAL_PATH":{"value":"******","origin":"System Environment Property \"ORIGINAL_PATH\""},"IntelliJ IDEA":{"value":"******","origin":"System Environment Property \"IntelliJ IDEA\""},"FPS_BROWSER_APP_PROFILE_STRING":{"value":"******","origin":"System Environment Property \"FPS_BROWSER_APP_PROFILE_STRING\""},"JAVA_HOME":{"value":"******","origin":"System Environment Property \"JAVA_HOME\""},"DataGrip":{"value":"******","origin":"System Environment Property \"DataGrip\""},"TERM":{"value":"******","origin":"System Environment Property \"TERM\""},"GRADLE_HOME":{"value":"******","origin":"System Environment Property \"GRADLE_HOME\""},"asl.log":{"value":"******","origin":"System Environment Property \"asl.log\""},"MSYSTEM":{"value":"******","origin":"System Environment Property \"MSYSTEM\""},"OneDrive":{"value":"******","origin":"System Environment Property \"OneDrive\""},"APPDATA":{"value":"******","origin":"System Environment Property \"APPDATA\""},"ChocolateyInstall":{"value":"******","origin":"System Environment Property \"ChocolateyInstall\""},"OPENSHIFT_ORACLE_DB_PASSWORD":{"value":"******","origin":"System Environment Property \"OPENSHIFT_ORACLE_DB_PASSWORD\""},"_":{"value":"******","origin":"System Environment Property \"_\""},"POSTGRES_PW":{"value":"******","origin":"System Environment Property \"POSTGRES_PW\""},"MSYS":{"value":"******","origin":"System Environment Property \"MSYS\""},"TERM_PROGRAM":{"value":"******","origin":"System Environment Property \"TERM_PROGRAM\""},"COMPUTERNAME":{"value":"******","origin":"System Environment Property \"COMPUTERNAME\""},"ELASTIC_PASSWORD":{"value":"******","origin":"System Environment Property \"ELASTIC_PASSWORD\""},"ACLOCAL_PATH":{"value":"******","origin":"System Environment Property \"ACLOCAL_PATH\""},"googleMapAPIKey":{"value":"******","origin":"System Environment Property \"googleMapAPIKey\""},"MSYSTEM_CARCH":{"value":"******","origin":"System Environment Property \"MSYSTEM_CARCH\""},"HOMEDRIVE":{"value":"******","origin":"System Environment Property \"HOMEDRIVE\""},"NYT_API":{"value":"******","origin":"System Environment Property \"NYT_API\""},"NUMBER_OF_PROCESSORS":{"value":"******","origin":"System Environment Property \"NUMBER_OF_PROCESSORS\""},"PKG_CONFIG_SYSTEM_LIBRARY_PATH":{"value":"******","origin":"System Environment Property \"PKG_CONFIG_SYSTEM_LIBRARY_PATH\""},"USERDOMAIN_ROAMINGPROFILE":{"value":"******","origin":"System Environment Property \"USERDOMAIN_ROAMINGPROFILE\""},"MORALIS_API_KEY":{"value":"******","origin":"System Environment Property \"MORALIS_API_KEY\""},"MSYSTEM_PREFIX":{"value":"******","origin":"System Environment Property \"MSYSTEM_PREFIX\""},"PROCESSOR_LEVEL":{"value":"******","origin":"System Environment Property \"PROCESSOR_LEVEL\""},"SYSTEMDRIVE":{"value":"******","origin":"System Environment Property \"SYSTEMDRIVE\""},"PROCESSOR_ARCHITECTURE":{"value":"******","origin":"System Environment Property \"PROCESSOR_ARCHITECTURE\""},"MSYSTEM_CHOST":{"value":"******","origin":"System Environment Property \"MSYSTEM_CHOST\""},"PS1":{"value":"******","origin":"System Environment Property \"PS1\""},"PSModulePath":{"value":"******","origin":"System Environment Property \"PSModulePath\""},"MVN_HOME":{"value":"******","origin":"System Environment Property \"MVN_HOME\""},"DEFAULT_ADDRESS":{"value":"******","origin":"System Environment Property \"DEFAULT_ADDRESS\""},"EFC_6020":{"value":"******","origin":"System Environment Property \"EFC_6020\""},"INFOPATH":{"value":"******","origin":"System Environment Property \"INFOPATH\""},"PKG_CONFIG_SYSTEM_INCLUDE_PATH":{"value":"******","origin":"System Environment Property \"PKG_CONFIG_SYSTEM_INCLUDE_PATH\""},"PYTHONPATH":{"value":"******","origin":"System Environment Property \"PYTHONPATH\""},"SHELL":{"value":"******","origin":"System Environment Property \"SHELL\""},"OLDPWD":{"value":"******","origin":"System Environment Property \"OLDPWD\""},"TMPDIR":{"value":"******","origin":"System Environment Property \"TMPDIR\""},"WINDIR":{"value":"******","origin":"System Environment Property \"WINDIR\""},"ProgramData":{"value":"******","origin":"System Environment Property \"ProgramData\""},"ProgramW6432":{"value":"******","origin":"System Environment Property \"ProgramW6432\""},"SSH_ASKPASS":{"value":"******","origin":"System Environment Property \"SSH_ASKPASS\""},"MINGW_CHOST":{"value":"******","origin":"System Environment Property \"MINGW_CHOST\""},"LOCALAPPDATA":{"value":"******","origin":"System Environment Property \"LOCALAPPDATA\""},"ChocolateyLastPathUpdate":{"value":"******","origin":"System Environment Property \"ChocolateyLastPathUpdate\""},"MANPATH":{"value":"******","origin":"System Environment Property \"MANPATH\""},"MINGW_PACKAGE_PREFIX":{"value":"******","origin":"System Environment Property \"MINGW_PACKAGE_PREFIX\""},"USERDOMAIN":{"value":"******","origin":"System Environment Property \"USERDOMAIN\""},"LOGONSERVER":{"value":"******","origin":"System Environment Property \"LOGONSERVER\""},"ORACLE_DB_PASSWORD":{"value":"******","origin":"System Environment Property \"ORACLE_DB_PASSWORD\""},"PLINK_PROTOCOL":{"value":"******","origin":"System Environment Property \"PLINK_PROTOCOL\""},"MINGW_PREFIX":{"value":"******","origin":"System Environment Property \"MINGW_PREFIX\""},"DISPLAY":{"value":"******","origin":"System Environment Property \"DISPLAY\""},"nasaAPIKey":{"value":"******","origin":"System Environment Property \"nasaAPIKey\""},"SYSTEMROOT":{"value":"******","origin":"System Environment Property \"SYSTEMROOT\""},"NVM_DIR":{"value":"******","origin":"System Environment Property \"NVM_DIR\""},"OS":{"value":"******","origin":"System Environment Property \"OS\""},"COMMONPROGRAMFILES":{"value":"******","origin":"System Environment Property \"COMMONPROGRAMFILES\""},"COMSPEC":{"value":"******","origin":"System Environment Property \"COMSPEC\""},"PROCESSOR_REVISION":{"value":"******","origin":"System Environment Property \"PROCESSOR_REVISION\""},"CommonProgramW6432":{"value":"******","origin":"System Environment Property \"CommonProgramW6432\""},"SSH_AUTH_SOCK":{"value":"******","origin":"System Environment Property \"SSH_AUTH_SOCK\""},"TEMP":{"value":"******","origin":"System Environment Property \"TEMP\""},"HOSTNAME":{"value":"******","origin":"System Environment Property \"HOSTNAME\""},"USERPROFILE":{"value":"******","origin":"System Environment Property \"USERPROFILE\""},"TMP":{"value":"******","origin":"System Environment Property \"TMP\""},"CommonProgramFiles(x86)":{"value":"******","origin":"System Environment Property \"CommonProgramFiles(x86)\""},"OPENAI_API_KEY":{"value":"******","origin":"System Environment Property \"OPENAI_API_KEY\""},"HOME":{"value":"******","origin":"System Environment Property \"HOME\""}}},{"name":"Config resource 'class path resource [application-prod.properties]' via location 'optional:classpath:/'","properties":{"app.version":{"value":"******","origin":"class path resource [application-prod.properties] - 1:13"},"server.port":{"value":"******","origin":"class path resource [application-prod.properties] - 2:13"},"local.server.port":{"value":"******","origin":"class path resource [application-prod.properties] - 3:19"},"system.environment":{"value":"******","origin":"class path resource [application-prod.properties] - 4:20"},"security.basic.enable":{"value":"******","origin":"class path resource [application-prod.properties] - 8:24"},"security.user.name":{"value":"******","origin":"class path resource [application-prod.properties] - 9:20"},"security.user.password":{"value":"******","origin":"class path resource [application-prod.properties] - 10:24"},"spring.sql.init.continue-on-error":{"value":"******","origin":"class path resource [application-prod.properties] - 14:35"},"spring.sql.init.schema-locations":{"value":"******","origin":"class path resource [application-prod.properties] - 15:34"},"spring.sql.init.data-locations":{"value":"******","origin":"class path resource [application-prod.properties] - 16:32"},"spring.data.jpa.repositories.bootstrap-mode":{"value":"******","origin":"class path resource [application-prod.properties] - 19:45"},"spring.datasource.url":{"value":"******","origin":"class path resource [application-prod.properties] - 21:23"},"spring.datasource.username":{"value":"******","origin":"class path resource [application-prod.properties] - 22:28"},"spring.datasource.password":{"value":"******","origin":"class path resource [application-prod.properties] - 23:28"},"spring.datasource.driver-class-name":{"value":"******","origin":"class path resource [application-prod.properties] - 25:37"},"spring.jpa.database":{"value":"******","origin":"class path resource [application-prod.properties] - 27:21"},"spring.jpa.hibernate.ddl-auto":{"value":"******","origin":"class path resource [application-prod.properties] - 29:31"},"spring.jpa.properties.hibernate.dialect":{"value":"******","origin":"class path resource [application-prod.properties] - 31:41"},"spring.jpa.properties.hibernate.connection.characterEncoding":{"value":"******","origin":"class path resource [application-prod.properties] - 32:63"},"spring.jpa.properties.hibernate.connection.CharSet":{"value":"******","origin":"class path resource [application-prod.properties] - 33:53"},"spring.jpa.properties.hibernate.useUnicode":{"value":"******","origin":"class path resource [application-prod.properties] - 34:44"},"spring.jpa.properties.hibernate.show-sql":{"value":"******","origin":"class path resource [application-prod.properties] - 35:42"},"spring.jpa.properties.hibernate.format_sql":{"value":"******","origin":"class path resource [application-prod.properties] - 36:44"},"spring.jpa.properties.hibernate.jdbc.lob.non_contextual_creation":{"value":"******","origin":"class path resource [application-prod.properties] - 37:66"},"spring.jpa.properties.hibernate.session.events.log.LOG_QUERIES_SLOWER_THAN_MS":{"value":"******","origin":"class path resource [application-prod.properties] - 39:79"},"spring.jpa.properties.hibernate.generate_statistics":{"value":"******","origin":"class path resource [application-prod.properties] - 40:53"},"spring.jpa.properties.hibernate.session.events.log":{"value":"******","origin":"class path resource [application-prod.properties] - 41:52"},"spring.jpa.properties.jakarta.persistence.validation.mode":{"value":"******","origin":"class path resource [application-prod.properties] - 42:59"},"spring.jpa.properties.jakarta.persistence.sharedCache.mode":{"value":"******","origin":"class path resource [application-prod.properties] - 44:60"},"spring.jpa.properties.jakarta.persistence.cache.storeMode":{"value":"******","origin":"class path resource [application-prod.properties] - 45:59"},"spring.jpa.properties.jakarta.persistence.cache.retrieveMode":{"value":"******","origin":"class path resource [application-prod.properties] - 46:62"},"spring.h2.console.enabled":{"value":"******","origin":"class path resource [application-prod.properties] - 48:27"},"spring.flyway.enabled":{"value":"******","origin":"class path resource [application-prod.properties] - 54:23"},"management.endpoints.web.exposure.include":{"value":"******","origin":"class path resource [application-prod.properties] - 57:43"},"logging.level.org.springframework.web":{"value":"******","origin":"class path resource [application-prod.properties] - 59:39"},"logging.level.org.springframework.security":{"value":"******","origin":"class path resource [application-prod.properties] - 60:44"},"logging.level.org.springframework.security.web":{"value":"******","origin":"class path resource [application-prod.properties] - 61:48"},"logging.level.org.springframework.security.authentication":{"value":"******","origin":"class path resource [application-prod.properties] - 62:59"},"logging.level.org.springframework":{"value":"******","origin":"class path resource [application-prod.properties] - 63:35"},"logging.level.org.hibernate.cache":{"value":"******","origin":"class path resource [application-prod.properties] - 65:35"},"logging.level.org.hibernate.stat":{"value":"******","origin":"class path resource [application-prod.properties] - 66:34"},"logging.level.com.mapl.app":{"value":"******","origin":"class path resource [application-prod.properties] - 68:28"},"spring.mvc.format.date":{"value":"******","origin":"class path resource [application-prod.properties] - 71:24"},"spring.thymeleaf.cache":{"value":"******","origin":"class path resource [application-prod.properties] - 72:24"},"spring.thymeleaf.enabled":{"value":"******","origin":"class path resource [application-prod.properties] - 73:26"},"spring.mvc.view.suffix":{"value":"******","origin":"class path resource [application-prod.properties] - 74:24"},"logging.appender.console":{"value":"******","origin":"class path resource [application-prod.properties] - 80:26"},"logging.appender.console.layout":{"value":"******","origin":"class path resource [application-prod.properties] - 82:33"},"logging.appender.console.layout.pattern":{"value":"******","origin":"class path resource [application-prod.properties] - 83:41"},"app.jwt-secret":{"value":"******","origin":"class path resource [application-prod.properties] - 86:16"},"app.jwt-expiration-milliseconds":{"value":"******","origin":"class path resource [application-prod.properties] - 87:33"}}},{"name":"Config resource 'class path resource [application.properties]' via location 'optional:classpath:/'","properties":{"app.version":{"value":"******","origin":"class path resource [application.properties] - 1:13"},"server.port":{"value":"******","origin":"class path resource [application.properties] - 2:13"},"local.server.port":{"value":"******","origin":"class path resource [application.properties] - 3:19"},"spring.profiles.active":{"value":"******","origin":"class path resource [application.properties] - 4:24"},"spring.application.name":{"value":"******","origin":"class path resource [application.properties] - 6:25"},"spring.data.rest.base-path":{"value":"******","origin":"class path resource [application.properties] - 7:28"},"security.basic.enable":{"value":"******","origin":"class path resource [application.properties] - 9:23"},"security.user.name":{"value":"******","origin":"class path resource [application.properties] - 10:20"},"security.user.password":{"value":"******","origin":"class path resource [application.properties] - 11:24"},"management.endpoints.web.exposure.include":{"value":"******","origin":"class path resource [application.properties] - 56:43"},"management.info.env.enabled":{"value":"******","origin":"class path resource [application.properties] - 57:29"},"management.endpoint.health.show-details":{"value":"******","origin":"class path resource [application.properties] - 58:41"},"management.endpoint.shutdown.enabled":{"value":"******","origin":"class path resource [application.properties] - 59:38"},"logging.level.org.springframework.web":{"value":"******","origin":"class path resource [application.properties] - 61:39"},"logging.level.org.springframework.security":{"value":"******","origin":"class path resource [application.properties] - 62:44"},"logging.level.org.springframework.security.web":{"value":"******","origin":"class path resource [application.properties] - 63:48"},"logging.level.org.springframework.security.authentication":{"value":"******","origin":"class path resource [application.properties] - 64:59"},"logging.level.org.springframework":{"value":"******","origin":"class path resource [application.properties] - 65:35"},"logging.level.org.hibernate.cache":{"value":"******","origin":"class path resource [application.properties] - 67:35"},"logging.level.org.hibernate.stat":{"value":"******","origin":"class path resource [application.properties] - 68:34"},"logging.level.com.mapl.app":{"value":"******","origin":"class path resource [application.properties] - 70:28"},"logging.appender.console":{"value":"******","origin":"class path resource [application.properties] - 72:26"},"logging.appender.console.layout":{"value":"******","origin":"class path resource [application.properties] - 74:33"},"logging.appender.console.layout.pattern":{"value":"******","origin":"class path resource [application.properties] - 75:41"},"spring.mvc.view.suffix":{"value":"******","origin":"class path resource [application.properties] - 78:24"},"spring.mvc.format.date":{"value":"******","origin":"class path resource [application.properties] - 80:24"},"spring.thymeleaf.cache":{"value":"******","origin":"class path resource [application.properties] - 81:24"},"spring.thymeleaf.enabled":{"value":"******","origin":"class path resource [application.properties] - 82:26"},"currency-service.url":{"value":"******","origin":"class path resource [application.properties] - 95:22"},"currency-service.username":{"value":"******","origin":"class path resource [application.properties] - 96:27"},"currency-service.key":{"value":"******","origin":"class path resource [application.properties] - 97:22"},"app.jwt-secret":{"value":"******","origin":"class path resource [application.properties] - 102:16"},"app.jwt-expiration-milliseconds":{"value":"******","origin":"class path resource [application.properties] - 103:33"},"info.app.name":{"value":"******","origin":"class path resource [application.properties] - 140:15"},"info.app.description":{"value":"******","origin":"class path resource [application.properties] - 141:22"},"info.app.version":{"value":"******","origin":"class path resource [application.properties] - 142:18"}}}]}
21:14:57.131 [main] INFO  com.intuit.karate - [print] null 
21:14:57.139 [main] DEBUG com.intuit.karate - request:
1 > GET http://localhost:8080/actuator/metrics
1 > Host: localhost:8080
1 > Connection: Keep-Alive
1 > User-Agent: Apache-HttpClient/4.5.13 (Java/17.0.9)
1 > Accept-Encoding: gzip,deflate


21:14:57.151 [main] DEBUG com.intuit.karate - response time in milliseconds: 12
1 < 200
1 < X-Content-Type-Options: nosniff
1 < X-XSS-Protection: 0
1 < Cache-Control: no-cache, no-store, max-age=0, must-revalidate
1 < Pragma: no-cache
1 < Expires: 0
1 < X-Frame-Options: SAMEORIGIN
1 < Content-Type: application/vnd.spring-boot.actuator.v3+json
1 < Transfer-Encoding: chunked
1 < Date: Sat, 09 Dec 2023 02:14:56 GMT
1 < Keep-Alive: timeout=60
1 < Connection: keep-alive
{"names":["application.ready.time","application.started.time","disk.free","disk.total","executor.active","executor.completed","executor.pool.core","executor.pool.max","executor.pool.size","executor.queue.remaining","executor.queued","hikaricp.connections","hikaricp.connections.acquire","hikaricp.connections.active","hikaricp.connections.creation","hikaricp.connections.idle","hikaricp.connections.max","hikaricp.connections.min","hikaricp.connections.pending","hikaricp.connections.timeout","hikaricp.connections.usage","http.server.requests","http.server.requests.active","jdbc.connections.active","jdbc.connections.idle","jdbc.connections.max","jdbc.connections.min","jvm.buffer.count","jvm.buffer.memory.used","jvm.buffer.total.capacity","jvm.classes.loaded","jvm.classes.unloaded","jvm.compilation.time","jvm.gc.live.data.size","jvm.gc.max.data.size","jvm.gc.memory.allocated","jvm.gc.memory.promoted","jvm.gc.overhead","jvm.gc.pause","jvm.info","jvm.memory.committed","jvm.memory.max","jvm.memory.usage.after.gc","jvm.memory.used","jvm.threads.daemon","jvm.threads.live","jvm.threads.peak","jvm.threads.states","logback.events","process.cpu.usage","process.start.time","process.uptime","spring.data.repository.invocations","spring.security.authorizations","spring.security.authorizations.active","spring.security.filterchains","spring.security.filterchains.AnonymousAuthenticationFilter after","spring.security.filterchains.AnonymousAuthenticationFilter before","spring.security.filterchains.AuthorizationFilter after","spring.security.filterchains.AuthorizationFilter before","spring.security.filterchains.DisableEncodeUrlFilter after","spring.security.filterchains.DisableEncodeUrlFilter before","spring.security.filterchains.ExceptionTranslationFilter after","spring.security.filterchains.ExceptionTranslationFilter before","spring.security.filterchains.HeaderWriterFilter after","spring.security.filterchains.HeaderWriterFilter before","spring.security.filterchains.JwtAuthenticationFilter after","spring.security.filterchains.JwtAuthenticationFilter before","spring.security.filterchains.LogoutFilter after","spring.security.filterchains.LogoutFilter before","spring.security.filterchains.RequestCacheAwareFilter after","spring.security.filterchains.RequestCacheAwareFilter before","spring.security.filterchains.SecurityContextHolderAwareRequestFilter after","spring.security.filterchains.SecurityContextHolderAwareRequestFilter before","spring.security.filterchains.SecurityContextHolderFilter after","spring.security.filterchains.SecurityContextHolderFilter before","spring.security.filterchains.SessionManagementFilter after","spring.security.filterchains.SessionManagementFilter before","spring.security.filterchains.WebAsyncManagerIntegrationFilter after","spring.security.filterchains.WebAsyncManagerIntegrationFilter before","spring.security.filterchains.active","spring.security.http.secured.requests","spring.security.http.secured.requests.active","system.cpu.count","system.cpu.usage","tomcat.sessions.active.current","tomcat.sessions.active.max","tomcat.sessions.alive.max","tomcat.sessions.created","tomcat.sessions.expired","tomcat.sessions.rejected"]}
21:14:57.157 [main] INFO  com.intuit.karate - [print] null 
21:14:57.162 [main] DEBUG com.intuit.karate - request:
1 > GET http://localhost:8080/actuator/loggers
1 > Host: localhost:8080
1 > Connection: Keep-Alive
1 > User-Agent: Apache-HttpClient/4.5.13 (Java/17.0.9)
1 > Accept-Encoding: gzip,deflate


21:14:57.188 [main] DEBUG com.intuit.karate - response time in milliseconds: 26
1 < 200
1 < X-Content-Type-Options: nosniff
1 < X-XSS-Protection: 0
1 < Cache-Control: no-cache, no-store, max-age=0, must-revalidate
1 < Pragma: no-cache
1 < Expires: 0
1 < X-Frame-Options: SAMEORIGIN
1 < Content-Type: application/vnd.spring-boot.actuator.v3+json
1 < Transfer-Encoding: chunked
1 < Date: Sat, 09 Dec 2023 02:14:56 GMT
1 < Keep-Alive: timeout=60
1 < Connection: keep-alive
{"levels":["OFF","ERROR","WARN","INFO","DEBUG","TRACE"],"loggers":{"ROOT":{"configuredLevel":"INFO","effectiveLevel":"INFO"},"SQL dialect":{"effectiveLevel":"INFO"},"_org":{"effectiveLevel":"INFO"},"_org.springframework":{"effectiveLevel":"INFO"},"_org.springframework.web":{"effectiveLevel":"INFO"},"_org.springframework.web.servlet":{"effectiveLevel":"INFO"},"_org.springframework.web.servlet.HandlerMapping":{"effectiveLevel":"INFO"},"_org.springframework.web.servlet.HandlerMapping.Mappings":{"effectiveLevel":"INFO"},"com":{"effectiveLevel":"INFO"},"com.friendsofgroot":{"effectiveLevel":"INFO"},"com.friendsofgroot.app":{"effectiveLevel":"INFO"},"com.friendsofgroot.app.CliApplication":{"effectiveLevel":"INFO"},"com.friendsofgroot.app.config":{"effectiveLevel":"INFO"},"com.friendsofgroot.app.config.CurrencyConfigurationController":{"effectiveLevel":"INFO"},"com.friendsofgroot.app.config.CurrencyServiceConfiguration":{"effectiveLevel":"INFO"},"com.friendsofgroot.app.config.logger":{"effectiveLevel":"INFO"},"com.friendsofgroot.app.config.logger.ApplicationLoggerAspect":{"effectiveLevel":"INFO"},"com.friendsofgroot.app.config.logger.CliLogger":{"effectiveLevel":"INFO"},"com.friendsofgroot.app.config.security":{"effectiveLevel":"INFO"},"com.friendsofgroot.app.config.security.CustomUserDetailsService":{"effectiveLevel":"INFO"},"com.friendsofgroot.app.config.security.JwtAuthenticationEntryPoint":{"effectiveLevel":"INFO"},"com.friendsofgroot.app.config.security.JwtAuthenticationFilter":{"effectiveLevel":"INFO"},"com.friendsofgroot.app.config.security.JwtTokenProvider":{"effectiveLevel":"INFO"},"com.friendsofgroot.app.config.security.KeysController":{"effectiveLevel":"INFO"},"com.friendsofgroot.app.config.security.SecurityConfig":{"effectiveLevel":"INFO"},"com.friendsofgroot.app.controllers":{"effectiveLevel":"INFO"},"com.friendsofgroot.app.controllers.AddressesController":{"effectiveLevel":"INFO"},"com.friendsofgroot.app.controllers.ChainsController":{"effectiveLevel":"INFO"},"com.friendsofgroot.app.controllers.NftController":{"effectiveLevel":"INFO"},"com.friendsofgroot.app.controllers.UsersController":{"effectiveLevel":"INFO"},"com.friendsofgroot.app.controllers.consoles":{"effectiveLevel":"INFO"},"com.friendsofgroot.app.controllers.consoles.IndexController":{"effectiveLevel":"INFO"},"com.friendsofgroot.app.dataLoader":{"effectiveLevel":"INFO"},"com.friendsofgroot.app.dataLoader.NftConfig":{"effectiveLevel":"INFO"},"com.friendsofgroot.app.exception":{"effectiveLevel":"INFO"},"com.friendsofgroot.app.exception.GlobalExceptionHandler":{"effectiveLevel":"INFO"},"com.friendsofgroot.app.service":{"effectiveLevel":"INFO"},"com.friendsofgroot.app.service.AddressesServiceImpl":{"effectiveLevel":"INFO"},"com.friendsofgroot.app.service.AuthServiceImpl":{"effectiveLevel":"INFO"},"com.friendsofgroot.app.service.ChainCsvServiceImpl":{"effectiveLevel":"INFO"},"com.friendsofgroot.app.service.ChainsServiceImpl":{"effectiveLevel":"INFO"},"com.friendsofgroot.app.service.NftRefServiceImpl":{"effectiveLevel":"INFO"},"com.friendsofgroot.app.service.NftServiceImpl":{"effectiveLevel":"INFO"},"com.friendsofgroot.app.service.UsersServiceImpl":{"effectiveLevel":"INFO"},"com.mapl":{"effectiveLevel":"INFO"},"com.mapl.app":{"configuredLevel":"INFO","effectiveLevel":"INFO"},"com.zaxxer":{"effectiveLevel":"INFO"},"com.zaxxer.hikari":{"effectiveLevel":"INFO"},"com.zaxxer.hikari.HikariConfig":{"effectiveLevel":"INFO"},"com.zaxxer.hikari.HikariDataSource":{"effectiveLevel":"INFO"},"com.zaxxer.hikari.pool":{"effectiveLevel":"INFO"},"com.zaxxer.hikari.pool.HikariPool":{"effectiveLevel":"INFO"},"com.zaxxer.hikari.pool.PoolBase":{"effectiveLevel":"INFO"},"com.zaxxer.hikari.pool.PoolEntry":{"effectiveLevel":"INFO"},"com.zaxxer.hikari.pool.ProxyConnection":{"effectiveLevel":"INFO"},"com.zaxxer.hikari.pool.ProxyLeakTask":{"effectiveLevel":"INFO"},"com.zaxxer.hikari.util":{"effectiveLevel":"INFO"},"com.zaxxer.hikari.util.ConcurrentBag":{"effectiveLevel":"INFO"},"com.zaxxer.hikari.util.DriverDataSource":{"effectiveLevel":"INFO"},"io":{"effectiveLevel":"INFO"},"io.micrometer":{"effectiveLevel":"INFO"},"io.micrometer.common":{"effectiveLevel":"INFO"},"io.micrometer.common.util":{"effectiveLevel":"INFO"},"io.micrometer.common.util.internal":{"effectiveLevel":"INFO"},"io.micrometer.common.util.internal.logging":{"effectiveLevel":"INFO"},"io.micrometer.common.util.internal.logging.InternalLoggerFactory":{"effectiveLevel":"INFO"},"io.micrometer.core":{"effectiveLevel":"INFO"},"io.micrometer.core.instrument":{"effectiveLevel":"INFO"},"io.micrometer.core.instrument.binder":{"effectiveLevel":"INFO"},"io.micrometer.core.instrument.binder.jvm":{"effectiveLevel":"INFO"},"io.micrometer.core.instrument.binder.jvm.ExecutorServiceMetrics":{"effectiveLevel":"INFO"},"io.micrometer.core.instrument.binder.jvm.JvmGcMetrics":{"effectiveLevel":"INFO"},"io.micrometer.core.instrument.internal":{"effectiveLevel":"INFO"},"io.micrometer.core.instrument.internal.DefaultGauge":{"effectiveLevel":"INFO"},"io.swagger":{"effectiveLevel":"INFO"},"io.swagger.v3":{"effectiveLevel":"INFO"},"io.swagger.v3.core":{"effectiveLevel":"INFO"},"io.swagger.v3.core.converter":{"effectiveLevel":"INFO"},"io.swagger.v3.core.converter.ModelConverters":{"effectiveLevel":"INFO"},"io.swagger.v3.core.jackson":{"effectiveLevel":"INFO"},"io.swagger.v3.core.jackson.ModelResolver":{"effectiveLevel":"INFO"},"io.swagger.v3.core.util":{"effectiveLevel":"INFO"},"io.swagger.v3.core.util.AnnotationsUtils":{"effectiveLevel":"INFO"},"org":{"effectiveLevel":"INFO"},"org.apache":{"effectiveLevel":"INFO"},"org.apache.catalina":{"effectiveLevel":"INFO"},"org.apache.catalina.core":{"effectiveLevel":"INFO"},"org.apache.catalina.core.ContainerBase":{"effectiveLevel":"INFO"},"org.apache.catalina.core.ContainerBase.[Tomcat]":{"effectiveLevel":"INFO"},"org.apache.catalina.core.ContainerBase.[Tomcat].[localhost]":{"effectiveLevel":"INFO"},"org.apache.catalina.core.ContainerBase.[Tomcat].[localhost].[/]":{"effectiveLevel":"INFO"},"org.apache.catalina.core.StandardEngine":{"effectiveLevel":"INFO"},"org.apache.catalina.core.StandardService":{"effectiveLevel":"INFO"},"org.apache.catalina.startup":{"effectiveLevel":"INFO"},"org.apache.catalina.startup.DigesterFactory":{"configuredLevel":"ERROR","effectiveLevel":"ERROR"},"org.apache.catalina.util":{"effectiveLevel":"INFO"},"org.apache.catalina.util.LifecycleBase":{"configuredLevel":"ERROR","effectiveLevel":"ERROR"},"org.apache.coyote":{"effectiveLevel":"INFO"},"org.apache.coyote.http11":{"effectiveLevel":"INFO"},"org.apache.coyote.http11.Http11NioProtocol":{"configuredLevel":"WARN","effectiveLevel":"WARN"},"org.apache.sshd":{"effectiveLevel":"INFO"},"org.apache.sshd.common":{"effectiveLevel":"INFO"},"org.apache.sshd.common.util":{"effectiveLevel":"INFO"},"org.apache.sshd.common.util.SecurityUtils":{"configuredLevel":"WARN","effectiveLevel":"WARN"},"org.apache.tomcat":{"effectiveLevel":"INFO"},"org.apache.tomcat.util":{"effectiveLevel":"INFO"},"org.apache.tomcat.util.net":{"effectiveLevel":"INFO"},"org.apache.tomcat.util.net.NioSelectorPool":{"configuredLevel":"WARN","effectiveLevel":"WARN"},"org.eclipse":{"effectiveLevel":"INFO"},"org.eclipse.jetty":{"effectiveLevel":"INFO"},"org.eclipse.jetty.util":{"effectiveLevel":"INFO"},"org.eclipse.jetty.util.component":{"effectiveLevel":"INFO"},"org.eclipse.jetty.util.component.AbstractLifeCycle":{"configuredLevel":"ERROR","effectiveLevel":"ERROR"},"org.hibernate":{"effectiveLevel":"INFO"},"org.hibernate.HQL_FUNCTIONS":{"effectiveLevel":"INFO"},"org.hibernate.SQL":{"effectiveLevel":"INFO"},"org.hibernate.SQL_SLOW":{"effectiveLevel":"INFO"},"org.hibernate.Version":{"effectiveLevel":"INFO"},"org.hibernate.boot":{"effectiveLevel":"INFO"},"org.hibernate.boot.MetadataSources":{"effectiveLevel":"INFO"},"org.hibernate.boot.cfgxml":{"effectiveLevel":"INFO"},"org.hibernate.boot.cfgxml.internal":{"effectiveLevel":"INFO"},"org.hibernate.boot.cfgxml.internal.ConfigLoader":{"effectiveLevel":"INFO"},"org.hibernate.boot.cfgxml.spi":{"effectiveLevel":"INFO"},"org.hibernate.boot.cfgxml.spi.LoadedConfig":{"effectiveLevel":"INFO"},"org.hibernate.boot.internal":{"effectiveLevel":"INFO"},"org.hibernate.boot.internal.BootstrapContextImpl":{"effectiveLevel":"INFO"},"org.hibernate.boot.internal.ClassLoaderAccessImpl":{"effectiveLevel":"INFO"},"org.hibernate.boot.internal.IdGeneratorInterpreterImpl":{"effectiveLevel":"INFO"},"org.hibernate.boot.internal.InFlightMetadataCollectorImpl":{"effectiveLevel":"INFO"},"org.hibernate.boot.internal.MetadataBuilderImpl":{"effectiveLevel":"INFO"},"org.hibernate.boot.internal.SessionFactoryOptionsBuilder":{"effectiveLevel":"INFO"},"org.hibernate.boot.jaxb":{"effectiveLevel":"INFO"},"org.hibernate.boot.jaxb.internal":{"effectiveLevel":"INFO"},"org.hibernate.boot.jaxb.internal.AbstractBinder":{"effectiveLevel":"INFO"},"org.hibernate.boot.jaxb.internal.MappingBinder":{"effectiveLevel":"INFO"},"org.hibernate.boot.jaxb.internal.stax":{"effectiveLevel":"INFO"},"org.hibernate.boot.jaxb.internal.stax.LocalSchemaLocator":{"effectiveLevel":"INFO"},"org.hibernate.boot.jaxb.internal.stax.LocalXmlResourceResolver":{"effectiveLevel":"INFO"},"org.hibernate.boot.model":{"effectiveLevel":"INFO"},"org.hibernate.boot.model.TypeDefinitionRegistryStandardImpl":{"effectiveLevel":"INFO"},"org.hibernate.boot.model.convert":{"effectiveLevel":"INFO"},"org.hibernate.boot.model.convert.internal":{"effectiveLevel":"INFO"},"org.hibernate.boot.model.convert.internal.AttributeConverterManager":{"effectiveLevel":"INFO"},"org.hibernate.boot.model.process":{"effectiveLevel":"INFO"},"org.hibernate.boot.model.process.internal":{"effectiveLevel":"INFO"},"org.hibernate.boot.model.process.internal.ScanningCoordinator":{"effectiveLevel":"INFO"},"org.hibernate.boot.model.process.spi":{"effectiveLevel":"INFO"},"org.hibernate.boot.model.process.spi.MetadataBuildingProcess":{"effectiveLevel":"INFO"},"org.hibernate.boot.model.relational":{"effectiveLevel":"INFO"},"org.hibernate.boot.model.relational.Namespace":{"effectiveLevel":"INFO"},"org.hibernate.boot.model.source":{"effectiveLevel":"INFO"},"org.hibernate.boot.model.source.internal":{"effectiveLevel":"INFO"},"org.hibernate.boot.model.source.internal.annotations":{"effectiveLevel":"INFO"},"org.hibernate.boot.model.source.internal.annotations.AnnotationMetadataSourceProcessorImpl":{"effectiveLevel":"INFO"},"org.hibernate.boot.model.source.internal.hbm":{"effectiveLevel":"INFO"},"org.hibernate.boot.model.source.internal.hbm.EntityHierarchyBuilder":{"effectiveLevel":"INFO"},"org.hibernate.boot.model.source.internal.hbm.HbmMetadataSourceProcessorImpl":{"effectiveLevel":"INFO"},"org.hibernate.boot.model.source.internal.hbm.ModelBinder":{"effectiveLevel":"INFO"},"org.hibernate.boot.registry":{"effectiveLevel":"INFO"},"org.hibernate.boot.registry.classloading":{"effectiveLevel":"INFO"},"org.hibernate.boot.registry.classloading.internal":{"effectiveLevel":"INFO"},"org.hibernate.boot.registry.classloading.internal.AggregatedServiceLoader":{"effectiveLevel":"INFO"},"org.hibernate.boot.registry.classloading.internal.ClassLoaderServiceImpl":{"effectiveLevel":"INFO"},"org.hibernate.boot.registry.internal":{"effectiveLevel":"INFO"},"org.hibernate.boot.registry.internal.BootstrapServiceRegistryImpl":{"effectiveLevel":"INFO"},"org.hibernate.boot.registry.selector":{"effectiveLevel":"INFO"},"org.hibernate.boot.registry.selector.internal":{"effectiveLevel":"INFO"},"org.hibernate.boot.registry.selector.internal.StrategySelectorBuilder":{"effectiveLevel":"INFO"},"org.hibernate.boot.registry.selector.internal.StrategySelectorImpl":{"effectiveLevel":"INFO"},"org.hibernate.boot.spi":{"effectiveLevel":"INFO"},"org.hibernate.boot.spi.XmlMappingBinderAccess":{"effectiveLevel":"INFO"},"org.hibernate.bytecode":{"effectiveLevel":"INFO"},"org.hibernate.bytecode.internal":{"effectiveLevel":"INFO"},"org.hibernate.bytecode.internal.bytebuddy":{"effectiveLevel":"INFO"},"org.hibernate.bytecode.internal.bytebuddy.ByteBuddyState":{"effectiveLevel":"INFO"},"org.hibernate.bytecode.spi":{"effectiveLevel":"INFO"},"org.hibernate.bytecode.spi.ClassLoadingStrategyHelper":{"effectiveLevel":"INFO"},"org.hibernate.cache":{"configuredLevel":"INFO","effectiveLevel":"INFO"},"org.hibernate.cache.internal":{"effectiveLevel":"INFO"},"org.hibernate.cache.internal.CollectionCacheInvalidator":{"effectiveLevel":"INFO"},"org.hibernate.cache.internal.RegionFactoryInitiator":{"effectiveLevel":"INFO"},"org.hibernate.cache.internal.StrategyCreatorRegionFactoryImpl":{"effectiveLevel":"INFO"},"org.hibernate.cfg":{"effectiveLevel":"INFO"},"org.hibernate.cfg.AbstractPropertyHolder":{"effectiveLevel":"INFO"},"org.hibernate.cfg.AnnotatedColumn":{"effectiveLevel":"INFO"},"org.hibernate.cfg.AnnotationBinder":{"effectiveLevel":"INFO"},"org.hibernate.cfg.BinderHelper":{"effectiveLevel":"INFO"},"org.hibernate.cfg.CollectionSecondPass":{"effectiveLevel":"INFO"},"org.hibernate.cfg.Environment":{"effectiveLevel":"INFO"},"org.hibernate.cfg.PropertyContainer":{"effectiveLevel":"INFO"},"org.hibernate.cfg.annotations":{"effectiveLevel":"INFO"},"org.hibernate.cfg.annotations.BasicValueBinder":{"effectiveLevel":"INFO"},"org.hibernate.cfg.annotations.CollectionBinder":{"effectiveLevel":"INFO"},"org.hibernate.cfg.annotations.EntityBinder":{"effectiveLevel":"INFO"},"org.hibernate.cfg.annotations.PropertyBinder":{"effectiveLevel":"INFO"},"org.hibernate.cfg.annotations.QueryBinder":{"effectiveLevel":"INFO"},"org.hibernate.cfg.annotations.TableBinder":{"effectiveLevel":"INFO"},"org.hibernate.cfg.annotations.reflection":{"effectiveLevel":"INFO"},"org.hibernate.cfg.annotations.reflection.internal":{"effectiveLevel":"INFO"},"org.hibernate.cfg.annotations.reflection.internal.XMLContext":{"effectiveLevel":"INFO"},"org.hibernate.cfg.beanvalidation":{"effectiveLevel":"INFO"},"org.hibernate.cfg.beanvalidation.BeanValidationIntegrator":{"effectiveLevel":"INFO"},"org.hibernate.collection":{"effectiveLevel":"INFO"},"org.hibernate.collection.spi":{"effectiveLevel":"INFO"},"org.hibernate.collection.spi.AbstractPersistentCollection":{"effectiveLevel":"INFO"},"org.hibernate.dialect":{"effectiveLevel":"INFO"},"org.hibernate.dialect.Dialect":{"effectiveLevel":"INFO"},"org.hibernate.dialect.OracleArrayJdbcType":{"effectiveLevel":"INFO"},"org.hibernate.dialect.temptable":{"effectiveLevel":"INFO"},"org.hibernate.dialect.temptable.TemporaryTable":{"effectiveLevel":"INFO"},"org.hibernate.dialect.temptable.TemporaryTableHelper":{"effectiveLevel":"INFO"},"org.hibernate.engine":{"effectiveLevel":"INFO"},"org.hibernate.engine.config":{"effectiveLevel":"INFO"},"org.hibernate.engine.config.internal":{"effectiveLevel":"INFO"},"org.hibernate.engine.config.internal.ConfigurationServiceImpl":{"effectiveLevel":"INFO"},"org.hibernate.engine.internal":{"effectiveLevel":"INFO"},"org.hibernate.engine.internal.EntityEntryContext":{"effectiveLevel":"INFO"},"org.hibernate.engine.internal.StatefulPersistenceContext":{"effectiveLevel":"INFO"},"org.hibernate.engine.jdbc":{"effectiveLevel":"INFO"},"org.hibernate.engine.jdbc.connections":{"effectiveLevel":"INFO"},"org.hibernate.engine.jdbc.connections.internal":{"effectiveLevel":"INFO"},"org.hibernate.engine.jdbc.connections.internal.ConnectionProviderInitiator":{"effectiveLevel":"INFO"},"org.hibernate.engine.jdbc.connections.internal.MultiTenantConnectionProviderInitiator":{"effectiveLevel":"INFO"},"org.hibernate.engine.jdbc.dialect":{"effectiveLevel":"INFO"},"org.hibernate.engine.jdbc.dialect.internal":{"effectiveLevel":"INFO"},"org.hibernate.engine.jdbc.dialect.internal.DialectResolverSet":{"effectiveLevel":"INFO"},"org.hibernate.engine.jdbc.env":{"effectiveLevel":"INFO"},"org.hibernate.engine.jdbc.env.internal":{"effectiveLevel":"INFO"},"org.hibernate.engine.jdbc.env.internal.JdbcEnvironmentImpl":{"effectiveLevel":"INFO"},"org.hibernate.engine.jdbc.env.internal.JdbcEnvironmentInitiator":{"effectiveLevel":"INFO"},"org.hibernate.engine.jdbc.env.internal.LobCreatorBuilderImpl":{"effectiveLevel":"INFO"},"org.hibernate.engine.jdbc.env.internal.NormalizingIdentifierHelperImpl":{"effectiveLevel":"INFO"},"org.hibernate.engine.jdbc.env.spi":{"effectiveLevel":"INFO"},"org.hibernate.engine.jdbc.env.spi.IdentifierHelperBuilder":{"effectiveLevel":"INFO"},"org.hibernate.engine.jdbc.internal":{"effectiveLevel":"INFO"},"org.hibernate.engine.jdbc.internal.JdbcCoordinatorImpl":{"effectiveLevel":"INFO"},"org.hibernate.engine.jdbc.spi":{"effectiveLevel":"INFO"},"org.hibernate.engine.jdbc.spi.SqlExceptionHelper":{"effectiveLevel":"INFO"},"org.hibernate.engine.jndi":{"effectiveLevel":"INFO"},"org.hibernate.engine.jndi.internal":{"effectiveLevel":"INFO"},"org.hibernate.engine.jndi.internal.JndiServiceImpl":{"effectiveLevel":"INFO"},"org.hibernate.engine.spi":{"effectiveLevel":"INFO"},"org.hibernate.engine.spi.ActionQueue":{"effectiveLevel":"INFO"},"org.hibernate.engine.spi.BatchFetchQueue":{"effectiveLevel":"INFO"},"org.hibernate.engine.spi.CascadeStyles":{"effectiveLevel":"INFO"},"org.hibernate.engine.spi.CollectionEntry":{"effectiveLevel":"INFO"},"org.hibernate.engine.spi.EffectiveEntityGraph":{"effectiveLevel":"INFO"},"org.hibernate.engine.spi.IdentifierValue":{"effectiveLevel":"INFO"},"org.hibernate.engine.transaction":{"effectiveLevel":"INFO"},"org.hibernate.engine.transaction.internal":{"effectiveLevel":"INFO"},"org.hibernate.engine.transaction.internal.TransactionImpl":{"effectiveLevel":"INFO"},"org.hibernate.engine.transaction.jta":{"effectiveLevel":"INFO"},"org.hibernate.engine.transaction.jta.platform":{"effectiveLevel":"INFO"},"org.hibernate.engine.transaction.jta.platform.internal":{"effectiveLevel":"INFO"},"org.hibernate.engine.transaction.jta.platform.internal.JtaPlatformInitiator":{"effectiveLevel":"INFO"},"org.hibernate.engine.transaction.jta.platform.internal.JtaPlatformResolverInitiator":{"effectiveLevel":"INFO"},"org.hibernate.event":{"effectiveLevel":"INFO"},"org.hibernate.event.internal":{"effectiveLevel":"INFO"},"org.hibernate.event.internal.AbstractFlushingEventListener":{"effectiveLevel":"INFO"},"org.hibernate.event.internal.AbstractLockUpgradeEventListener":{"effectiveLevel":"INFO"},"org.hibernate.event.internal.AbstractReassociateEventListener":{"effectiveLevel":"INFO"},"org.hibernate.event.internal.AbstractSaveEventListener":{"effectiveLevel":"INFO"},"org.hibernate.event.internal.DefaultAutoFlushEventListener":{"effectiveLevel":"INFO"},"org.hibernate.event.internal.DefaultDeleteEventListener":{"effectiveLevel":"INFO"},"org.hibernate.event.internal.DefaultDirtyCheckEventListener":{"effectiveLevel":"INFO"},"org.hibernate.event.internal.DefaultEvictEventListener":{"effectiveLevel":"INFO"},"org.hibernate.event.internal.DefaultFlushEntityEventListener":{"effectiveLevel":"INFO"},"org.hibernate.event.internal.DefaultInitializeCollectionEventListener":{"effectiveLevel":"INFO"},"org.hibernate.event.internal.DefaultLoadEventListener":{"effectiveLevel":"INFO"},"org.hibernate.event.internal.DefaultLockEventListener":{"effectiveLevel":"INFO"},"org.hibernate.event.internal.DefaultMergeEventListener":{"effectiveLevel":"INFO"},"org.hibernate.event.internal.DefaultPersistEventListener":{"effectiveLevel":"INFO"},"org.hibernate.event.internal.DefaultRefreshEventListener":{"effectiveLevel":"INFO"},"org.hibernate.event.internal.DefaultReplicateEventListener":{"effectiveLevel":"INFO"},"org.hibernate.event.internal.DefaultResolveNaturalIdEventListener":{"effectiveLevel":"INFO"},"org.hibernate.event.internal.DefaultSaveOrUpdateEventListener":{"effectiveLevel":"INFO"},"org.hibernate.event.internal.EntityCopyObserverFactoryInitiator":{"effectiveLevel":"INFO"},"org.hibernate.event.service":{"effectiveLevel":"INFO"},"org.hibernate.event.service.internal":{"effectiveLevel":"INFO"},"org.hibernate.event.service.internal.EventListenerGroupImpl":{"effectiveLevel":"INFO"},"org.hibernate.event.service.internal.PostCommitEventListenerGroupImpl":{"effectiveLevel":"INFO"},"org.hibernate.id":{"effectiveLevel":"INFO"},"org.hibernate.id.enhanced":{"effectiveLevel":"INFO"},"org.hibernate.id.enhanced.OptimizerFactory":{"effectiveLevel":"INFO"},"org.hibernate.id.enhanced.PooledOptimizer":{"effectiveLevel":"INFO"},"org.hibernate.id.enhanced.SequenceStructure":{"effectiveLevel":"INFO"},"org.hibernate.id.enhanced.SequenceStyleGenerator":{"effectiveLevel":"INFO"},"org.hibernate.id.enhanced.StandardOptimizerDescriptor":{"effectiveLevel":"INFO"},"org.hibernate.integrator":{"effectiveLevel":"INFO"},"org.hibernate.integrator.internal":{"effectiveLevel":"INFO"},"org.hibernate.integrator.internal.IntegratorServiceImpl":{"effectiveLevel":"INFO"},"org.hibernate.internal":{"effectiveLevel":"INFO"},"org.hibernate.internal.ExceptionConverterImpl":{"effectiveLevel":"INFO"},"org.hibernate.internal.SessionFactoryImpl":{"effectiveLevel":"INFO"},"org.hibernate.internal.SessionFactoryImpl$SessionBuilderImpl":{"effectiveLevel":"INFO"},"org.hibernate.internal.SessionFactoryRegistry":{"effectiveLevel":"INFO"},"org.hibernate.internal.SessionImpl":{"effectiveLevel":"INFO"},"org.hibernate.internal.util":{"effectiveLevel":"INFO"},"org.hibernate.internal.util.ConfigHelper":{"effectiveLevel":"INFO"},"org.hibernate.jpa":{"effectiveLevel":"INFO"},"org.hibernate.jpa.HibernatePersistenceProvider":{"effectiveLevel":"INFO"},"org.hibernate.jpa.boot":{"effectiveLevel":"INFO"},"org.hibernate.jpa.boot.internal":{"effectiveLevel":"INFO"},"org.hibernate.jpa.boot.internal.EntityManagerFactoryBuilderImpl":{"effectiveLevel":"INFO"},"org.hibernate.jpa.event":{"effectiveLevel":"INFO"},"org.hibernate.jpa.event.internal":{"effectiveLevel":"INFO"},"org.hibernate.jpa.event.internal.CallbackDefinitionResolverLegacyImpl":{"effectiveLevel":"INFO"},"org.hibernate.jpa.event.internal.CallbacksFactory":{"effectiveLevel":"INFO"},"org.hibernate.jpa.internal":{"effectiveLevel":"INFO"},"org.hibernate.jpa.internal.PersistenceUnitUtilImpl":{"effectiveLevel":"INFO"},"org.hibernate.jpa.internal.util":{"effectiveLevel":"INFO"},"org.hibernate.jpa.internal.util.LogHelper":{"effectiveLevel":"INFO"},"org.hibernate.loader":{"effectiveLevel":"INFO"},"org.hibernate.loader.BatchFetchStyle":{"effectiveLevel":"INFO"},"org.hibernate.loader.ast":{"effectiveLevel":"INFO"},"org.hibernate.loader.ast.internal":{"effectiveLevel":"INFO"},"org.hibernate.loader.ast.internal.LoaderSelectBuilder":{"effectiveLevel":"INFO"},"org.hibernate.loader.ast.internal.MultiIdLoaderStandard":{"effectiveLevel":"INFO"},"org.hibernate.loader.entity":{"effectiveLevel":"INFO"},"org.hibernate.loader.entity.CacheEntityLoaderHelper":{"effectiveLevel":"INFO"},"org.hibernate.mapping":{"effectiveLevel":"INFO"},"org.hibernate.mapping.BasicValue":{"effectiveLevel":"INFO"},"org.hibernate.mapping.PrimaryKey":{"effectiveLevel":"INFO"},"org.hibernate.mapping.RootClass":{"effectiveLevel":"INFO"},"org.hibernate.mapping.SimpleValue":{"effectiveLevel":"INFO"},"org.hibernate.mapping.Table":{"effectiveLevel":"INFO"},"org.hibernate.metamodel":{"effectiveLevel":"INFO"},"org.hibernate.metamodel.internal":{"effectiveLevel":"INFO"},"org.hibernate.metamodel.internal.AttributeFactory":{"effectiveLevel":"INFO"},"org.hibernate.metamodel.internal.EntityInstantiatorPojoStandard":{"effectiveLevel":"INFO"},"org.hibernate.metamodel.internal.EntityRepresentationStrategyPojoStandard":{"effectiveLevel":"INFO"},"org.hibernate.metamodel.internal.MetadataContext":{"effectiveLevel":"INFO"},"org.hibernate.metamodel.mapping":{"effectiveLevel":"INFO"},"org.hibernate.metamodel.mapping.internal":{"effectiveLevel":"INFO"},"org.hibernate.metamodel.mapping.internal.FetchOptionsHelper":{"effectiveLevel":"INFO"},"org.hibernate.metamodel.mapping.internal.PluralAttributeMappingImpl":{"effectiveLevel":"INFO"},"org.hibernate.metamodel.model":{"effectiveLevel":"INFO"},"org.hibernate.metamodel.model.domain":{"effectiveLevel":"INFO"},"org.hibernate.metamodel.model.domain.AbstractIdentifiableType":{"effectiveLevel":"INFO"},"org.hibernate.metamodel.model.domain.JpaMetamodel":{"effectiveLevel":"INFO"},"org.hibernate.metamodel.model.domain.internal":{"effectiveLevel":"INFO"},"org.hibernate.metamodel.model.domain.internal.MappingMetamodelImpl":{"effectiveLevel":"INFO"},"org.hibernate.orm":{"effectiveLevel":"INFO"},"org.hibernate.orm.idgen":{"effectiveLevel":"INFO"},"org.hibernate.orm.idgen.factory":{"effectiveLevel":"INFO"},"org.hibernate.orm.jdbc":{"effectiveLevel":"INFO"},"org.hibernate.orm.jdbc.bind":{"effectiveLevel":"INFO"},"org.hibernate.orm.jdbc.extract":{"effectiveLevel":"INFO"},"org.hibernate.orm.model":{"effectiveLevel":"INFO"},"org.hibernate.orm.model.mapping":{"effectiveLevel":"INFO"},"org.hibernate.orm.model.mapping.creation":{"effectiveLevel":"INFO"},"org.hibernate.orm.query":{"effectiveLevel":"INFO"},"org.hibernate.orm.query.hql":{"effectiveLevel":"INFO"},"org.hibernate.orm.query.hql.reservedWordAsIdentifier":{"effectiveLevel":"INFO"},"org.hibernate.orm.query.plan":{"effectiveLevel":"INFO"},"org.hibernate.orm.query.plan.cache":{"effectiveLevel":"INFO"},"org.hibernate.orm.query.sqm":{"effectiveLevel":"INFO"},"org.hibernate.orm.query.sqm.ast":{"effectiveLevel":"INFO"},"org.hibernate.orm.query.sqm.creation":{"effectiveLevel":"INFO"},"org.hibernate.orm.results":{"effectiveLevel":"INFO"},"org.hibernate.orm.results.graph":{"effectiveLevel":"INFO"},"org.hibernate.orm.results.graph.AST":{"effectiveLevel":"INFO"},"org.hibernate.orm.results.loading":{"effectiveLevel":"INFO"},"org.hibernate.orm.results.loading.entity":{"effectiveLevel":"INFO"},"org.hibernate.orm.results.loading.org":{"effectiveLevel":"INFO"},"org.hibernate.orm.results.loading.org.hibernate":{"effectiveLevel":"INFO"},"org.hibernate.orm.results.loading.org.hibernate.orm":{"effectiveLevel":"INFO"},"org.hibernate.orm.results.loading.org.hibernate.orm.results":{"effectiveLevel":"INFO"},"org.hibernate.orm.results.loading.org.hibernate.orm.results.loading":{"effectiveLevel":"INFO"},"org.hibernate.orm.results.loading.org.hibernate.orm.results.loading.collection":{"effectiveLevel":"INFO"},"org.hibernate.orm.sql":{"effectiveLevel":"INFO"},"org.hibernate.orm.sql.ast":{"effectiveLevel":"INFO"},"org.hibernate.orm.sql.ast.create":{"effectiveLevel":"INFO"},"org.hibernate.orm.sql.ast.tree":{"effectiveLevel":"INFO"},"org.hibernate.orm.sql.exec":{"effectiveLevel":"INFO"},"org.hibernate.ormbytecode":{"effectiveLevel":"INFO"},"org.hibernate.ormbytecode.interceptor":{"effectiveLevel":"INFO"},"org.hibernate.persister":{"effectiveLevel":"INFO"},"org.hibernate.persister.collection":{"effectiveLevel":"INFO"},"org.hibernate.persister.collection.AbstractCollectionPersister":{"effectiveLevel":"INFO"},"org.hibernate.persister.entity":{"effectiveLevel":"INFO"},"org.hibernate.persister.entity.AbstractEntityPersister":{"effectiveLevel":"INFO"},"org.hibernate.persister.entity.AbstractPropertyMapping":{"effectiveLevel":"INFO"},"org.hibernate.proxy":{"effectiveLevel":"INFO"},"org.hibernate.proxy.pojo":{"effectiveLevel":"INFO"},"org.hibernate.proxy.pojo.bytebuddy":{"effectiveLevel":"INFO"},"org.hibernate.proxy.pojo.bytebuddy.ByteBuddyProxyFactory":{"effectiveLevel":"INFO"},"org.hibernate.proxy.pojo.bytebuddy.ByteBuddyProxyHelper":{"effectiveLevel":"INFO"},"org.hibernate.query":{"effectiveLevel":"INFO"},"org.hibernate.query.hql":{"effectiveLevel":"INFO"},"org.hibernate.query.hql.internal":{"effectiveLevel":"INFO"},"org.hibernate.query.hql.internal.SemanticQueryBuilder":{"effectiveLevel":"INFO"},"org.hibernate.query.named":{"effectiveLevel":"INFO"},"org.hibernate.query.named.NamedObjectRepository":{"effectiveLevel":"INFO"},"org.hibernate.query.sqm":{"effectiveLevel":"INFO"},"org.hibernate.query.sqm.function":{"effectiveLevel":"INFO"},"org.hibernate.query.sqm.function.SqmFunctionRegistry":{"effectiveLevel":"INFO"},"org.hibernate.query.sqm.internal":{"effectiveLevel":"INFO"},"org.hibernate.query.sqm.internal.QuerySqmImpl":{"effectiveLevel":"INFO"},"org.hibernate.query.sqm.internal.SqmCriteriaNodeBuilder":{"effectiveLevel":"INFO"},"org.hibernate.query.sqm.internal.SqmTreePrinter":{"effectiveLevel":"INFO"},"org.hibernate.query.sqm.mutation":{"effectiveLevel":"INFO"},"org.hibernate.query.sqm.mutation.internal":{"effectiveLevel":"INFO"},"org.hibernate.query.sqm.mutation.internal.temptable":{"effectiveLevel":"INFO"},"org.hibernate.query.sqm.mutation.internal.temptable.GlobalTemporaryTableStrategy":{"effectiveLevel":"INFO"},"org.hibernate.query.sqm.produce":{"effectiveLevel":"INFO"},"org.hibernate.query.sqm.produce.function":{"effectiveLevel":"INFO"},"org.hibernate.query.sqm.produce.function.internal":{"effectiveLevel":"INFO"},"org.hibernate.query.sqm.produce.function.internal.PatternRenderer":{"effectiveLevel":"INFO"},"org.hibernate.query.sqm.sql":{"effectiveLevel":"INFO"},"org.hibernate.query.sqm.sql.BaseSqmToSqlAstConverter":{"effectiveLevel":"INFO"},"org.hibernate.query.sqm.sql.FromClauseIndex":{"effectiveLevel":"INFO"},"org.hibernate.query.sqm.tree":{"effectiveLevel":"INFO"},"org.hibernate.query.sqm.tree.SqmNode":{"effectiveLevel":"INFO"},"org.hibernate.resource":{"effectiveLevel":"INFO"},"org.hibernate.resource.jdbc":{"effectiveLevel":"INFO"},"org.hibernate.resource.jdbc.internal":{"effectiveLevel":"INFO"},"org.hibernate.resource.jdbc.internal.AbstractLogicalConnectionImplementor":{"effectiveLevel":"INFO"},"org.hibernate.resource.jdbc.internal.LogicalConnectionManagedImpl":{"effectiveLevel":"INFO"},"org.hibernate.resource.jdbc.internal.ResourceRegistryStandardImpl":{"effectiveLevel":"INFO"},"org.hibernate.resource.transaction":{"effectiveLevel":"INFO"},"org.hibernate.resource.transaction.backend":{"effectiveLevel":"INFO"},"org.hibernate.resource.transaction.backend.jdbc":{"effectiveLevel":"INFO"},"org.hibernate.resource.transaction.backend.jdbc.internal":{"effectiveLevel":"INFO"},"org.hibernate.resource.transaction.backend.jdbc.internal.JdbcResourceLocalTransactionCoordinatorImpl":{"effectiveLevel":"INFO"},"org.hibernate.resource.transaction.internal":{"effectiveLevel":"INFO"},"org.hibernate.resource.transaction.internal.SynchronizationRegistryStandardImpl":{"effectiveLevel":"INFO"},"org.hibernate.service":{"effectiveLevel":"INFO"},"org.hibernate.service.internal":{"effectiveLevel":"INFO"},"org.hibernate.service.internal.AbstractServiceRegistryImpl":{"effectiveLevel":"INFO"},"org.hibernate.service.internal.SessionFactoryServiceRegistryImpl":{"effectiveLevel":"INFO"},"org.hibernate.service.spi":{"effectiveLevel":"INFO"},"org.hibernate.service.spi.ServiceBinding":{"effectiveLevel":"INFO"},"org.hibernate.sql":{"effectiveLevel":"INFO"},"org.hibernate.sql.results":{"effectiveLevel":"INFO"},"org.hibernate.sql.results.internal":{"effectiveLevel":"INFO"},"org.hibernate.sql.results.internal.ResultsHelper":{"effectiveLevel":"INFO"},"org.hibernate.sql.results.jdbc":{"effectiveLevel":"INFO"},"org.hibernate.sql.results.jdbc.internal":{"effectiveLevel":"INFO"},"org.hibernate.sql.results.jdbc.internal.DeferredResultSetAccess":{"effectiveLevel":"INFO"},"org.hibernate.sql.results.jdbc.internal.JdbcValuesSourceProcessingStateStandardImpl":{"effectiveLevel":"INFO"},"org.hibernate.sql.results.spi":{"effectiveLevel":"INFO"},"org.hibernate.sql.results.spi.LoadContexts":{"effectiveLevel":"INFO"},"org.hibernate.stat":{"configuredLevel":"INFO","effectiveLevel":"INFO"},"org.hibernate.stat.internal":{"effectiveLevel":"INFO"},"org.hibernate.stat.internal.StatisticsImpl":{"effectiveLevel":"INFO"},"org.hibernate.stat.internal.StatisticsInitiator":{"effectiveLevel":"INFO"},"org.hibernate.tool":{"effectiveLevel":"INFO"},"org.hibernate.tool.schema":{"effectiveLevel":"INFO"},"org.hibernate.tool.schema.spi":{"effectiveLevel":"INFO"},"org.hibernate.tool.schema.spi.SchemaManagementToolCoordinator":{"effectiveLevel":"INFO"},"org.hibernate.tuple":{"effectiveLevel":"INFO"},"org.hibernate.tuple.entity":{"effectiveLevel":"INFO"},"org.hibernate.tuple.entity.EntityMetamodel":{"effectiveLevel":"INFO"},"org.hibernate.type":{"effectiveLevel":"INFO"},"org.hibernate.type.BasicTypeRegistry":{"effectiveLevel":"INFO"},"org.hibernate.type.CollectionType":{"effectiveLevel":"INFO"},"org.hibernate.type.descriptor":{"effectiveLevel":"INFO"},"org.hibernate.type.descriptor.JdbcTypeNameMapper":{"effectiveLevel":"INFO"},"org.hibernate.type.descriptor.java":{"effectiveLevel":"INFO"},"org.hibernate.type.descriptor.java.DbTimestampJavaType":{"effectiveLevel":"INFO"},"org.hibernate.type.descriptor.java.spi":{"effectiveLevel":"INFO"},"org.hibernate.type.descriptor.java.spi.JavaTypeRegistry":{"effectiveLevel":"INFO"},"org.hibernate.type.descriptor.jdbc":{"effectiveLevel":"INFO"},"org.hibernate.type.descriptor.jdbc.spi":{"effectiveLevel":"INFO"},"org.hibernate.type.descriptor.jdbc.spi.JdbcTypeRegistry":{"effectiveLevel":"INFO"},"org.hibernate.type.descriptor.sql":{"effectiveLevel":"INFO"},"org.hibernate.type.descriptor.sql.spi":{"effectiveLevel":"INFO"},"org.hibernate.type.descriptor.sql.spi.DdlTypeRegistry":{"effectiveLevel":"INFO"},"org.hibernate.type.spi":{"effectiveLevel":"INFO"},"org.hibernate.type.spi.TypeConfiguration":{"effectiveLevel":"INFO"},"org.hibernate.type.spi.TypeConfiguration$Scope":{"effectiveLevel":"INFO"},"org.hibernate.validator":{"effectiveLevel":"INFO"},"org.hibernate.validator.internal":{"effectiveLevel":"INFO"},"org.hibernate.validator.internal.cfg":{"effectiveLevel":"INFO"},"org.hibernate.validator.internal.cfg.context":{"effectiveLevel":"INFO"},"org.hibernate.validator.internal.cfg.context.DefaultConstraintMapping":{"effectiveLevel":"INFO"},"org.hibernate.validator.internal.engine":{"effectiveLevel":"INFO"},"org.hibernate.validator.internal.engine.AbstractConfigurationImpl":{"effectiveLevel":"INFO"},"org.hibernate.validator.internal.engine.ValidatorFactoryConfigurationHelper":{"effectiveLevel":"INFO"},"org.hibernate.validator.internal.engine.ValidatorFactoryImpl":{"effectiveLevel":"INFO"},"org.hibernate.validator.internal.engine.ValidatorImpl":{"effectiveLevel":"INFO"},"org.hibernate.validator.internal.engine.constraintvalidation":{"effectiveLevel":"INFO"},"org.hibernate.validator.internal.engine.constraintvalidation.AbstractConstraintValidatorManagerImpl":{"effectiveLevel":"INFO"},"org.hibernate.validator.internal.engine.constraintvalidation.ClassBasedValidatorDescriptor":{"effectiveLevel":"INFO"},"org.hibernate.validator.internal.engine.constraintvalidation.ConstraintValidatorManagerImpl":{"effectiveLevel":"INFO"},"org.hibernate.validator.internal.engine.groups":{"effectiveLevel":"INFO"},"org.hibernate.validator.internal.engine.groups.ValidationOrderGenerator":{"effectiveLevel":"INFO"},"org.hibernate.validator.internal.engine.resolver":{"effectiveLevel":"INFO"},"org.hibernate.validator.internal.engine.resolver.JPATraversableResolver":{"effectiveLevel":"INFO"},"org.hibernate.validator.internal.engine.resolver.TraversableResolvers":{"effectiveLevel":"INFO"},"org.hibernate.validator.internal.engine.scripting":{"effectiveLevel":"INFO"},"org.hibernate.validator.internal.engine.scripting.DefaultScriptEvaluatorFactory":{"effectiveLevel":"INFO"},"org.hibernate.validator.internal.engine.valueextraction":{"effectiveLevel":"INFO"},"org.hibernate.validator.internal.engine.valueextraction.ValueExtractorDescriptor":{"effectiveLevel":"INFO"},"org.hibernate.validator.internal.engine.valueextraction.ValueExtractorResolver":{"effectiveLevel":"INFO"},"org.hibernate.validator.internal.metadata":{"effectiveLevel":"INFO"},"org.hibernate.validator.internal.metadata.aggregated":{"effectiveLevel":"INFO"},"org.hibernate.validator.internal.metadata.aggregated.CascadingMetaDataBuilder":{"effectiveLevel":"INFO"},"org.hibernate.validator.internal.metadata.aggregated.rule":{"effectiveLevel":"INFO"},"org.hibernate.validator.internal.metadata.aggregated.rule.MethodConfigurationRule":{"effectiveLevel":"INFO"},"org.hibernate.validator.internal.metadata.core":{"effectiveLevel":"INFO"},"org.hibernate.validator.internal.metadata.core.AnnotationProcessingOptionsImpl":{"effectiveLevel":"INFO"},"org.hibernate.validator.internal.metadata.core.ConstraintHelper":{"effectiveLevel":"INFO"},"org.hibernate.validator.internal.metadata.provider":{"effectiveLevel":"INFO"},"org.hibernate.validator.internal.metadata.provider.AnnotationMetaDataProvider":{"effectiveLevel":"INFO"},"org.hibernate.validator.internal.metadata.provider.ProgrammaticMetaDataProvider":{"effectiveLevel":"INFO"},"org.hibernate.validator.internal.metadata.raw":{"effectiveLevel":"INFO"},"org.hibernate.validator.internal.metadata.raw.ConstrainedExecutable":{"effectiveLevel":"INFO"},"org.hibernate.validator.internal.properties":{"effectiveLevel":"INFO"},"org.hibernate.validator.internal.properties.DefaultGetterPropertySelectionStrategy":{"effectiveLevel":"INFO"},"org.hibernate.validator.internal.properties.javabean":{"effectiveLevel":"INFO"},"org.hibernate.validator.internal.properties.javabean.JavaBeanExecutable":{"effectiveLevel":"INFO"},"org.hibernate.validator.internal.properties.javabean.JavaBeanParameter":{"effectiveLevel":"INFO"},"org.hibernate.validator.internal.util":{"effectiveLevel":"INFO"},"org.hibernate.validator.internal.util.Contracts":{"effectiveLevel":"INFO"},"org.hibernate.validator.internal.util.ExecutableHelper":{"effectiveLevel":"INFO"},"org.hibernate.validator.internal.util.ReflectionHelper":{"effectiveLevel":"INFO"},"org.hibernate.validator.internal.util.TypeHelper":{"effectiveLevel":"INFO"},"org.hibernate.validator.internal.util.TypeVariables":{"effectiveLevel":"INFO"},"org.hibernate.validator.internal.util.Version":{"configuredLevel":"WARN","effectiveLevel":"WARN"},"org.hibernate.validator.internal.util.privilegedactions":{"effectiveLevel":"INFO"},"org.hibernate.validator.internal.util.privilegedactions.GetInstancesFromServiceLoader":{"effectiveLevel":"INFO"},"org.hibernate.validator.internal.util.privilegedactions.LoadClass":{"effectiveLevel":"INFO"},"org.hibernate.validator.internal.util.privilegedactions.NewInstance":{"effectiveLevel":"INFO"},"org.hibernate.validator.internal.xml":{"effectiveLevel":"INFO"},"org.hibernate.validator.internal.xml.config":{"effectiveLevel":"INFO"},"org.hibernate.validator.internal.xml.config.ResourceLoaderHelper":{"effectiveLevel":"INFO"},"org.hibernate.validator.internal.xml.config.ValidationBootstrapParameters":{"effectiveLevel":"INFO"},"org.hibernate.validator.internal.xml.config.ValidationXmlParser":{"effectiveLevel":"INFO"},"org.hibernate.validator.messageinterpolation":{"effectiveLevel":"INFO"},"org.hibernate.validator.messageinterpolation.AbstractMessageInterpolator":{"effectiveLevel":"INFO"},"org.hibernate.validator.messageinterpolation.ResourceBundleMessageInterpolator":{"effectiveLevel":"INFO"},"org.hibernate.validator.resourceloading":{"effectiveLevel":"INFO"},"org.hibernate.validator.resourceloading.PlatformResourceBundleLocator":{"effectiveLevel":"INFO"},"org.jboss":{"effectiveLevel":"INFO"},"org.jboss.logging":{"effectiveLevel":"INFO"},"org.springdoc":{"effectiveLevel":"INFO"},"org.springdoc.api":{"effectiveLevel":"INFO"},"org.springdoc.api.AbstractOpenApiResource":{"effectiveLevel":"INFO"},"org.springdoc.core":{"effectiveLevel":"INFO"},"org.springdoc.core.conditions":{"effectiveLevel":"INFO"},"org.springdoc.core.conditions.CacheOrGroupedOpenApiCondition":{"effectiveLevel":"INFO"},"org.springdoc.core.conditions.MultipleOpenApiGroupsCondition":{"effectiveLevel":"INFO"},"org.springdoc.core.conditions.MultipleOpenApiSupportCondition":{"effectiveLevel":"INFO"},"org.springdoc.core.configuration":{"effectiveLevel":"INFO"},"org.springdoc.core.configuration.SpringDocSecurityConfiguration":{"effectiveLevel":"INFO"},"org.springdoc.core.converters":{"effectiveLevel":"INFO"},"org.springdoc.core.converters.AdditionalModelsConverter":{"effectiveLevel":"INFO"},"org.springdoc.core.converters.ModelConverterRegistrar":{"effectiveLevel":"INFO"},"org.springdoc.core.customizers":{"effectiveLevel":"INFO"},"org.springdoc.core.customizers.DataRestDelegatingMethodParameterCustomizer":{"effectiveLevel":"INFO"},"org.springdoc.core.data":{"effectiveLevel":"INFO"},"org.springdoc.core.data.DataRestOperationService":{"effectiveLevel":"INFO"},"org.springdoc.core.providers":{"effectiveLevel":"INFO"},"org.springdoc.core.providers.SpringRepositoryRestResourceProvider":{"effectiveLevel":"INFO"},"org.springdoc.core.providers.WebConversionServiceProvider":{"effectiveLevel":"INFO"},"org.springdoc.core.service":{"effectiveLevel":"INFO"},"org.springdoc.core.service.GenericParameterService":{"effectiveLevel":"INFO"},"org.springdoc.core.service.GenericResponseService":{"effectiveLevel":"INFO"},"org.springdoc.core.service.OpenAPIService":{"effectiveLevel":"INFO"},"org.springdoc.core.utils":{"effectiveLevel":"INFO"},"org.springdoc.core.utils.PropertyResolverUtils":{"effectiveLevel":"INFO"},"org.springdoc.core.utils.SpringDocAnnotationsUtils":{"effectiveLevel":"INFO"},"org.springframework":{"configuredLevel":"INFO","effectiveLevel":"INFO"},"org.springframework.aop":{"effectiveLevel":"INFO"},"org.springframework.aop.aspectj":{"effectiveLevel":"INFO"},"org.springframework.aop.aspectj.AspectJExpressionPointcut":{"effectiveLevel":"INFO"},"org.springframework.aop.aspectj.annotation":{"effectiveLevel":"INFO"},"org.springframework.aop.aspectj.annotation.AnnotationAwareAspectJAutoProxyCreator":{"effectiveLevel":"INFO"},"org.springframework.aop.aspectj.annotation.ReflectiveAspectJAdvisorFactory":{"effectiveLevel":"INFO"},"org.springframework.aop.framework":{"effectiveLevel":"INFO"},"org.springframework.aop.framework.CglibAopProxy":{"effectiveLevel":"INFO"},"org.springframework.aop.framework.JdkDynamicAopProxy":{"effectiveLevel":"INFO"},"org.springframework.aop.framework.ObjenesisCglibAopProxy":{"effectiveLevel":"INFO"},"org.springframework.aop.framework.autoproxy":{"effectiveLevel":"INFO"},"org.springframework.aop.framework.autoproxy.BeanFactoryAdvisorRetrievalHelper":{"effectiveLevel":"INFO"},"org.springframework.beans":{"effectiveLevel":"INFO"},"org.springframework.beans.AbstractNestablePropertyAccessor":{"effectiveLevel":"INFO"},"org.springframework.beans.CachedIntrospectionResults":{"effectiveLevel":"INFO"},"org.springframework.beans.TypeConverterDelegate":{"effectiveLevel":"INFO"},"org.springframework.beans.factory":{"effectiveLevel":"INFO"},"org.springframework.beans.factory.annotation":{"effectiveLevel":"INFO"},"org.springframework.beans.factory.annotation.AutowiredAnnotationBeanPostProcessor":{"effectiveLevel":"INFO"},"org.springframework.beans.factory.config":{"effectiveLevel":"INFO"},"org.springframework.beans.factory.config.PropertiesFactoryBean":{"effectiveLevel":"INFO"},"org.springframework.beans.factory.groovy":{"effectiveLevel":"INFO"},"org.springframework.beans.factory.groovy.GroovyBeanDefinitionReader":{"effectiveLevel":"INFO"},"org.springframework.beans.factory.parsing":{"effectiveLevel":"INFO"},"org.springframework.beans.factory.parsing.FailFastProblemReporter":{"effectiveLevel":"INFO"},"org.springframework.beans.factory.support":{"effectiveLevel":"INFO"},"org.springframework.beans.factory.support.DefaultListableBeanFactory":{"effectiveLevel":"INFO"},"org.springframework.beans.factory.support.DisposableBeanAdapter":{"effectiveLevel":"INFO"},"org.springframework.beans.factory.xml":{"effectiveLevel":"INFO"},"org.springframework.beans.factory.xml.DefaultDocumentLoader":{"effectiveLevel":"INFO"},"org.springframework.beans.factory.xml.XmlBeanDefinitionReader":{"effectiveLevel":"INFO"},"org.springframework.boot":{"effectiveLevel":"INFO"},"org.springframework.boot.BeanDefinitionLoader":{"effectiveLevel":"INFO"},"org.springframework.boot.BeanDefinitionLoader$ClassExcludeFilter":{"effectiveLevel":"INFO"},"org.springframework.boot.DefaultApplicationArguments":{"effectiveLevel":"INFO"},"org.springframework.boot.DefaultApplicationArguments$Source":{"effectiveLevel":"INFO"},"org.springframework.boot.ResourceBanner":{"effectiveLevel":"INFO"},"org.springframework.boot.SpringApplication":{"effectiveLevel":"INFO"},"org.springframework.boot.SpringApplicationShutdownHook":{"effectiveLevel":"INFO"},"org.springframework.boot.actuate":{"effectiveLevel":"INFO"},"org.springframework.boot.actuate.autoconfigure":{"effectiveLevel":"INFO"},"org.springframework.boot.actuate.autoconfigure.availability":{"effectiveLevel":"INFO"},"org.springframework.boot.actuate.autoconfigure.availability.AvailabilityProbesAutoConfiguration":{"effectiveLevel":"INFO"},"org.springframework.boot.actuate.autoconfigure.availability.AvailabilityProbesAutoConfiguration$ProbesCondition":{"effectiveLevel":"INFO"},"org.springframework.boot.actuate.autoconfigure.endpoint":{"effectiveLevel":"INFO"},"org.springframework.boot.actuate.autoconfigure.endpoint.condition":{"effectiveLevel":"INFO"},"org.springframework.boot.actuate.autoconfigure.endpoint.condition.OnAvailableEndpointCondition":{"effectiveLevel":"INFO"},"org.springframework.boot.actuate.autoconfigure.health":{"effectiveLevel":"INFO"},"org.springframework.boot.actuate.autoconfigure.health.OnEnabledHealthIndicatorCondition":{"effectiveLevel":"INFO"},"org.springframework.boot.actuate.autoconfigure.info":{"effectiveLevel":"INFO"},"org.springframework.boot.actuate.autoconfigure.info.OnEnabledInfoContributorCondition":{"effectiveLevel":"INFO"},"org.springframework.boot.actuate.autoconfigure.logging":{"effectiveLevel":"INFO"},"org.springframework.boot.actuate.autoconfigure.logging.LoggersEndpointAutoConfiguration":{"effectiveLevel":"INFO"},"org.springframework.boot.actuate.autoconfigure.logging.LoggersEndpointAutoConfiguration$OnEnabledLoggingSystemCondition":{"effectiveLevel":"INFO"},"org.springframework.boot.actuate.autoconfigure.metrics":{"effectiveLevel":"INFO"},"org.springframework.boot.actuate.autoconfigure.metrics.CompositeMeterRegistryConfiguration":{"effectiveLevel":"INFO"},"org.springframework.boot.actuate.autoconfigure.metrics.CompositeMeterRegistryConfiguration$MultipleNonPrimaryMeterRegistriesCondition":{"effectiveLevel":"INFO"},"org.springframework.boot.actuate.autoconfigure.metrics.Log4J2MetricsAutoConfiguration":{"effectiveLevel":"INFO"},"org.springframework.boot.actuate.autoconfigure.metrics.Log4J2MetricsAutoConfiguration$Log4JCoreLoggerContextCondition":{"effectiveLevel":"INFO"},"org.springframework.boot.actuate.autoconfigure.metrics.LogbackMetricsAutoConfiguration":{"effectiveLevel":"INFO"},"org.springframework.boot.actuate.autoconfigure.metrics.LogbackMetricsAutoConfiguration$LogbackLoggingCondition":{"effectiveLevel":"INFO"},"org.springframework.boot.actuate.autoconfigure.metrics.MeterRegistryCustomizer":{"effectiveLevel":"INFO"},"org.springframework.boot.actuate.autoconfigure.metrics.MeterRegistryPostProcessor":{"effectiveLevel":"INFO"},"org.springframework.boot.actuate.autoconfigure.metrics.OnlyOnceLoggingDenyMeterFilter":{"effectiveLevel":"INFO"},"org.springframework.boot.actuate.autoconfigure.metrics.export":{"effectiveLevel":"INFO"},"org.springframework.boot.actuate.autoconfigure.metrics.export.OnMetricsExportEnabledCondition":{"effectiveLevel":"INFO"},"org.springframework.boot.actuate.autoconfigure.metrics.jdbc":{"effectiveLevel":"INFO"},"org.springframework.boot.actuate.autoconfigure.metrics.jdbc.DataSourcePoolMetricsAutoConfiguration":{"effectiveLevel":"INFO"},"org.springframework.boot.actuate.autoconfigure.metrics.jdbc.DataSourcePoolMetricsAutoConfiguration$HikariDataSourceMetricsConfiguration":{"effectiveLevel":"INFO"},"org.springframework.boot.actuate.autoconfigure.metrics.jdbc.DataSourcePoolMetricsAutoConfiguration$HikariDataSourceMetricsConfiguration$HikariDataSourceMeterBinder":{"effectiveLevel":"INFO"},"org.springframework.boot.actuate.autoconfigure.observation":{"effectiveLevel":"INFO"},"org.springframework.boot.actuate.autoconfigure.observation.ObservationRegistryConfigurer":{"effectiveLevel":"INFO"},"org.springframework.boot.actuate.autoconfigure.observation.ObservationRegistryCustomizer":{"effectiveLevel":"INFO"},"org.springframework.boot.actuate.autoconfigure.startup":{"effectiveLevel":"INFO"},"org.springframework.boot.actuate.autoconfigure.startup.StartupEndpointAutoConfiguration":{"effectiveLevel":"INFO"},"org.springframework.boot.actuate.autoconfigure.startup.StartupEndpointAutoConfiguration$ApplicationStartupCondition":{"effectiveLevel":"INFO"},"org.springframework.boot.actuate.autoconfigure.web":{"effectiveLevel":"INFO"},"org.springframework.boot.actuate.autoconfigure.web.server":{"effectiveLevel":"INFO"},"org.springframework.boot.actuate.autoconfigure.web.server.ManagementContextAutoConfiguration":{"effectiveLevel":"INFO"},"org.springframework.boot.actuate.autoconfigure.web.server.ManagementContextAutoConfiguration$SameManagementContextConfiguration":{"effectiveLevel":"INFO"},"org.springframework.boot.actuate.autoconfigure.web.server.ManagementContextAutoConfiguration$SameManagementContextConfiguration$1":{"effectiveLevel":"INFO"},"org.springframework.boot.actuate.autoconfigure.web.server.OnManagementPortCondition":{"effectiveLevel":"INFO"},"org.springframework.boot.actuate.endpoint":{"effectiveLevel":"INFO"},"org.springframework.boot.actuate.endpoint.EndpointFilter":{"effectiveLevel":"INFO"},"org.springframework.boot.actuate.endpoint.EndpointId":{"effectiveLevel":"INFO"},"org.springframework.boot.actuate.endpoint.annotation":{"effectiveLevel":"INFO"},"org.springframework.boot.actuate.endpoint.annotation.EndpointDiscoverer":{"effectiveLevel":"INFO"},"org.springframework.boot.actuate.endpoint.jmx":{"configuredLevel":"WARN","effectiveLevel":"WARN"},"org.springframework.boot.actuate.endpoint.web":{"effectiveLevel":"INFO"},"org.springframework.boot.actuate.endpoint.web.EndpointLinksResolver":{"effectiveLevel":"INFO"},"org.springframework.boot.actuate.endpoint.web.ServletEndpointRegistrar":{"effectiveLevel":"INFO"},"org.springframework.boot.actuate.endpoint.web.servlet":{"effectiveLevel":"INFO"},"org.springframework.boot.actuate.endpoint.web.servlet.AdditionalHealthEndpointPathsWebMvcHandlerMapping":{"effectiveLevel":"INFO"},"org.springframework.boot.actuate.endpoint.web.servlet.ControllerEndpointHandlerMapping":{"effectiveLevel":"INFO"},"org.springframework.boot.actuate.endpoint.web.servlet.WebMvcEndpointHandlerMapping":{"effectiveLevel":"INFO"},"org.springframework.boot.actuate.health":{"effectiveLevel":"INFO"},"org.springframework.boot.actuate.health.HealthEndpointSupport":{"effectiveLevel":"INFO"},"org.springframework.boot.actuate.health.PingHealthIndicator":{"effectiveLevel":"INFO"},"org.springframework.boot.actuate.jdbc":{"effectiveLevel":"INFO"},"org.springframework.boot.actuate.jdbc.DataSourceHealthIndicator":{"effectiveLevel":"INFO"},"org.springframework.boot.actuate.system":{"effectiveLevel":"INFO"},"org.springframework.boot.actuate.system.DiskSpaceHealthIndicator":{"effectiveLevel":"INFO"},"org.springframework.boot.ansi":{"effectiveLevel":"INFO"},"org.springframework.boot.ansi.AnsiPropertySource":{"effectiveLevel":"INFO"},"org.springframework.boot.autoconfigure":{"effectiveLevel":"INFO"},"org.springframework.boot.autoconfigure.AutoConfigurationImportSelector":{"effectiveLevel":"INFO"},"org.springframework.boot.autoconfigure.AutoConfigurationPackages":{"effectiveLevel":"INFO"},"org.springframework.boot.autoconfigure.cache":{"effectiveLevel":"INFO"},"org.springframework.boot.autoconfigure.cache.CacheCondition":{"effectiveLevel":"INFO"},"org.springframework.boot.autoconfigure.condition":{"effectiveLevel":"INFO"},"org.springframework.boot.autoconfigure.condition.OnBeanCondition":{"effectiveLevel":"INFO"},"org.springframework.boot.autoconfigure.condition.OnClassCondition":{"effectiveLevel":"INFO"},"org.springframework.boot.autoconfigure.condition.OnCloudPlatformCondition":{"effectiveLevel":"INFO"},"org.springframework.boot.autoconfigure.condition.OnExpressionCondition":{"effectiveLevel":"INFO"},"org.springframework.boot.autoconfigure.condition.OnJndiCondition":{"effectiveLevel":"INFO"},"org.springframework.boot.autoconfigure.condition.OnPropertyCondition":{"effectiveLevel":"INFO"},"org.springframework.boot.autoconfigure.condition.OnResourceCondition":{"effectiveLevel":"INFO"},"org.springframework.boot.autoconfigure.condition.OnWebApplicationCondition":{"effectiveLevel":"INFO"},"org.springframework.boot.autoconfigure.context":{"effectiveLevel":"INFO"},"org.springframework.boot.autoconfigure.context.MessageSourceAutoConfiguration":{"effectiveLevel":"INFO"},"org.springframework.boot.autoconfigure.context.MessageSourceAutoConfiguration$ResourceBundleCondition":{"effectiveLevel":"INFO"},"org.springframework.boot.autoconfigure.flyway":{"effectiveLevel":"INFO"},"org.springframework.boot.autoconfigure.flyway.FlywayAutoConfiguration":{"effectiveLevel":"INFO"},"org.springframework.boot.autoconfigure.flyway.FlywayAutoConfiguration$FlywayDataSourceCondition":{"effectiveLevel":"INFO"},"org.springframework.boot.autoconfigure.http":{"effectiveLevel":"INFO"},"org.springframework.boot.autoconfigure.http.GsonHttpMessageConvertersConfiguration":{"effectiveLevel":"INFO"},"org.springframework.boot.autoconfigure.http.GsonHttpMessageConvertersConfiguration$JacksonAndJsonbUnavailableCondition":{"effectiveLevel":"INFO"},"org.springframework.boot.autoconfigure.http.GsonHttpMessageConvertersConfiguration$PreferGsonOrJacksonAndJsonbUnavailableCondition":{"effectiveLevel":"INFO"},"org.springframework.boot.autoconfigure.http.HttpMessageConvertersAutoConfiguration":{"effectiveLevel":"INFO"},"org.springframework.boot.autoconfigure.http.HttpMessageConvertersAutoConfiguration$NotReactiveWebApplicationCondition":{"effectiveLevel":"INFO"},"org.springframework.boot.autoconfigure.info":{"effectiveLevel":"INFO"},"org.springframework.boot.autoconfigure.info.ProjectInfoAutoConfiguration":{"effectiveLevel":"INFO"},"org.springframework.boot.autoconfigure.info.ProjectInfoAutoConfiguration$GitResourceAvailableCondition":{"effectiveLevel":"INFO"},"org.springframework.boot.autoconfigure.jdbc":{"effectiveLevel":"INFO"},"org.springframework.boot.autoconfigure.jdbc.DataSourceAutoConfiguration":{"effectiveLevel":"INFO"},"org.springframework.boot.autoconfigure.jdbc.DataSourceAutoConfiguration$EmbeddedDatabaseCondition":{"effectiveLevel":"INFO"},"org.springframework.boot.autoconfigure.jdbc.DataSourceAutoConfiguration$PooledDataSourceAvailableCondition":{"effectiveLevel":"INFO"},"org.springframework.boot.autoconfigure.jdbc.DataSourceAutoConfiguration$PooledDataSourceCondition":{"effectiveLevel":"INFO"},"org.springframework.boot.autoconfigure.jdbc.DataSourceJmxConfiguration":{"effectiveLevel":"INFO"},"org.springframework.boot.autoconfigure.logging":{"effectiveLevel":"INFO"},"org.springframework.boot.autoconfigure.logging.ConditionEvaluationReportLogger":{"effectiveLevel":"INFO"},"org.springframework.boot.autoconfigure.orm":{"effectiveLevel":"INFO"},"org.springframework.boot.autoconfigure.orm.jpa":{"effectiveLevel":"INFO"},"org.springframework.boot.autoconfigure.orm.jpa.HibernateJpaConfiguration":{"effectiveLevel":"INFO"},"org.springframework.boot.autoconfigure.orm.jpa.JpaBaseConfiguration":{"effectiveLevel":"INFO"},"org.springframework.boot.autoconfigure.orm.jpa.JpaBaseConfiguration$JpaWebConfiguration":{"effectiveLevel":"INFO"},"org.springframework.boot.autoconfigure.security":{"effectiveLevel":"INFO"},"org.springframework.boot.autoconfigure.security.DefaultWebSecurityCondition":{"effectiveLevel":"INFO"},"org.springframework.boot.autoconfigure.security.reactive":{"effectiveLevel":"INFO"},"org.springframework.boot.autoconfigure.security.reactive.ReactiveUserDetailsServiceAutoConfiguration":{"effectiveLevel":"INFO"},"org.springframework.boot.autoconfigure.security.reactive.ReactiveUserDetailsServiceAutoConfiguration$ReactiveUserDetailsServiceCondition":{"effectiveLevel":"INFO"},"org.springframework.boot.autoconfigure.session":{"effectiveLevel":"INFO"},"org.springframework.boot.autoconfigure.session.SessionAutoConfiguration":{"effectiveLevel":"INFO"},"org.springframework.boot.autoconfigure.session.SessionAutoConfiguration$DefaultCookieSerializerCondition":{"effectiveLevel":"INFO"},"org.springframework.boot.autoconfigure.sql":{"effectiveLevel":"INFO"},"org.springframework.boot.autoconfigure.sql.init":{"effectiveLevel":"INFO"},"org.springframework.boot.autoconfigure.sql.init.SqlInitializationAutoConfiguration":{"effectiveLevel":"INFO"},"org.springframework.boot.autoconfigure.sql.init.SqlInitializationAutoConfiguration$SqlInitializationModeCondition":{"effectiveLevel":"INFO"},"org.springframework.boot.autoconfigure.transaction":{"effectiveLevel":"INFO"},"org.springframework.boot.autoconfigure.transaction.PlatformTransactionManagerCustomizer":{"effectiveLevel":"INFO"},"org.springframework.boot.autoconfigure.transaction.TransactionManagerCustomizers":{"effectiveLevel":"INFO"},"org.springframework.boot.autoconfigure.web":{"effectiveLevel":"INFO"},"org.springframework.boot.autoconfigure.web.OnEnabledResourceChainCondition":{"effectiveLevel":"INFO"},"org.springframework.boot.autoconfigure.web.client":{"effectiveLevel":"INFO"},"org.springframework.boot.autoconfigure.web.client.RestTemplateAutoConfiguration":{"effectiveLevel":"INFO"},"org.springframework.boot.autoconfigure.web.client.RestTemplateAutoConfiguration$NotReactiveWebApplicationCondition":{"effectiveLevel":"INFO"},"org.springframework.boot.autoconfigure.web.servlet":{"effectiveLevel":"INFO"},"org.springframework.boot.autoconfigure.web.servlet.DispatcherServletAutoConfiguration":{"effectiveLevel":"INFO"},"org.springframework.boot.autoconfigure.web.servlet.DispatcherServletAutoConfiguration$DefaultDispatcherServletCondition":{"effectiveLevel":"INFO"},"org.springframework.boot.autoconfigure.web.servlet.DispatcherServletAutoConfiguration$DispatcherServletRegistrationCondition":{"effectiveLevel":"INFO"},"org.springframework.boot.autoconfigure.web.servlet.WelcomePageHandlerMapping":{"effectiveLevel":"INFO"},"org.springframework.boot.autoconfigure.web.servlet.error":{"effectiveLevel":"INFO"},"org.springframework.boot.autoconfigure.web.servlet.error.ErrorMvcAutoConfiguration":{"effectiveLevel":"INFO"},"org.springframework.boot.autoconfigure.web.servlet.error.ErrorMvcAutoConfiguration$ErrorTemplateMissingCondition":{"effectiveLevel":"INFO"},"org.springframework.boot.autoconfigure.web.servlet.error.ErrorMvcAutoConfiguration$StaticView":{"effectiveLevel":"INFO"},"org.springframework.boot.availability":{"effectiveLevel":"INFO"},"org.springframework.boot.availability.ApplicationAvailabilityBean":{"effectiveLevel":"INFO"},"org.springframework.boot.cloud":{"effectiveLevel":"INFO"},"org.springframework.boot.cloud.CloudFoundryVcapEnvironmentPostProcessor":{"effectiveLevel":"INFO"},"org.springframework.boot.context":{"effectiveLevel":"INFO"},"org.springframework.boot.context.ConfigurationWarningsApplicationContextInitializer":{"effectiveLevel":"INFO"},"org.springframework.boot.context.FileEncodingApplicationListener":{"effectiveLevel":"INFO"},"org.springframework.boot.context.config":{"effectiveLevel":"INFO"},"org.springframework.boot.context.config.ConfigDataEnvironment":{"effectiveLevel":"INFO"},"org.springframework.boot.context.config.ConfigDataEnvironmentContributors":{"effectiveLevel":"INFO"},"org.springframework.boot.context.config.ConfigDataEnvironmentPostProcessor":{"effectiveLevel":"INFO"},"org.springframework.boot.context.config.ConfigDataImporter":{"effectiveLevel":"INFO"},"org.springframework.boot.context.config.ConfigDataLoaders":{"effectiveLevel":"INFO"},"org.springframework.boot.context.config.StandardConfigDataLocationResolver":{"effectiveLevel":"INFO"},"org.springframework.boot.context.logging":{"effectiveLevel":"INFO"},"org.springframework.boot.context.logging.LoggingApplicationListener":{"effectiveLevel":"INFO"},"org.springframework.boot.context.properties":{"effectiveLevel":"INFO"},"org.springframework.boot.context.properties.PropertySourcesDeducer":{"effectiveLevel":"INFO"},"org.springframework.boot.context.properties.source":{"effectiveLevel":"INFO"},"org.springframework.boot.context.properties.source.ConfigurationPropertySourcesPropertyResolver":{"effectiveLevel":"INFO"},"org.springframework.boot.context.properties.source.ConfigurationPropertySourcesPropertyResolver$DefaultResolver":{"effectiveLevel":"INFO"},"org.springframework.boot.context.properties.source.ConfigurationPropertySourcesPropertySource":{"effectiveLevel":"INFO"},"org.springframework.boot.env":{"effectiveLevel":"INFO"},"org.springframework.boot.env.OriginTrackedMapPropertySource":{"effectiveLevel":"INFO"},"org.springframework.boot.env.RandomValuePropertySource":{"effectiveLevel":"INFO"},"org.springframework.boot.env.RandomValuePropertySourceEnvironmentPostProcessor":{"effectiveLevel":"INFO"},"org.springframework.boot.env.SystemEnvironmentPropertySourceEnvironmentPostProcessor":{"effectiveLevel":"INFO"},"org.springframework.boot.env.SystemEnvironmentPropertySourceEnvironmentPostProcessor$OriginAwareSystemEnvironmentPropertySource":{"effectiveLevel":"INFO"},"org.springframework.boot.jackson":{"effectiveLevel":"INFO"},"org.springframework.boot.jackson.JsonMixinModuleEntries":{"effectiveLevel":"INFO"},"org.springframework.boot.jackson.JsonMixinModuleEntries$JsonMixinComponentScanner":{"effectiveLevel":"INFO"},"org.springframework.boot.jdbc":{"effectiveLevel":"INFO"},"org.springframework.boot.jdbc.init":{"effectiveLevel":"INFO"},"org.springframework.boot.jdbc.init.DataSourceScriptDatabaseInitializer":{"effectiveLevel":"INFO"},"org.springframework.boot.web":{"effectiveLevel":"INFO"},"org.springframework.boot.web.embedded":{"effectiveLevel":"INFO"},"org.springframework.boot.web.embedded.tomcat":{"effectiveLevel":"INFO"},"org.springframework.boot.web.embedded.tomcat.TomcatEmbeddedWebappClassLoader":{"effectiveLevel":"INFO"},"org.springframework.boot.web.embedded.tomcat.TomcatProtocolHandlerCustomizer":{"effectiveLevel":"INFO"},"org.springframework.boot.web.embedded.tomcat.TomcatServletWebServerFactory":{"effectiveLevel":"INFO"},"org.springframework.boot.web.embedded.tomcat.TomcatStarter":{"effectiveLevel":"INFO"},"org.springframework.boot.web.embedded.tomcat.TomcatWebServer":{"effectiveLevel":"INFO"},"org.springframework.boot.web.server":{"effectiveLevel":"INFO"},"org.springframework.boot.web.server.WebServerFactoryCustomizer":{"effectiveLevel":"INFO"},"org.springframework.boot.web.server.WebServerFactoryCustomizerBeanPostProcessor":{"effectiveLevel":"INFO"},"org.springframework.boot.web.servlet":{"effectiveLevel":"INFO"},"org.springframework.boot.web.servlet.DelegatingFilterProxyRegistrationBean":{"effectiveLevel":"INFO"},"org.springframework.boot.web.servlet.DelegatingFilterProxyRegistrationBean$1":{"effectiveLevel":"INFO"},"org.springframework.boot.web.servlet.RegistrationBean":{"effectiveLevel":"INFO"},"org.springframework.boot.web.servlet.ServletContextInitializerBeans":{"effectiveLevel":"INFO"},"org.springframework.boot.web.servlet.context":{"effectiveLevel":"INFO"},"org.springframework.boot.web.servlet.context.AnnotationConfigServletWebServerApplicationContext":{"effectiveLevel":"INFO"},"org.springframework.boot.web.servlet.context.ApplicationServletEnvironment":{"effectiveLevel":"INFO"},"org.springframework.boot.web.servlet.context.ServletWebServerApplicationContext":{"effectiveLevel":"INFO"},"org.springframework.boot.web.servlet.filter":{"effectiveLevel":"INFO"},"org.springframework.boot.web.servlet.filter.OrderedCharacterEncodingFilter":{"effectiveLevel":"INFO"},"org.springframework.boot.web.servlet.filter.OrderedFormContentFilter":{"effectiveLevel":"INFO"},"org.springframework.boot.web.servlet.filter.OrderedRequestContextFilter":{"effectiveLevel":"INFO"},"org.springframework.context":{"effectiveLevel":"INFO"},"org.springframework.context.annotation":{"effectiveLevel":"INFO"},"org.springframework.context.annotation.AutoProxyRegistrar":{"effectiveLevel":"INFO"},"org.springframework.context.annotation.ClassPathBeanDefinitionScanner":{"effectiveLevel":"INFO"},"org.springframework.context.annotation.ClassPathScanningCandidateComponentProvider":{"effectiveLevel":"INFO"},"org.springframework.context.annotation.CommonAnnotationBeanPostProcessor":{"effectiveLevel":"INFO"},"org.springframework.context.annotation.ComponentScanAnnotationParser":{"effectiveLevel":"INFO"},"org.springframework.context.annotation.ComponentScanAnnotationParser$1":{"effectiveLevel":"INFO"},"org.springframework.context.annotation.ConfigurationClassBeanDefinitionReader":{"effectiveLevel":"INFO"},"org.springframework.context.annotation.ConfigurationClassEnhancer":{"effectiveLevel":"INFO"},"org.springframework.context.annotation.ConfigurationClassParser":{"effectiveLevel":"INFO"},"org.springframework.context.annotation.ConfigurationClassPostProcessor":{"effectiveLevel":"INFO"},"org.springframework.context.annotation.ConfigurationClassUtils":{"effectiveLevel":"INFO"},"org.springframework.context.event":{"effectiveLevel":"INFO"},"org.springframework.context.event.EventListenerMethodProcessor":{"effectiveLevel":"INFO"},"org.springframework.context.index":{"effectiveLevel":"INFO"},"org.springframework.context.index.CandidateComponentsIndexLoader":{"effectiveLevel":"INFO"},"org.springframework.context.support":{"effectiveLevel":"INFO"},"org.springframework.context.support.ApplicationListenerDetector":{"effectiveLevel":"INFO"},"org.springframework.context.support.DefaultLifecycleProcessor":{"effectiveLevel":"INFO"},"org.springframework.context.support.PostProcessorRegistrationDelegate":{"effectiveLevel":"INFO"},"org.springframework.context.support.PostProcessorRegistrationDelegate$BeanPostProcessorChecker":{"effectiveLevel":"INFO"},"org.springframework.context.support.PropertySourcesPlaceholderConfigurer":{"effectiveLevel":"INFO"},"org.springframework.context.support.PropertySourcesPlaceholderConfigurer$1":{"effectiveLevel":"INFO"},"org.springframework.context.support.ReloadableResourceBundleMessageSource":{"effectiveLevel":"INFO"},"org.springframework.context.support.ResourceBundleMessageSource":{"effectiveLevel":"INFO"},"org.springframework.core":{"effectiveLevel":"INFO"},"org.springframework.core.LocalVariableTableParameterNameDiscoverer":{"effectiveLevel":"INFO"},"org.springframework.core.annotation":{"effectiveLevel":"INFO"},"org.springframework.core.annotation.AnnotationTypeMapping":{"effectiveLevel":"INFO"},"org.springframework.core.env":{"effectiveLevel":"INFO"},"org.springframework.core.env.MapPropertySource":{"effectiveLevel":"INFO"},"org.springframework.core.env.PropertiesPropertySource":{"effectiveLevel":"INFO"},"org.springframework.core.env.PropertySource":{"effectiveLevel":"INFO"},"org.springframework.core.env.PropertySource$ComparisonPropertySource":{"effectiveLevel":"INFO"},"org.springframework.core.env.PropertySource$StubPropertySource":{"effectiveLevel":"INFO"},"org.springframework.core.env.PropertySourcesPropertyResolver":{"effectiveLevel":"INFO"},"org.springframework.core.env.StandardEnvironment":{"effectiveLevel":"INFO"},"org.springframework.core.env.SystemEnvironmentPropertySource":{"effectiveLevel":"INFO"},"org.springframework.core.io":{"effectiveLevel":"INFO"},"org.springframework.core.io.support":{"effectiveLevel":"INFO"},"org.springframework.core.io.support.PathMatchingResourcePatternResolver":{"effectiveLevel":"INFO"},"org.springframework.core.io.support.PropertySourceProcessor":{"effectiveLevel":"INFO"},"org.springframework.core.io.support.ResourceArrayPropertyEditor":{"effectiveLevel":"INFO"},"org.springframework.core.io.support.SpringFactoriesLoader":{"effectiveLevel":"INFO"},"org.springframework.core.task":{"effectiveLevel":"INFO"},"org.springframework.core.task.SimpleAsyncTaskExecutor":{"effectiveLevel":"INFO"},"org.springframework.core.task.SimpleAsyncTaskExecutor$ConcurrencyThrottleAdapter":{"effectiveLevel":"INFO"},"org.springframework.core.type":{"effectiveLevel":"INFO"},"org.springframework.core.type.filter":{"effectiveLevel":"INFO"},"org.springframework.core.type.filter.AnnotationTypeFilter":{"effectiveLevel":"INFO"},"org.springframework.core.type.filter.AssignableTypeFilter":{"effectiveLevel":"INFO"},"org.springframework.data":{"effectiveLevel":"INFO"},"org.springframework.data.jpa":{"effectiveLevel":"INFO"},"org.springframework.data.jpa.repository":{"effectiveLevel":"INFO"},"org.springframework.data.jpa.repository.config":{"effectiveLevel":"INFO"},"org.springframework.data.jpa.repository.config.JpaMetamodelMappingContextFactoryBean":{"effectiveLevel":"INFO"},"org.springframework.data.jpa.repository.config.JpaRepositoryConfigExtension":{"effectiveLevel":"INFO"},"org.springframework.data.jpa.repository.config.JpaRepositoryConfigExtension$JpaRepositoryRegistrationAotProcessor":{"effectiveLevel":"INFO"},"org.springframework.data.jpa.repository.query":{"effectiveLevel":"INFO"},"org.springframework.data.jpa.repository.query.JpaQueryLookupStrategy":{"effectiveLevel":"INFO"},"org.springframework.data.jpa.repository.query.NamedQuery":{"effectiveLevel":"INFO"},"org.springframework.data.jpa.repository.query.QueryEnhancerFactory":{"effectiveLevel":"INFO"},"org.springframework.data.jpa.repository.query.QueryParameterSetter":{"effectiveLevel":"INFO"},"org.springframework.data.jpa.repository.query.QueryParameterSetter$ErrorHandling":{"effectiveLevel":"INFO"},"org.springframework.data.mapping":{"effectiveLevel":"INFO"},"org.springframework.data.mapping.context":{"effectiveLevel":"INFO"},"org.springframework.data.mapping.context.MappingContext":{"effectiveLevel":"INFO"},"org.springframework.data.mapping.model":{"effectiveLevel":"INFO"},"org.springframework.data.mapping.model.ClassGeneratingEntityInstantiator":{"effectiveLevel":"INFO"},"org.springframework.data.projection":{"effectiveLevel":"INFO"},"org.springframework.data.projection.DefaultProjectionInformation":{"effectiveLevel":"INFO"},"org.springframework.data.projection.DefaultProjectionInformation$PropertyDescriptorSource":{"effectiveLevel":"INFO"},"org.springframework.data.repository":{"effectiveLevel":"INFO"},"org.springframework.data.repository.config":{"effectiveLevel":"INFO"},"org.springframework.data.repository.config.PropertiesBasedNamedQueriesFactoryBean":{"effectiveLevel":"INFO"},"org.springframework.data.repository.config.RepositoryBeanDefinitionBuilder":{"effectiveLevel":"INFO"},"org.springframework.data.repository.config.RepositoryComponentProvider":{"effectiveLevel":"INFO"},"org.springframework.data.repository.config.RepositoryComponentProvider$InterfaceTypeFilter":{"effectiveLevel":"INFO"},"org.springframework.data.repository.config.RepositoryConfigurationDelegate":{"effectiveLevel":"INFO"},"org.springframework.data.repository.config.RepositoryConfigurationExtensionSupport":{"effectiveLevel":"INFO"},"org.springframework.data.repository.core":{"effectiveLevel":"INFO"},"org.springframework.data.repository.core.support":{"effectiveLevel":"INFO"},"org.springframework.data.repository.core.support.RepositoryFactorySupport":{"effectiveLevel":"INFO"},"org.springframework.data.repository.core.support.TransactionalRepositoryProxyPostProcessor":{"effectiveLevel":"INFO"},"org.springframework.data.repository.core.support.TransactionalRepositoryProxyPostProcessor$RepositoryAnnotationTransactionAttributeSource":{"effectiveLevel":"INFO"},"org.springframework.data.rest":{"effectiveLevel":"INFO"},"org.springframework.data.rest.core":{"effectiveLevel":"INFO"},"org.springframework.data.rest.core.event":{"effectiveLevel":"INFO"},"org.springframework.data.rest.core.event.AnnotatedEventHandlerInvoker":{"effectiveLevel":"INFO"},"org.springframework.data.rest.core.event.ValidatingRepositoryEventListener":{"effectiveLevel":"INFO"},"org.springframework.data.rest.core.mapping":{"effectiveLevel":"INFO"},"org.springframework.data.rest.core.mapping.RepositoryCollectionResourceMapping":{"effectiveLevel":"INFO"},"org.springframework.data.rest.webmvc":{"effectiveLevel":"INFO"},"org.springframework.data.rest.webmvc.BasePathAwareHandlerMapping":{"effectiveLevel":"INFO"},"org.springframework.data.rest.webmvc.RepositoryRestExceptionHandler":{"effectiveLevel":"INFO"},"org.springframework.data.rest.webmvc.RepositoryRestHandlerAdapter":{"effectiveLevel":"INFO"},"org.springframework.data.rest.webmvc.RepositoryRestHandlerMapping":{"effectiveLevel":"INFO"},"org.springframework.data.rest.webmvc.alps":{"effectiveLevel":"INFO"},"org.springframework.data.rest.webmvc.alps.AlpsJsonHttpMessageConverter":{"effectiveLevel":"INFO"},"org.springframework.data.rest.webmvc.config":{"effectiveLevel":"INFO"},"org.springframework.data.rest.webmvc.config.RepositoryRestMvcConfiguration":{"effectiveLevel":"INFO"},"org.springframework.data.rest.webmvc.config.RepositoryRestMvcConfiguration$ResourceSupportHttpMessageConverter":{"effectiveLevel":"INFO"},"org.springframework.data.rest.webmvc.json":{"effectiveLevel":"INFO"},"org.springframework.data.rest.webmvc.json.PersistentEntityJackson2Module":{"effectiveLevel":"INFO"},"org.springframework.data.util":{"effectiveLevel":"INFO"},"org.springframework.data.util.AnnotatedTypeScanner":{"effectiveLevel":"INFO"},"org.springframework.data.util.AnnotatedTypeScanner$InterfaceAwareScanner":{"effectiveLevel":"INFO"},"org.springframework.data.web":{"effectiveLevel":"INFO"},"org.springframework.data.web.PagedResourcesAssemblerArgumentResolver":{"effectiveLevel":"INFO"},"org.springframework.data.web.ProjectingJackson2HttpMessageConverter":{"effectiveLevel":"INFO"},"org.springframework.data.web.ProxyingHandlerMethodArgumentResolver":{"effectiveLevel":"INFO"},"org.springframework.hateoas":{"effectiveLevel":"INFO"},"org.springframework.hateoas.server":{"effectiveLevel":"INFO"},"org.springframework.hateoas.server.core":{"effectiveLevel":"INFO"},"org.springframework.hateoas.server.core.ControllerEntityLinksFactoryBean":{"effectiveLevel":"INFO"},"org.springframework.hateoas.server.mvc":{"effectiveLevel":"INFO"},"org.springframework.hateoas.server.mvc.TypeConstrainedMappingJackson2HttpMessageConverter":{"effectiveLevel":"INFO"},"org.springframework.http":{"effectiveLevel":"INFO"},"org.springframework.http.converter":{"effectiveLevel":"INFO"},"org.springframework.http.converter.ByteArrayHttpMessageConverter":{"effectiveLevel":"INFO"},"org.springframework.http.converter.ResourceHttpMessageConverter":{"effectiveLevel":"INFO"},"org.springframework.http.converter.ResourceRegionHttpMessageConverter":{"effectiveLevel":"INFO"},"org.springframework.http.converter.StringHttpMessageConverter":{"effectiveLevel":"INFO"},"org.springframework.http.converter.json":{"effectiveLevel":"INFO"},"org.springframework.http.converter.json.MappingJackson2HttpMessageConverter":{"effectiveLevel":"INFO"},"org.springframework.http.converter.xml":{"effectiveLevel":"INFO"},"org.springframework.http.converter.xml.Jaxb2RootElementHttpMessageConverter":{"effectiveLevel":"INFO"},"org.springframework.jdbc":{"effectiveLevel":"INFO"},"org.springframework.jdbc.core":{"effectiveLevel":"INFO"},"org.springframework.jdbc.core.JdbcTemplate":{"effectiveLevel":"INFO"},"org.springframework.jdbc.datasource":{"effectiveLevel":"INFO"},"org.springframework.jdbc.datasource.DataSourceUtils":{"effectiveLevel":"INFO"},"org.springframework.jdbc.datasource.JdbcTransactionObjectSupport":{"effectiveLevel":"INFO"},"org.springframework.jdbc.datasource.lookup":{"effectiveLevel":"INFO"},"org.springframework.jdbc.datasource.lookup.JndiDataSourceLookup":{"effectiveLevel":"INFO"},"org.springframework.jndi":{"effectiveLevel":"INFO"},"org.springframework.jndi.JndiTemplate":{"effectiveLevel":"INFO"},"org.springframework.jndi.support":{"effectiveLevel":"INFO"},"org.springframework.jndi.support.SimpleJndiBeanFactory":{"effectiveLevel":"INFO"},"org.springframework.orm":{"effectiveLevel":"INFO"},"org.springframework.orm.hibernate5":{"effectiveLevel":"INFO"},"org.springframework.orm.hibernate5.SpringBeanContainer":{"effectiveLevel":"INFO"},"org.springframework.orm.jpa":{"effectiveLevel":"INFO"},"org.springframework.orm.jpa.EntityManagerFactoryUtils":{"effectiveLevel":"INFO"},"org.springframework.orm.jpa.ExtendedEntityManagerCreator":{"effectiveLevel":"INFO"},"org.springframework.orm.jpa.ExtendedEntityManagerCreator$ExtendedEntityManagerInvocationHandler":{"effectiveLevel":"INFO"},"org.springframework.orm.jpa.JpaTransactionManager":{"effectiveLevel":"INFO"},"org.springframework.orm.jpa.LocalContainerEntityManagerFactoryBean":{"effectiveLevel":"INFO"},"org.springframework.orm.jpa.SharedEntityManagerCreator":{"effectiveLevel":"INFO"},"org.springframework.orm.jpa.SharedEntityManagerCreator$SharedEntityManagerInvocationHandler":{"effectiveLevel":"INFO"},"org.springframework.orm.jpa.persistenceunit":{"effectiveLevel":"INFO"},"org.springframework.orm.jpa.persistenceunit.DefaultPersistenceUnitManager":{"effectiveLevel":"INFO"},"org.springframework.orm.jpa.persistenceunit.PersistenceUnitReader":{"effectiveLevel":"INFO"},"org.springframework.orm.jpa.support":{"effectiveLevel":"INFO"},"org.springframework.orm.jpa.support.AsyncRequestInterceptor":{"effectiveLevel":"INFO"},"org.springframework.orm.jpa.support.OpenEntityManagerInViewInterceptor":{"effectiveLevel":"INFO"},"org.springframework.plugin":{"effectiveLevel":"INFO"},"org.springframework.plugin.core":{"effectiveLevel":"INFO"},"org.springframework.plugin.core.config":{"effectiveLevel":"INFO"},"org.springframework.plugin.core.config.PluginRegistriesBeanDefinitionRegistrar":{"effectiveLevel":"INFO"},"org.springframework.scheduling":{"effectiveLevel":"INFO"},"org.springframework.scheduling.concurrent":{"effectiveLevel":"INFO"},"org.springframework.scheduling.concurrent.ThreadPoolTaskExecutor":{"effectiveLevel":"INFO"},"org.springframework.security":{"configuredLevel":"INFO","effectiveLevel":"INFO"},"org.springframework.security.access":{"effectiveLevel":"INFO"},"org.springframework.security.access.expression":{"effectiveLevel":"INFO"},"org.springframework.security.access.expression.DenyAllPermissionEvaluator":{"effectiveLevel":"INFO"},"org.springframework.security.access.expression.method":{"effectiveLevel":"INFO"},"org.springframework.security.access.expression.method.DefaultMethodSecurityExpressionHandler":{"effectiveLevel":"INFO"},"org.springframework.security.authentication":{"configuredLevel":"INFO","effectiveLevel":"INFO"},"org.springframework.security.authentication.DefaultAuthenticationEventPublisher":{"effectiveLevel":"INFO"},"org.springframework.security.authentication.ProviderManager":{"effectiveLevel":"INFO"},"org.springframework.security.authentication.dao":{"effectiveLevel":"INFO"},"org.springframework.security.authentication.dao.DaoAuthenticationProvider":{"effectiveLevel":"INFO"},"org.springframework.security.authorization":{"effectiveLevel":"INFO"},"org.springframework.security.authorization.method":{"effectiveLevel":"INFO"},"org.springframework.security.authorization.method.AuthorizationManagerAfterMethodInterceptor":{"effectiveLevel":"INFO"},"org.springframework.security.authorization.method.AuthorizationManagerBeforeMethodInterceptor":{"effectiveLevel":"INFO"},"org.springframework.security.config":{"effectiveLevel":"INFO"},"org.springframework.security.config.annotation":{"effectiveLevel":"INFO"},"org.springframework.security.config.annotation.authentication":{"effectiveLevel":"INFO"},"org.springframework.security.config.annotation.authentication.configuration":{"effectiveLevel":"INFO"},"org.springframework.security.config.annotation.authentication.configuration.AuthenticationConfiguration":{"effectiveLevel":"INFO"},"org.springframework.security.config.annotation.authentication.configuration.AuthenticationConfiguration$DefaultPasswordEncoderAuthenticationManagerBuilder":{"effectiveLevel":"INFO"},"org.springframework.security.config.annotation.authentication.configuration.AuthenticationConfiguration$EnableGlobalAuthenticationAutowiredConfigurer":{"effectiveLevel":"INFO"},"org.springframework.security.config.annotation.configuration":{"effectiveLevel":"INFO"},"org.springframework.security.config.annotation.configuration.AutowireBeanFactoryObjectPostProcessor":{"effectiveLevel":"INFO"},"org.springframework.security.config.annotation.web":{"effectiveLevel":"INFO"},"org.springframework.security.config.annotation.web.builders":{"effectiveLevel":"INFO"},"org.springframework.security.config.annotation.web.builders.HttpSecurity":{"effectiveLevel":"INFO"},"org.springframework.security.config.annotation.web.builders.WebSecurity":{"effectiveLevel":"INFO"},"org.springframework.security.config.annotation.web.configuration":{"effectiveLevel":"INFO"},"org.springframework.security.config.annotation.web.configuration.HttpSecurityConfiguration":{"effectiveLevel":"INFO"},"org.springframework.security.config.annotation.web.configuration.HttpSecurityConfiguration$DefaultPasswordEncoderAuthenticationManagerBuilder":{"effectiveLevel":"INFO"},"org.springframework.security.core":{"effectiveLevel":"INFO"},"org.springframework.security.core.SpringSecurityMessageSource":{"effectiveLevel":"INFO"},"org.springframework.security.crypto":{"effectiveLevel":"INFO"},"org.springframework.security.crypto.argon2":{"effectiveLevel":"INFO"},"org.springframework.security.crypto.argon2.Argon2PasswordEncoder":{"effectiveLevel":"INFO"},"org.springframework.security.crypto.bcrypt":{"effectiveLevel":"INFO"},"org.springframework.security.crypto.bcrypt.BCryptPasswordEncoder":{"effectiveLevel":"INFO"},"org.springframework.security.crypto.scrypt":{"effectiveLevel":"INFO"},"org.springframework.security.crypto.scrypt.SCryptPasswordEncoder":{"effectiveLevel":"INFO"},"org.springframework.security.web":{"configuredLevel":"INFO","effectiveLevel":"INFO"},"org.springframework.security.web.DefaultRedirectStrategy":{"effectiveLevel":"INFO"},"org.springframework.security.web.DefaultSecurityFilterChain":{"effectiveLevel":"INFO"},"org.springframework.security.web.FilterChainProxy":{"effectiveLevel":"INFO"},"org.springframework.security.web.access":{"effectiveLevel":"INFO"},"org.springframework.security.web.access.AccessDeniedHandlerImpl":{"effectiveLevel":"INFO"},"org.springframework.security.web.access.ExceptionTranslationFilter":{"effectiveLevel":"INFO"},"org.springframework.security.web.access.intercept":{"effectiveLevel":"INFO"},"org.springframework.security.web.access.intercept.AuthorizationFilter":{"effectiveLevel":"INFO"},"org.springframework.security.web.access.intercept.RequestMatcherDelegatingAuthorizationManager":{"effectiveLevel":"INFO"},"org.springframework.security.web.authentication":{"effectiveLevel":"INFO"},"org.springframework.security.web.authentication.AnonymousAuthenticationFilter":{"effectiveLevel":"INFO"},"org.springframework.security.web.authentication.SimpleUrlAuthenticationFailureHandler":{"effectiveLevel":"INFO"},"org.springframework.security.web.authentication.logout":{"effectiveLevel":"INFO"},"org.springframework.security.web.authentication.logout.LogoutFilter":{"effectiveLevel":"INFO"},"org.springframework.security.web.authentication.logout.SecurityContextLogoutHandler":{"effectiveLevel":"INFO"},"org.springframework.security.web.authentication.logout.SimpleUrlLogoutSuccessHandler":{"effectiveLevel":"INFO"},"org.springframework.security.web.authentication.session":{"effectiveLevel":"INFO"},"org.springframework.security.web.authentication.session.ChangeSessionIdAuthenticationStrategy":{"effectiveLevel":"INFO"},"org.springframework.security.web.authentication.session.CompositeSessionAuthenticationStrategy":{"effectiveLevel":"INFO"},"org.springframework.security.web.authentication.ui":{"effectiveLevel":"INFO"},"org.springframework.security.web.authentication.ui.DefaultLoginPageGeneratingFilter":{"effectiveLevel":"INFO"},"org.springframework.security.web.authentication.ui.DefaultLogoutPageGeneratingFilter":{"effectiveLevel":"INFO"},"org.springframework.security.web.context":{"effectiveLevel":"INFO"},"org.springframework.security.web.context.HttpSessionSecurityContextRepository":{"effectiveLevel":"INFO"},"org.springframework.security.web.context.SecurityContextHolderFilter":{"effectiveLevel":"INFO"},"org.springframework.security.web.context.SupplierDeferredSecurityContext":{"effectiveLevel":"INFO"},"org.springframework.security.web.context.request":{"effectiveLevel":"INFO"},"org.springframework.security.web.context.request.async":{"effectiveLevel":"INFO"},"org.springframework.security.web.context.request.async.WebAsyncManagerIntegrationFilter":{"effectiveLevel":"INFO"},"org.springframework.security.web.firewall":{"effectiveLevel":"INFO"},"org.springframework.security.web.firewall.HttpStatusRequestRejectedHandler":{"effectiveLevel":"INFO"},"org.springframework.security.web.header":{"effectiveLevel":"INFO"},"org.springframework.security.web.header.HeaderWriterFilter":{"effectiveLevel":"INFO"},"org.springframework.security.web.header.writers":{"effectiveLevel":"INFO"},"org.springframework.security.web.header.writers.HstsHeaderWriter":{"effectiveLevel":"INFO"},"org.springframework.security.web.savedrequest":{"effectiveLevel":"INFO"},"org.springframework.security.web.savedrequest.HttpSessionRequestCache":{"effectiveLevel":"INFO"},"org.springframework.security.web.savedrequest.RequestCacheAwareFilter":{"effectiveLevel":"INFO"},"org.springframework.security.web.servletapi":{"effectiveLevel":"INFO"},"org.springframework.security.web.servletapi.HttpServlet3RequestFactory":{"effectiveLevel":"INFO"},"org.springframework.security.web.servletapi.SecurityContextHolderAwareRequestFilter":{"effectiveLevel":"INFO"},"org.springframework.security.web.session":{"effectiveLevel":"INFO"},"org.springframework.security.web.session.DisableEncodeUrlFilter":{"effectiveLevel":"INFO"},"org.springframework.security.web.session.SessionManagementFilter":{"effectiveLevel":"INFO"},"org.springframework.session":{"effectiveLevel":"INFO"},"org.springframework.session.security":{"effectiveLevel":"INFO"},"org.springframework.session.security.web":{"effectiveLevel":"INFO"},"org.springframework.session.security.web.authentication":{"effectiveLevel":"INFO"},"org.springframework.session.security.web.authentication.SpringSessionRememberMeServices":{"effectiveLevel":"INFO"},"org.springframework.session.web":{"effectiveLevel":"INFO"},"org.springframework.session.web.http":{"effectiveLevel":"INFO"},"org.springframework.session.web.http.DefaultCookieSerializer":{"effectiveLevel":"INFO"},"org.springframework.transaction":{"effectiveLevel":"INFO"},"org.springframework.transaction.annotation":{"effectiveLevel":"INFO"},"org.springframework.transaction.annotation.AnnotationTransactionAttributeSource":{"effectiveLevel":"INFO"},"org.springframework.transaction.interceptor":{"effectiveLevel":"INFO"},"org.springframework.transaction.interceptor.TransactionInterceptor":{"effectiveLevel":"INFO"},"org.springframework.transaction.support":{"effectiveLevel":"INFO"},"org.springframework.transaction.support.TransactionSynchronizationUtils":{"effectiveLevel":"INFO"},"org.springframework.transaction.support.TransactionTemplate":{"effectiveLevel":"INFO"},"org.springframework.ui":{"effectiveLevel":"INFO"},"org.springframework.ui.context":{"effectiveLevel":"INFO"},"org.springframework.ui.context.support":{"effectiveLevel":"INFO"},"org.springframework.ui.context.support.ResourceBundleThemeSource":{"effectiveLevel":"INFO"},"org.springframework.ui.context.support.UiApplicationContextUtils":{"effectiveLevel":"INFO"},"org.springframework.util":{"effectiveLevel":"INFO"},"org.springframework.util.PropertyPlaceholderHelper":{"effectiveLevel":"INFO"},"org.springframework.validation":{"effectiveLevel":"INFO"},"org.springframework.validation.DataBinder":{"effectiveLevel":"INFO"},"org.springframework.web":{"configuredLevel":"INFO","effectiveLevel":"INFO"},"org.springframework.web.HttpLogging":{"effectiveLevel":"INFO"},"org.springframework.web.context":{"effectiveLevel":"INFO"},"org.springframework.web.context.request":{"effectiveLevel":"INFO"},"org.springframework.web.context.request.async":{"effectiveLevel":"INFO"},"org.springframework.web.context.request.async.WebAsyncManager":{"effectiveLevel":"INFO"},"org.springframework.web.context.support":{"effectiveLevel":"INFO"},"org.springframework.web.context.support.ServletContextPropertySource":{"effectiveLevel":"INFO"},"org.springframework.web.context.support.ServletContextResourcePatternResolver":{"effectiveLevel":"INFO"},"org.springframework.web.context.support.StandardServletEnvironment":{"effectiveLevel":"INFO"},"org.springframework.web.cors":{"effectiveLevel":"INFO"},"org.springframework.web.cors.DefaultCorsProcessor":{"effectiveLevel":"INFO"},"org.springframework.web.filter":{"effectiveLevel":"INFO"},"org.springframework.web.filter.ServerHttpObservationFilter":{"effectiveLevel":"INFO"},"org.springframework.web.method":{"effectiveLevel":"INFO"},"org.springframework.web.method.HandlerMethod":{"effectiveLevel":"INFO"},"org.springframework.web.method.annotation":{"effectiveLevel":"INFO"},"org.springframework.web.method.annotation.ModelFactory":{"effectiveLevel":"INFO"},"org.springframework.web.servlet":{"effectiveLevel":"INFO"},"org.springframework.web.servlet.DispatcherServlet":{"effectiveLevel":"INFO"},"org.springframework.web.servlet.HandlerExecutionChain":{"effectiveLevel":"INFO"},"org.springframework.web.servlet.PageNotFound":{"effectiveLevel":"INFO"},"org.springframework.web.servlet.config":{"effectiveLevel":"INFO"},"org.springframework.web.servlet.config.annotation":{"effectiveLevel":"INFO"},"org.springframework.web.servlet.config.annotation.WebMvcConfigurer":{"effectiveLevel":"INFO"},"org.springframework.web.servlet.function":{"effectiveLevel":"INFO"},"org.springframework.web.servlet.function.support":{"effectiveLevel":"INFO"},"org.springframework.web.servlet.function.support.HandlerFunctionAdapter":{"effectiveLevel":"INFO"},"org.springframework.web.servlet.function.support.RouterFunctionMapping":{"effectiveLevel":"INFO"},"org.springframework.web.servlet.handler":{"effectiveLevel":"INFO"},"org.springframework.web.servlet.handler.BeanNameUrlHandlerMapping":{"effectiveLevel":"INFO"},"org.springframework.web.servlet.handler.SimpleUrlHandlerMapping":{"effectiveLevel":"INFO"},"org.springframework.web.servlet.mvc":{"effectiveLevel":"INFO"},"org.springframework.web.servlet.mvc.annotation":{"effectiveLevel":"INFO"},"org.springframework.web.servlet.mvc.annotation.ResponseStatusExceptionResolver":{"effectiveLevel":"INFO"},"org.springframework.web.servlet.mvc.method":{"effectiveLevel":"INFO"},"org.springframework.web.servlet.mvc.method.annotation":{"effectiveLevel":"INFO"},"org.springframework.web.servlet.mvc.method.annotation.ExceptionHandlerExceptionResolver":{"effectiveLevel":"INFO"},"org.springframework.web.servlet.mvc.method.annotation.HttpEntityMethodProcessor":{"effectiveLevel":"INFO"},"org.springframework.web.servlet.mvc.method.annotation.ReactiveTypeHandler":{"effectiveLevel":"INFO"},"org.springframework.web.servlet.mvc.method.annotation.RequestMappingHandlerAdapter":{"effectiveLevel":"INFO"},"org.springframework.web.servlet.mvc.method.annotation.RequestMappingHandlerMapping":{"effectiveLevel":"INFO"},"org.springframework.web.servlet.mvc.method.annotation.RequestPartMethodArgumentResolver":{"effectiveLevel":"INFO"},"org.springframework.web.servlet.mvc.method.annotation.RequestResponseBodyMethodProcessor":{"effectiveLevel":"INFO"},"org.springframework.web.servlet.mvc.method.annotation.ServletModelAttributeMethodProcessor":{"effectiveLevel":"INFO"},"org.springframework.web.servlet.mvc.support":{"effectiveLevel":"INFO"},"org.springframework.web.servlet.mvc.support.DefaultHandlerExceptionResolver":{"effectiveLevel":"INFO"},"org.springframework.web.servlet.resource":{"effectiveLevel":"INFO"},"org.springframework.web.servlet.resource.CachingResourceResolver":{"effectiveLevel":"INFO"},"org.springframework.web.servlet.resource.CachingResourceTransformer":{"effectiveLevel":"INFO"},"org.springframework.web.servlet.resource.PathResourceResolver":{"effectiveLevel":"INFO"},"org.springframework.web.servlet.resource.ResourceHttpRequestHandler":{"effectiveLevel":"INFO"},"org.springframework.web.servlet.resource.ResourceUrlProvider":{"effectiveLevel":"INFO"},"org.springframework.web.servlet.resource.WebJarsResourceResolver":{"effectiveLevel":"INFO"},"org.springframework.web.servlet.support":{"effectiveLevel":"INFO"},"org.springframework.web.servlet.support.SessionFlashMapManager":{"effectiveLevel":"INFO"},"org.springframework.web.servlet.view":{"effectiveLevel":"INFO"},"org.springframework.web.servlet.view.BeanNameViewResolver":{"effectiveLevel":"INFO"},"org.springframework.web.servlet.view.ContentNegotiatingViewResolver":{"effectiveLevel":"INFO"},"org.springframework.web.servlet.view.InternalResourceViewResolver":{"effectiveLevel":"INFO"},"org.springframework.web.util":{"effectiveLevel":"INFO"},"org.springframework.web.util.UrlPathHelper":{"effectiveLevel":"INFO"}},"groups":{"web":{"members":["org.springframework.core.codec","org.springframework.http","org.springframework.web","org.springframework.boot.actuate.endpoint.web","org.springframework.boot.web.servlet.ServletContextInitializerBeans"]},"sql":{"members":["org.springframework.jdbc.core","org.hibernate.SQL","org.jooq.tools.LoggerListener"]}}}
21:14:57.195 [main] INFO  com.intuit.karate - [print] null 
---------------------------------------------------------
feature: classpath:karate/springActuator/springActuator.feature
scenarios:  5 | passed:  5 | failed:  0 | time: 0.1607
---------------------------------------------------------

21:14:57.329 [main] INFO  com.intuit.karate.Suite - <<pass>> feature 6 of 9 (0 remaining) classpath:karate/springActuator/springActuator.feature
21:14:57.336 [main] DEBUG com.intuit.karate - request:
1 > GET http://localhost:8080/rest/user_account
1 > Host: localhost:8080
1 > Connection: Keep-Alive
1 > User-Agent: Apache-HttpClient/4.5.13 (Java/17.0.9)
1 > Accept-Encoding: gzip,deflate


21:14:57.507 [main] DEBUG com.intuit.karate - response time in milliseconds: 171
1 < 200
1 < Vary: Origin
1 < Vary: Access-Control-Request-Method
1 < Vary: Access-Control-Request-Headers
1 < X-Content-Type-Options: nosniff
1 < X-XSS-Protection: 0
1 < Cache-Control: no-cache, no-store, max-age=0, must-revalidate
1 < Pragma: no-cache
1 < Expires: 0
1 < X-Frame-Options: SAMEORIGIN
1 < Content-Type: application/hal+json
1 < Transfer-Encoding: chunked
1 < Date: Sat, 09 Dec 2023 02:14:56 GMT
1 < Keep-Alive: timeout=60
1 < Connection: keep-alive
{
  "_embedded" : {
    "user_account" : [ ]
  },
  "_links" : {
    "self" : {
      "href" : "http://localhost:8080/rest/user_account"
    },
    "profile" : {
      "href" : "http://localhost:8080/rest/profile/user_account"
    },
    "search" : {
      "href" : "http://localhost:8080/rest/user_account/search"
    }
  },
  "page" : {
    "size" : 20,
    "totalElements" : 0,
    "totalPages" : 0,
    "number" : 0
  }
}
21:14:57.508 [main] INFO  com.intuit.karate - [print] null 
---------------------------------------------------------
feature: classpath:karate/springRest/springRest.feature
scenarios:  1 | passed:  1 | failed:  0 | time: 0.1750
---------------------------------------------------------

21:14:57.543 [main] INFO  com.intuit.karate.Suite - <<pass>> feature 7 of 9 (0 remaining) classpath:karate/springRest/springRest.feature
21:14:57.550 [main] DEBUG com.intuit.karate - request:
1 > GET http://localhost:8080/api/users
1 > Host: localhost:8080
1 > Connection: Keep-Alive
1 > User-Agent: Apache-HttpClient/4.5.13 (Java/17.0.9)
1 > Accept-Encoding: gzip,deflate


21:14:57.829 [main] DEBUG com.intuit.karate - response time in milliseconds: 279
1 < 200
1 < Vary: Origin
1 < Vary: Access-Control-Request-Method
1 < Vary: Access-Control-Request-Headers
1 < X-Content-Type-Options: nosniff
1 < X-XSS-Protection: 0
1 < Cache-Control: no-cache, no-store, max-age=0, must-revalidate
1 < Pragma: no-cache
1 < Expires: 0
1 < X-Frame-Options: SAMEORIGIN
1 < Content-Type: application/json
1 < Transfer-Encoding: chunked
1 < Date: Sat, 09 Dec 2023 02:14:57 GMT
1 < Keep-Alive: timeout=60
1 < Connection: keep-alive
[{"userId":211,"username":"Tom1@gmail.com","password":"$2a$10$I7m.Qj.5UwBlL2uiVQqyI.pyNbVFMpeD/H81OvFxV5BRiz8FHcShy","lastName":"Smith","firstName":"Tom1","userType":3,"phone":"5055087707","email":"Tom1@gmail.com","cusUrl":"https://doggywood-veterinary.s3.amazonaws.com/assets/Animals/random_a1.jpg","photoPath":"photoPath","isActive":0,"contactType":1,"roles":[{"id":2,"name":"ROLE_ADMIN"}]},{"userId":212,"username":"user31@gmail.com","password":"$2a$10$lCq.Iea1zFOt7lFMB1eoQuqQr6tihZB78SnEee1oSfrt107TSge0m","lastName":"Maestas","firstName":"Tom2","userType":3,"phone":"5055087707","email":"Tom2@gmail.com","cusUrl":"https://doggywood-veterinary.s3.amazonaws.com/assets/Animals/random_a2.jpg","photoPath":"photoPath","isActive":0,"contactType":1,"roles":[{"id":2,"name":"ROLE_ADMIN"}]},{"userId":213,"username":"Tom3@gmail.com","password":"$2a$10$lCq.Iea1zFOt7lFMB1eoQuqQr6tihZB78SnEee1oSfrt107TSge0m","lastName":"Smith","firstName":"Tom3","userType":3,"phone":"5055087707","email":"Tom3@gmail.com","cusUrl":"https://doggywood-veterinary.s3.amazonaws.com/assets/Animals/random_a3.jpg","photoPath":"photoPath","isActive":0,"contactType":1,"roles":[{"id":2,"name":"ROLE_ADMIN"}]},{"userId":214,"username":"Tom4@gmail.com","password":"$2a$10$lCq.Iea1zFOt7lFMB1eoQuqQr6tihZB78SnEee1oSfrt107TSge0m","lastName":"Smith","firstName":"Tom4","userType":0,"phone":"5055087707","email":"Tom4@gmail.com","cusUrl":"https://doggywood-veterinary.s3.amazonaws.com/assets/Animals/random_a4.jpg","photoPath":"photoPath","isActive":0,"contactType":0,"roles":[{"id":2,"name":"ROLE_ADMIN"}]},{"userId":215,"username":"Tom5@gmail.com","password":"$2a$10$lCq.Iea1zFOt7lFMB1eoQuqQr6tihZB78SnEee1oSfrt107TSge0m","lastName":"Smith","firstName":"Tom5","userType":3,"phone":"5055087707","email":"Tom5@gmail.com","cusUrl":"https://doggywood-veterinary.s3.amazonaws.com/assets/Animals/random_a6.jpg","photoPath":"photoPath","isActive":0,"contactType":1,"roles":[{"id":1,"name":"ROLE_USER"}]},{"userId":216,"username":"tom7@gmail.com","password":"$2a$10$lCq.Iea1zFOt7lFMB1eoQuqQr6tihZB78SnEee1oSfrt107TSge0m","lastName":"maestas","firstName":"tom7","userType":4,"phone":"999-999-9999","email":"tom7@gmail.com","cusUrl":"https://doggywood-veterinary.s3.amazonaws.com/assets/Animals/random_a8.jpg","photoPath":"photoPath","isActive":0,"contactType":1,"roles":[{"id":1,"name":"ROLE_USER"}]},{"userId":217,"username":"Tom8@gmail.com","password":"$2a$10$lCq.Iea1zFOt7lFMB1eoQuqQr6tihZB78SnEee1oSfrt107TSge0m","lastName":"Smith","firstName":"Tom8","userType":3,"phone":"5055087707","email":"Tom8@gmail.com","cusUrl":"https://doggywood-veterinary.s3.amazonaws.com/assets/Animals/random_a8.jpg","photoPath":"photoPath","isActive":0,"contactType":1,"roles":[{"id":1,"name":"ROLE_USER"}]},{"userId":218,"username":"thomas.maestas@hotmail.com","password":"$2a$10$I7m.Qj.5UwBlL2uiVQqyI.pyNbVFMpeD/H81OvFxV5BRiz8FHcShy","lastName":"Maestas","firstName":"thomas","userType":0,"phone":"5055087707","email":"thomas.maestas@hotmail.com","cusUrl":"https://doggywood-veterinary.s3.amazonaws.com/assets/Animals/random_a8.jpg","photoPath":"photoPath","isActive":0,"contactType":0,"roles":[{"id":1,"name":"ROLE_USER"}]},{"userId":219,"username":"thomasm1.maestas@gmail.com","password":"$2a$10$I7m.Qj.5UwBlL2uiVQqyI.pyNbVFMpeD/H81OvFxV5BRiz8FHcShy","lastName":"Maestas","firstName":"thomasm1","userType":3,"phone":"5055087707","email":"thomasm1.maestas@gmail.com","cusUrl":"https://doggywood-veterinary.s3.amazonaws.com/assets/Animals/random_a8.jpg","photoPath":"photoPath","isActive":0,"contactType":1,"roles":[{"id":1,"name":"ROLE_USER"}]}]
21:14:57.832 [main] DEBUG com.intuit.karate - request:
2 > GET http://localhost:8080/api/users/211
2 > Host: localhost:8080
2 > Connection: Keep-Alive
2 > User-Agent: Apache-HttpClient/4.5.13 (Java/17.0.9)
2 > Accept-Encoding: gzip,deflate


21:14:57.887 [main] DEBUG com.intuit.karate - response time in milliseconds: 55
2 < 200
2 < Vary: Origin
2 < Vary: Access-Control-Request-Method
2 < Vary: Access-Control-Request-Headers
2 < X-Content-Type-Options: nosniff
2 < X-XSS-Protection: 0
2 < Cache-Control: no-cache, no-store, max-age=0, must-revalidate
2 < Pragma: no-cache
2 < Expires: 0
2 < X-Frame-Options: SAMEORIGIN
2 < Content-Type: application/json
2 < Transfer-Encoding: chunked
2 < Date: Sat, 09 Dec 2023 02:14:57 GMT
2 < Keep-Alive: timeout=60
2 < Connection: keep-alive
{"userId":211,"username":"Tom1@gmail.com","password":"$2a$10$I7m.Qj.5UwBlL2uiVQqyI.pyNbVFMpeD/H81OvFxV5BRiz8FHcShy","lastName":"Smith","firstName":"Tom1","userType":3,"phone":"5055087707","email":"Tom1@gmail.com","cusUrl":"https://doggywood-veterinary.s3.amazonaws.com/assets/Animals/random_a1.jpg","photoPath":"photoPath","isActive":0,"contactType":1,"roles":[{"id":2,"name":"ROLE_ADMIN"}]}
21:14:57.897 [main] INFO  com.intuit.karate - [print] _______________________ID____:user226@gmail.com 
21:14:57.940 [main] DEBUG com.intuit.karate - request:
1 > POST http://localhost:8080/api/users
1 > Content-Type: application/json; charset=UTF-8
1 > Content-Length: 423
1 > Host: localhost:8080
1 > Connection: Keep-Alive
1 > User-Agent: Apache-HttpClient/4.5.13 (Java/17.0.9)
1 > Accept-Encoding: gzip,deflate
{"username":"user226@gmail.com","password":"$2a$10$j\/BATcerSAuRXltl7ee5feXlpmHTJgtaAAhNB.eRxuFz2qjuyv5w6","lastName":"Smith","firstName":"Tom1","userType":3,"phone":"5051231234","email":"user226@gmail.com","cusUrl":"https:\/\/doggywood-veterinary.s3.amazonaws.com\/assets\/Animals\/random_a1.jpg","photoPath":"www.photo-226.fancyPhotos.com\/photos\/226","isActive":0,"contactType":1,"roles":[{"id":2,"name":"ROLE_ADMIN"}]}

21:14:58.189 [main] DEBUG com.intuit.karate - response time in milliseconds: 249
1 < 200
1 < Vary: Origin
1 < Vary: Access-Control-Request-Method
1 < Vary: Access-Control-Request-Headers
1 < Cache-Control: no-store
1 < X-Content-Type-Options: nosniff
1 < X-XSS-Protection: 0
1 < X-Frame-Options: SAMEORIGIN
1 < Content-Length: 0
1 < Date: Sat, 09 Dec 2023 02:14:57 GMT
1 < Keep-Alive: timeout=60
1 < Connection: keep-alive

21:14:58.191 [main] INFO  com.intuit.karate - [print] created id is:  null 
21:14:58.194 [main] INFO  com.intuit.karate - [print] user is:  null 
21:14:58.195 [main] DEBUG com.intuit.karate - request:
2 > GET http://localhost:8080/api/users/null
2 > Host: localhost:8080
2 > Connection: Keep-Alive
2 > User-Agent: Apache-HttpClient/4.5.13 (Java/17.0.9)
2 > Accept-Encoding: gzip,deflate


21:14:58.209 [main] DEBUG com.intuit.karate - response time in milliseconds: 14
2 < 400
2 < Vary: Origin
2 < Vary: Access-Control-Request-Method
2 < Vary: Access-Control-Request-Headers
2 < X-Content-Type-Options: nosniff
2 < X-XSS-Protection: 0
2 < Cache-Control: no-cache, no-store, max-age=0, must-revalidate
2 < Pragma: no-cache
2 < Expires: 0
2 < X-Frame-Options: SAMEORIGIN
2 < Content-Type: application/problem+json
2 < Transfer-Encoding: chunked
2 < Date: Sat, 09 Dec 2023 02:14:57 GMT
2 < Connection: close
{"type":"about:blank","title":"Bad Request","status":400,"detail":"Failed to convert 'null' with value: 'null'","instance":"/api/users/null"}
21:14:58.210 [main] ERROR com.intuit.karate - classpath:karate/users/users.feature:64
Then status 200
status code was: 400, expected: 200, response time in milliseconds: 14, url: http://localhost:8080/api/users/null, response: 
{"type":"about:blank","title":"Bad Request","status":400,"detail":"Failed to convert 'null' with value: 'null'","instance":"/api/users/null"}
classpath:karate/users/users.feature:64
21:14:58.215 [main] INFO  com.intuit.karate - [print] _______________________ID____user14@gmail.com 
21:14:58.217 [main] DEBUG com.intuit.karate - request:
1 > PUT http://localhost:8080/api/users/212
1 > Content-Type: application/json; charset=UTF-8
1 > Content-Length: 420
1 > Host: localhost:8080
1 > Connection: Keep-Alive
1 > User-Agent: Apache-HttpClient/4.5.13 (Java/17.0.9)
1 > Accept-Encoding: gzip,deflate
{"username":"user14@gmail.com","password":"$2a$10$j\/BATcerSAuRXltl7ee5feXlpmHTJgtaAAhNB.eRxuFz2qjuyv5w6","lastName":"Maestas","firstName":"Tom2","userType":3,"phone":"5055087707","email":"user14@gmail.com","cusUrl":"https:\/\/doggywood-veterinary.s3.amazonaws.com\/assets\/Animals\/random_a2.jpg","photoPath":"www.photo-14.fancyPhotos.com\/photos\/14","isActive":0,"contactType":1,"roles":[{"id":1,"name":"ROLE_USER"}]}

21:14:58.336 [main] DEBUG com.intuit.karate - response time in milliseconds: 119
1 < 201
1 < Vary: Origin
1 < Vary: Access-Control-Request-Method
1 < Vary: Access-Control-Request-Headers
1 < X-Content-Type-Options: nosniff
1 < X-XSS-Protection: 0
1 < Cache-Control: no-cache, no-store, max-age=0, must-revalidate
1 < Pragma: no-cache
1 < Expires: 0
1 < X-Frame-Options: SAMEORIGIN
1 < Content-Type: application/json
1 < Transfer-Encoding: chunked
1 < Date: Sat, 09 Dec 2023 02:14:57 GMT
1 < Keep-Alive: timeout=60
1 < Connection: keep-alive
{"userId":212,"username":"user14@gmail.com","password":"$2a$10$lCq.Iea1zFOt7lFMB1eoQuqQr6tihZB78SnEee1oSfrt107TSge0m","lastName":"Maestas","firstName":"Tom2","userType":3,"phone":"5055087707","email":"Tom2@gmail.com","cusUrl":"https://doggywood-veterinary.s3.amazonaws.com/assets/Animals/random_a2.jpg","photoPath":"photoPath","isActive":0,"contactType":1,"roles":[{"id":2,"name":"ROLE_ADMIN"}]}
21:14:58.338 [main] DEBUG c.intuit.karate.core.ScenarioEngine - over-writing existing variable 'photoPath' with new value: resp.photoPath
21:14:58.340 [main] INFO  com.intuit.karate - [print] updated   resp.userId]_________:  212 
21:14:58.340 [main] INFO  com.intuit.karate - [print] updated  email is [STILL]_________:  Tom2@gmail.com 
21:14:58.340 [main] INFO  com.intuit.karate - [print] updated  username is [STILL]_________:  user14@gmail.com 
21:14:58.341 [main] INFO  com.intuit.karate - [print] user is:  212 
21:14:58.342 [main] DEBUG com.intuit.karate - request:
2 > GET http://localhost:8080/api/users/212
2 > Host: localhost:8080
2 > Connection: Keep-Alive
2 > User-Agent: Apache-HttpClient/4.5.13 (Java/17.0.9)
2 > Accept-Encoding: gzip,deflate


21:14:58.398 [main] DEBUG com.intuit.karate - response time in milliseconds: 56
2 < 200
2 < Vary: Origin
2 < Vary: Access-Control-Request-Method
2 < Vary: Access-Control-Request-Headers
2 < X-Content-Type-Options: nosniff
2 < X-XSS-Protection: 0
2 < Cache-Control: no-cache, no-store, max-age=0, must-revalidate
2 < Pragma: no-cache
2 < Expires: 0
2 < X-Frame-Options: SAMEORIGIN
2 < Content-Type: application/json
2 < Transfer-Encoding: chunked
2 < Date: Sat, 09 Dec 2023 02:14:57 GMT
2 < Keep-Alive: timeout=60
2 < Connection: keep-alive
{"userId":212,"username":"user14@gmail.com","password":"$2a$10$lCq.Iea1zFOt7lFMB1eoQuqQr6tihZB78SnEee1oSfrt107TSge0m","lastName":"Maestas","firstName":"Tom2","userType":3,"phone":"5055087707","email":"Tom2@gmail.com","cusUrl":"https://doggywood-veterinary.s3.amazonaws.com/assets/Animals/random_a2.jpg","photoPath":"photoPath","isActive":0,"contactType":1,"roles":[{"id":2,"name":"ROLE_ADMIN"}]}
21:14:58.413 [main] ERROR com.intuit.karate - classpath:karate/users/users.feature:134
And match response contains user
match failed: CONTAINS
  $ | actual does not contain expected | all key-values did not match, expected has un-matched keys - [password, roles] (MAP:MAP)
  {"userId":212,"username":"user14@gmail.com","password":"$2a$10$lCq.Iea1zFOt7lFMB1eoQuqQr6tihZB78SnEee1oSfrt107TSge0m","lastName":"Maestas","firstName":"Tom2","userType":3,"phone":"5055087707","email":"Tom2@gmail.com","cusUrl":"https://doggywood-veterinary.s3.amazonaws.com/assets/Animals/random_a2.jpg","photoPath":"photoPath","isActive":0,"contactType":1,"roles":[{"id":2,"name":"ROLE_ADMIN"}]}
  {"username":"user14@gmail.com","password":"$2a$10$j/BATcerSAuRXltl7ee5feXlpmHTJgtaAAhNB.eRxuFz2qjuyv5w6","lastName":"Maestas","firstName":"Tom2","userType":3,"phone":"5055087707","email":"Tom2@gmail.com","cusUrl":"https://doggywood-veterinary.s3.amazonaws.com/assets/Animals/random_a2.jpg","photoPath":"photoPath","isActive":0,"contactType":1,"roles":[{"id":1,"name":"ROLE_USER"}]}

    $.roles | not equal | array match failed at index 0 (LIST:LIST)
    [{"id":2,"name":"ROLE_ADMIN"}]
    [{"id":1,"name":"ROLE_USER"}]

      $.roles[0] | not equal | match failed for name: 'id' (MAP:MAP)
      {"id":2,"name":"ROLE_ADMIN"}
      {"id":1,"name":"ROLE_USER"}

        $.roles[0].id | not equal (NUMBER:NUMBER)
        2
        1

          $.password | not equal (STRING:STRING)
          '$2a$10$lCq.Iea1zFOt7lFMB1eoQuqQr6tihZB78SnEee1oSfrt107TSge0m'
          '$2a$10$j/BATcerSAuRXltl7ee5feXlpmHTJgtaAAhNB.eRxuFz2qjuyv5w6'

classpath:karate/users/users.feature:134
---------------------------------------------------------
feature: classpath:karate/users/users.feature
scenarios:  3 | passed:  1 | failed:  2 | time: 0.8587
---------------------------------------------------------

21:14:58.526 [main] INFO  com.intuit.karate.Suite - <<fail>> feature 9 of 9 (0 remaining) classpath:karate/users/users.feature
21:14:58.527 [main] DEBUG com.intuit.karate.Suite - waiting for 9 features to complete
Karate version: 1.1.0
======================================================
elapsed:   6.64 | threads:    1 | thread time: 4.00 
features:     6 | skipped:    3 | efficiency: 0.60
scenarios:   21 | passed:    19 | failed: 2
======================================================
>>> failed features:
status code was: 400, expected: 200, response time in milliseconds: 14, url: http://localhost:8080/api/users/null, response: 
{"type":"about:blank","title":"Bad Request","status":400,"detail":"Failed to convert 'null' with value: 'null'","instance":"/api/users/null"}
classpath:karate/users/users.feature:64
match failed: CONTAINS
  $ | actual does not contain expected | all key-values did not match, expected has un-matched keys - [password, roles] (MAP:MAP)
  {"userId":212,"username":"user14@gmail.com","password":"$2a$10$lCq.Iea1zFOt7lFMB1eoQuqQr6tihZB78SnEee1oSfrt107TSge0m","lastName":"Maestas","firstName":"Tom2","userType":3,"phone":"5055087707","email":"Tom2@gmail.com","cusUrl":"https://doggywood-veterinary.s3.amazonaws.com/assets/Animals/random_a2.jpg","photoPath":"photoPath","isActive":0,"contactType":1,"roles":[{"id":2,"name":"ROLE_ADMIN"}]}
  {"username":"user14@gmail.com","password":"$2a$10$j/BATcerSAuRXltl7ee5feXlpmHTJgtaAAhNB.eRxuFz2qjuyv5w6","lastName":"Maestas","firstName":"Tom2","userType":3,"phone":"5055087707","email":"Tom2@gmail.com","cusUrl":"https://doggywood-veterinary.s3.amazonaws.com/assets/Animals/random_a2.jpg","photoPath":"photoPath","isActive":0,"contactType":1,"roles":[{"id":1,"name":"ROLE_USER"}]}

    $.roles | not equal | array match failed at index 0 (LIST:LIST)
    [{"id":2,"name":"ROLE_ADMIN"}]
    [{"id":1,"name":"ROLE_USER"}]

      $.roles[0] | not equal | match failed for name: 'id' (MAP:MAP)
      {"id":2,"name":"ROLE_ADMIN"}
      {"id":1,"name":"ROLE_USER"}

        $.roles[0].id | not equal (NUMBER:NUMBER)
        2
        1

          $.password | not equal (STRING:STRING)
          '$2a$10$lCq.Iea1zFOt7lFMB1eoQuqQr6tihZB78SnEee1oSfrt107TSge0m'
          '$2a$10$j/BATcerSAuRXltl7ee5feXlpmHTJgtaAAhNB.eRxuFz2qjuyv5w6'

classpath:karate/users/users.feature:134
<<<

HTML report: (paste into browser to view) | Karate version: 1.1.0
file:///C:/w/git/www/_groot/mat-api/src/test/java/functional-tests/target/karate-reports/karate-summary.html
===================================================================

]]></system-out>
  </testcase>
</testsuite>